{"/Users/liuquan/fore-end/test/q-utils/src/index.ts": {"path":"/Users/liuquan/fore-end/test/q-utils/src/index.ts","statementMap":{"0":{"start":{"line":11,"column":0},"end":{"line":11,"column":33}},"1":{"start":{"line":34,"column":4},"end":{"line":34,"column":9}},"2":{"start":{"line":12,"column":0},"end":{"line":12,"column":37}},"3":{"start":{"line":35,"column":4},"end":{"line":35,"column":11}},"4":{"start":{"line":13,"column":0},"end":{"line":13,"column":33}},"5":{"start":{"line":36,"column":4},"end":{"line":36,"column":9}},"6":{"start":{"line":14,"column":0},"end":{"line":14,"column":31}},"7":{"start":{"line":37,"column":4},"end":{"line":37,"column":8}},"8":{"start":{"line":15,"column":0},"end":{"line":15,"column":29}},"9":{"start":{"line":38,"column":4},"end":{"line":38,"column":7}},"10":{"start":{"line":16,"column":0},"end":{"line":16,"column":31}},"11":{"start":{"line":39,"column":4},"end":{"line":39,"column":8}},"12":{"start":{"line":17,"column":0},"end":{"line":17,"column":35}},"13":{"start":{"line":40,"column":4},"end":{"line":40,"column":8}},"14":{"start":{"line":18,"column":0},"end":{"line":18,"column":37}},"15":{"start":{"line":41,"column":4},"end":{"line":41,"column":11}},"16":{"start":{"line":19,"column":0},"end":{"line":19,"column":35}},"17":{"start":{"line":42,"column":4},"end":{"line":42,"column":10}},"18":{"start":{"line":20,"column":0},"end":{"line":20,"column":35}},"19":{"start":{"line":43,"column":4},"end":{"line":43,"column":10}},"20":{"start":{"line":21,"column":0},"end":{"line":21,"column":37}},"21":{"start":{"line":44,"column":4},"end":{"line":44,"column":11}},"22":{"start":{"line":22,"column":0},"end":{"line":22,"column":35}},"23":{"start":{"line":45,"column":4},"end":{"line":45,"column":10}},"24":{"start":{"line":23,"column":0},"end":{"line":23,"column":31}},"25":{"start":{"line":46,"column":4},"end":{"line":46,"column":8}},"26":{"start":{"line":24,"column":0},"end":{"line":24,"column":33}},"27":{"start":{"line":47,"column":4},"end":{"line":47,"column":9}},"28":{"start":{"line":25,"column":0},"end":{"line":25,"column":37}},"29":{"start":{"line":48,"column":4},"end":{"line":48,"column":11}},"30":{"start":{"line":26,"column":0},"end":{"line":26,"column":37}},"31":{"start":{"line":49,"column":4},"end":{"line":49,"column":11}},"32":{"start":{"line":27,"column":0},"end":{"line":27,"column":35}},"33":{"start":{"line":50,"column":4},"end":{"line":50,"column":10}},"34":{"start":{"line":28,"column":0},"end":{"line":28,"column":33}},"35":{"start":{"line":51,"column":4},"end":{"line":51,"column":9}},"36":{"start":{"line":29,"column":0},"end":{"line":29,"column":35}},"37":{"start":{"line":52,"column":4},"end":{"line":52,"column":10}},"38":{"start":{"line":30,"column":0},"end":{"line":30,"column":35}},"39":{"start":{"line":53,"column":4},"end":{"line":53,"column":10}},"40":{"start":{"line":57,"column":15},"end":{"line":78,"column":2}},"41":{"start":{"line":81,"column":0},"end":{"line":81,"column":22}}},"fnMap":{},"branchMap":{},"s":{"0":0,"1":0,"2":0,"3":0,"4":0,"5":0,"6":0,"7":0,"8":0,"9":0,"10":0,"11":0,"12":0,"13":0,"14":0,"15":0,"16":0,"17":0,"18":0,"19":0,"20":0,"21":0,"22":0,"23":0,"24":0,"25":0,"26":0,"27":0,"28":0,"29":0,"30":0,"31":0,"32":0,"33":0,"34":0,"35":0,"36":0,"37":0,"38":0,"39":0,"40":0,"41":0},"f":{},"b":{}}
,"/Users/liuquan/fore-end/test/q-utils/src/array/chunk.ts": {"path":"/Users/liuquan/fore-end/test/q-utils/src/array/chunk.ts","statementMap":{"0":{"start":{"line":28,"column":0},"end":{"line":28,"column":16}},"1":{"start":{"line":96,"column":0},"end":{"line":96,"column":16}},"2":{"start":{"line":172,"column":0},"end":{"line":172,"column":16}},"3":{"start":{"line":34,"column":2},"end":{"line":36,"column":3}},"4":{"start":{"line":35,"column":4},"end":{"line":35,"column":14}},"5":{"start":{"line":39,"column":20},"end":{"line":39,"column":49}},"6":{"start":{"line":42,"column":2},"end":{"line":44,"column":3}},"7":{"start":{"line":43,"column":4},"end":{"line":43,"column":27}},"8":{"start":{"line":46,"column":30},"end":{"line":46,"column":32}},"9":{"start":{"line":49,"column":22},"end":{"line":49,"column":57}},"10":{"start":{"line":51,"column":2},"end":{"line":64,"column":3}},"11":{"start":{"line":51,"column":15},"end":{"line":51,"column":16}},"12":{"start":{"line":52,"column":18},"end":{"line":52,"column":31}},"13":{"start":{"line":53,"column":16},"end":{"line":53,"column":33}},"14":{"start":{"line":54,"column":18},"end":{"line":54,"column":41}},"15":{"start":{"line":57,"column":4},"end":{"line":63,"column":5}},"16":{"start":{"line":58,"column":27},"end":{"line":58,"column":51}},"17":{"start":{"line":59,"column":22},"end":{"line":59,"column":63}},"18":{"start":{"line":60,"column":6},"end":{"line":60,"column":42}},"19":{"start":{"line":62,"column":6},"end":{"line":62,"column":25}},"20":{"start":{"line":66,"column":2},"end":{"line":66,"column":16}},"21":{"start":{"line":102,"column":2},"end":{"line":104,"column":3}},"22":{"start":{"line":103,"column":4},"end":{"line":103,"column":14}},"23":{"start":{"line":107,"column":21},"end":{"line":107,"column":50}},"24":{"start":{"line":110,"column":2},"end":{"line":123,"column":3}},"25":{"start":{"line":112,"column":21},"end":{"line":112,"column":58}},"26":{"start":{"line":114,"column":26},"end":{"line":114,"column":28}},"27":{"start":{"line":115,"column":4},"end":{"line":117,"column":5}},"28":{"start":{"line":115,"column":17},"end":{"line":115,"column":18}},"29":{"start":{"line":116,"column":6},"end":{"line":116,"column":65}},"30":{"start":{"line":120,"column":4},"end":{"line":120,"column":58}},"31":{"start":{"line":122,"column":4},"end":{"line":122,"column":18}},"32":{"start":{"line":127,"column":27},"end":{"line":127,"column":64}},"33":{"start":{"line":130,"column":25},"end":{"line":130,"column":50}},"34":{"start":{"line":132,"column":24},"end":{"line":132,"column":26}},"35":{"start":{"line":133,"column":21},"end":{"line":133,"column":22}},"36":{"start":{"line":135,"column":2},"end":{"line":143,"column":3}},"37":{"start":{"line":135,"column":15},"end":{"line":135,"column":16}},"38":{"start":{"line":137,"column":29},"end":{"line":139,"column":24}},"39":{"start":{"line":141,"column":4},"end":{"line":141,"column":76}},"40":{"start":{"line":142,"column":4},"end":{"line":142,"column":37}},"41":{"start":{"line":145,"column":2},"end":{"line":145,"column":16}},"42":{"start":{"line":176,"column":2},"end":{"line":178,"column":3}},"43":{"start":{"line":177,"column":4},"end":{"line":177,"column":32}},"44":{"start":{"line":180,"column":2},"end":{"line":191,"column":27}},"45":{"start":{"line":181,"column":16},"end":{"line":183,"column":37}},"46":{"start":{"line":185,"column":4},"end":{"line":187,"column":5}},"47":{"start":{"line":186,"column":6},"end":{"line":186,"column":23}},"48":{"start":{"line":189,"column":4},"end":{"line":189,"column":27}},"49":{"start":{"line":190,"column":4},"end":{"line":190,"column":18}}},"fnMap":{"0":{"name":"chunk","decl":{"start":{"line":28,"column":16},"end":{"line":28,"column":21}},"loc":{"start":{"line":31,"column":27},"end":{"line":67,"column":1}}},"1":{"name":"splitIntoGroups","decl":{"start":{"line":96,"column":16},"end":{"line":96,"column":31}},"loc":{"start":{"line":99,"column":54},"end":{"line":146,"column":1}}},"2":{"name":"groupBy","decl":{"start":{"line":172,"column":16},"end":{"line":172,"column":23}},"loc":{"start":{"line":174,"column":37},"end":{"line":192,"column":1}}},"3":{"name":"(anonymous_3)","decl":{"start":{"line":180,"column":22},"end":{"line":180,"column":23}},"loc":{"start":{"line":180,"column":39},"end":{"line":191,"column":3}}}},"branchMap":{"0":{"loc":{"start":{"line":30,"column":2},"end":{"line":30,"column":18}},"type":"default-arg","locations":[{"start":{"line":30,"column":17},"end":{"line":30,"column":18}}]},"1":{"loc":{"start":{"line":34,"column":2},"end":{"line":36,"column":3}},"type":"if","locations":[{"start":{"line":34,"column":2},"end":{"line":36,"column":3}}]},"2":{"loc":{"start":{"line":34,"column":6},"end":{"line":34,"column":49}},"type":"binary-expr","locations":[{"start":{"line":34,"column":6},"end":{"line":34,"column":27}},{"start":{"line":34,"column":31},"end":{"line":34,"column":49}}]},"3":{"loc":{"start":{"line":42,"column":2},"end":{"line":44,"column":3}},"type":"if","locations":[{"start":{"line":42,"column":2},"end":{"line":44,"column":3}}]},"4":{"loc":{"start":{"line":57,"column":4},"end":{"line":63,"column":5}},"type":"if","locations":[{"start":{"line":57,"column":4},"end":{"line":63,"column":5}},{"start":{"line":61,"column":11},"end":{"line":63,"column":5}}]},"5":{"loc":{"start":{"line":57,"column":8},"end":{"line":57,"column":91}},"type":"binary-expr","locations":[{"start":{"line":57,"column":8},"end":{"line":57,"column":38}},{"start":{"line":57,"column":42},"end":{"line":57,"column":63}},{"start":{"line":57,"column":67},"end":{"line":57,"column":91}}]},"6":{"loc":{"start":{"line":57,"column":8},"end":{"line":57,"column":24}},"type":"cond-expr","locations":[{"start":{"line":57,"column":15},"end":{"line":57,"column":17}},{"start":{"line":57,"column":8},"end":{"line":57,"column":24}}]},"7":{"loc":{"start":{"line":57,"column":8},"end":{"line":57,"column":17}},"type":"binary-expr","locations":[{"start":{"line":57,"column":8},"end":{"line":57,"column":17}},{"start":{"line":57,"column":8},"end":{"line":57,"column":17}}]},"8":{"loc":{"start":{"line":99,"column":2},"end":{"line":99,"column":54}},"type":"default-arg","locations":[{"start":{"line":99,"column":36},"end":{"line":99,"column":54}}]},"9":{"loc":{"start":{"line":102,"column":2},"end":{"line":104,"column":3}},"type":"if","locations":[{"start":{"line":102,"column":2},"end":{"line":104,"column":3}}]},"10":{"loc":{"start":{"line":102,"column":6},"end":{"line":102,"column":63}},"type":"binary-expr","locations":[{"start":{"line":102,"column":6},"end":{"line":102,"column":27}},{"start":{"line":102,"column":31},"end":{"line":102,"column":49}},{"start":{"line":102,"column":53},"end":{"line":102,"column":63}}]},"11":{"loc":{"start":{"line":110,"column":2},"end":{"line":123,"column":3}},"type":"if","locations":[{"start":{"line":110,"column":2},"end":{"line":123,"column":3}}]},"12":{"loc":{"start":{"line":137,"column":29},"end":{"line":139,"column":24}},"type":"cond-expr","locations":[{"start":{"line":138,"column":8},"end":{"line":138,"column":28}},{"start":{"line":139,"column":8},"end":{"line":139,"column":24}}]},"13":{"loc":{"start":{"line":176,"column":2},"end":{"line":178,"column":3}},"type":"if","locations":[{"start":{"line":176,"column":2},"end":{"line":178,"column":3}}]},"14":{"loc":{"start":{"line":176,"column":6},"end":{"line":176,"column":49}},"type":"binary-expr","locations":[{"start":{"line":176,"column":6},"end":{"line":176,"column":27}},{"start":{"line":176,"column":31},"end":{"line":176,"column":49}}]},"15":{"loc":{"start":{"line":181,"column":16},"end":{"line":183,"column":37}},"type":"cond-expr","locations":[{"start":{"line":182,"column":8},"end":{"line":182,"column":21}},{"start":{"line":183,"column":8},"end":{"line":183,"column":37}}]},"16":{"loc":{"start":{"line":185,"column":4},"end":{"line":187,"column":5}},"type":"if","locations":[{"start":{"line":185,"column":4},"end":{"line":187,"column":5}}]}},"s":{"0":0,"1":0,"2":0,"3":0,"4":0,"5":0,"6":0,"7":0,"8":0,"9":0,"10":0,"11":0,"12":0,"13":0,"14":0,"15":0,"16":0,"17":0,"18":0,"19":0,"20":0,"21":0,"22":0,"23":0,"24":0,"25":0,"26":0,"27":0,"28":0,"29":0,"30":0,"31":0,"32":0,"33":0,"34":0,"35":0,"36":0,"37":0,"38":0,"39":0,"40":0,"41":0,"42":0,"43":0,"44":0,"45":0,"46":0,"47":0,"48":0,"49":0},"f":{"0":0,"1":0,"2":0,"3":0},"b":{"0":[0],"1":[0],"2":[0,0],"3":[0],"4":[0,0],"5":[0,0,0],"6":[0,0],"7":[0,0],"8":[0],"9":[0],"10":[0,0,0],"11":[0],"12":[0,0],"13":[0],"14":[0,0],"15":[0,0],"16":[0]}}
,"/Users/liuquan/fore-end/test/q-utils/src/array/difference.ts": {"path":"/Users/liuquan/fore-end/test/q-utils/src/array/difference.ts","statementMap":{"0":{"start":{"line":27,"column":0},"end":{"line":27,"column":16}},"1":{"start":{"line":28,"column":2},"end":{"line":30,"column":3}},"2":{"start":{"line":29,"column":4},"end":{"line":29,"column":14}},"3":{"start":{"line":32,"column":2},"end":{"line":34,"column":3}},"4":{"start":{"line":33,"column":4},"end":{"line":33,"column":25}},"5":{"start":{"line":37,"column":18},"end":{"line":37,"column":43}},"6":{"start":{"line":38,"column":28},"end":{"line":38,"column":57}},"7":{"start":{"line":41,"column":21},"end":{"line":41,"column":87}},"8":{"start":{"line":44,"column":26},"end":{"line":44,"column":92}},"9":{"start":{"line":47,"column":2},"end":{"line":53,"column":3}},"10":{"start":{"line":48,"column":4},"end":{"line":52,"column":6}},"11":{"start":{"line":49,"column":6},"end":{"line":50,"column":null}},"12":{"start":{"line":50,"column":8},"end":{"line":50,"column":71}},"13":{"start":{"line":50,"column":43},"end":{"line":50,"column":70}},"14":{"start":{"line":57,"column":21},"end":{"line":57,"column":33}},"15":{"start":{"line":58,"column":2},"end":{"line":60,"column":5}},"16":{"start":{"line":59,"column":4},"end":{"line":59,"column":53}},"17":{"start":{"line":59,"column":31},"end":{"line":59,"column":51}},"18":{"start":{"line":62,"column":2},"end":{"line":62,"column":53}},"19":{"start":{"line":62,"column":30},"end":{"line":62,"column":51}}},"fnMap":{"0":{"name":"difference","decl":{"start":{"line":27,"column":16},"end":{"line":27,"column":26}},"loc":{"start":{"line":27,"column":58},"end":{"line":63,"column":1}}},"1":{"name":"(anonymous_1)","decl":{"start":{"line":48,"column":24},"end":{"line":48,"column":25}},"loc":{"start":{"line":49,"column":6},"end":{"line":50,"column":null}}},"2":{"name":"(anonymous_2)","decl":{"start":{"line":49,"column":28},"end":{"line":49,"column":38}},"loc":{"start":{"line":50,"column":8},"end":{"line":50,"column":71}}},"3":{"name":"(anonymous_3)","decl":{"start":{"line":50,"column":25},"end":{"line":50,"column":26}},"loc":{"start":{"line":50,"column":43},"end":{"line":50,"column":70}}},"4":{"name":"(anonymous_4)","decl":{"start":{"line":58,"column":26},"end":{"line":58,"column":36}},"loc":{"start":{"line":58,"column":39},"end":{"line":60,"column":3}}},"5":{"name":"(anonymous_5)","decl":{"start":{"line":59,"column":23},"end":{"line":59,"column":27}},"loc":{"start":{"line":59,"column":31},"end":{"line":59,"column":51}}},"6":{"name":"(anonymous_6)","decl":{"start":{"line":62,"column":22},"end":{"line":62,"column":26}},"loc":{"start":{"line":62,"column":30},"end":{"line":62,"column":51}}}},"branchMap":{"0":{"loc":{"start":{"line":28,"column":2},"end":{"line":30,"column":3}},"type":"if","locations":[{"start":{"line":28,"column":2},"end":{"line":30,"column":3}}]},"1":{"loc":{"start":{"line":28,"column":6},"end":{"line":28,"column":37}},"type":"binary-expr","locations":[{"start":{"line":28,"column":6},"end":{"line":28,"column":12}},{"start":{"line":28,"column":16},"end":{"line":28,"column":37}}]},"2":{"loc":{"start":{"line":32,"column":2},"end":{"line":34,"column":3}},"type":"if","locations":[{"start":{"line":32,"column":2},"end":{"line":34,"column":3}}]},"3":{"loc":{"start":{"line":41,"column":21},"end":{"line":41,"column":87}},"type":"cond-expr","locations":[{"start":{"line":41,"column":41},"end":{"line":41,"column":75}},{"start":{"line":41,"column":78},"end":{"line":41,"column":87}}]},"4":{"loc":{"start":{"line":44,"column":26},"end":{"line":44,"column":92}},"type":"cond-expr","locations":[{"start":{"line":44,"column":46},"end":{"line":44,"column":74}},{"start":{"line":44,"column":77},"end":{"line":44,"column":92}}]},"5":{"loc":{"start":{"line":47,"column":2},"end":{"line":53,"column":3}},"type":"if","locations":[{"start":{"line":47,"column":2},"end":{"line":53,"column":3}}]}},"s":{"0":0,"1":0,"2":0,"3":0,"4":0,"5":0,"6":0,"7":0,"8":0,"9":0,"10":0,"11":0,"12":0,"13":0,"14":0,"15":0,"16":0,"17":0,"18":0,"19":0},"f":{"0":0,"1":0,"2":0,"3":0,"4":0,"5":0,"6":0},"b":{"0":[0],"1":[0,0],"2":[0],"3":[0,0],"4":[0,0],"5":[0]}}
,"/Users/liuquan/fore-end/test/q-utils/src/array/flatten.ts": {"path":"/Users/liuquan/fore-end/test/q-utils/src/array/flatten.ts","statementMap":{"0":{"start":{"line":12,"column":0},"end":{"line":12,"column":16}},"1":{"start":{"line":54,"column":0},"end":{"line":54,"column":16}},"2":{"start":{"line":13,"column":2},"end":{"line":15,"column":3}},"3":{"start":{"line":14,"column":4},"end":{"line":14,"column":14}},"4":{"start":{"line":17,"column":2},"end":{"line":19,"column":3}},"5":{"start":{"line":18,"column":4},"end":{"line":18,"column":25}},"6":{"start":{"line":22,"column":2},"end":{"line":24,"column":3}},"7":{"start":{"line":23,"column":4},"end":{"line":23,"column":29}},"8":{"start":{"line":27,"column":2},"end":{"line":34,"column":16}},"9":{"start":{"line":28,"column":4},"end":{"line":32,"column":5}},"10":{"start":{"line":29,"column":6},"end":{"line":29,"column":43}},"11":{"start":{"line":31,"column":6},"end":{"line":31,"column":20}},"12":{"start":{"line":33,"column":4},"end":{"line":33,"column":15}},"13":{"start":{"line":61,"column":2},"end":{"line":63,"column":3}},"14":{"start":{"line":62,"column":4},"end":{"line":62,"column":14}},"15":{"start":{"line":65,"column":48},"end":{"line":65,"column":52}},"16":{"start":{"line":66,"column":22},"end":{"line":66,"column":24}},"17":{"start":{"line":69,"column":4},"end":{"line":86,"column":5}},"18":{"start":{"line":71,"column":16},"end":{"line":71,"column":30}},"19":{"start":{"line":73,"column":23},"end":{"line":73,"column":59}},"20":{"start":{"line":76,"column":6},"end":{"line":78,"column":7}},"21":{"start":{"line":77,"column":8},"end":{"line":77,"column":33}},"22":{"start":{"line":80,"column":6},"end":{"line":80,"column":24}},"23":{"start":{"line":83,"column":6},"end":{"line":85,"column":7}},"24":{"start":{"line":84,"column":8},"end":{"line":84,"column":27}},"25":{"start":{"line":89,"column":2},"end":{"line":89,"column":18}},"26":{"start":{"line":90,"column":2},"end":{"line":90,"column":16}}},"fnMap":{"0":{"name":"flatten","decl":{"start":{"line":12,"column":16},"end":{"line":12,"column":23}},"loc":{"start":{"line":12,"column":65},"end":{"line":35,"column":1}}},"1":{"name":"(anonymous_1)","decl":{"start":{"line":27,"column":22},"end":{"line":27,"column":23}},"loc":{"start":{"line":27,"column":35},"end":{"line":34,"column":3}}},"2":{"name":"flattenTree","decl":{"start":{"line":54,"column":16},"end":{"line":54,"column":27}},"loc":{"start":{"line":59,"column":3},"end":{"line":91,"column":1}}},"3":{"name":"traverse","decl":{"start":{"line":68,"column":11},"end":{"line":68,"column":19}},"loc":{"start":{"line":68,"column":30},"end":{"line":87,"column":3}}}},"branchMap":{"0":{"loc":{"start":{"line":12,"column":41},"end":{"line":12,"column":65}},"type":"default-arg","locations":[{"start":{"line":12,"column":57},"end":{"line":12,"column":65}}]},"1":{"loc":{"start":{"line":13,"column":2},"end":{"line":15,"column":3}},"type":"if","locations":[{"start":{"line":13,"column":2},"end":{"line":15,"column":3}}]},"2":{"loc":{"start":{"line":17,"column":2},"end":{"line":19,"column":3}},"type":"if","locations":[{"start":{"line":17,"column":2},"end":{"line":19,"column":3}}]},"3":{"loc":{"start":{"line":22,"column":2},"end":{"line":24,"column":3}},"type":"if","locations":[{"start":{"line":22,"column":2},"end":{"line":24,"column":3}}]},"4":{"loc":{"start":{"line":28,"column":4},"end":{"line":32,"column":5}},"type":"if","locations":[{"start":{"line":28,"column":4},"end":{"line":32,"column":5}},{"start":{"line":30,"column":11},"end":{"line":32,"column":5}}]},"5":{"loc":{"start":{"line":28,"column":8},"end":{"line":28,"column":39}},"type":"binary-expr","locations":[{"start":{"line":28,"column":8},"end":{"line":28,"column":26}},{"start":{"line":28,"column":30},"end":{"line":28,"column":39}}]},"6":{"loc":{"start":{"line":61,"column":2},"end":{"line":63,"column":3}},"type":"if","locations":[{"start":{"line":61,"column":2},"end":{"line":63,"column":3}}]},"7":{"loc":{"start":{"line":61,"column":6},"end":{"line":61,"column":49}},"type":"binary-expr","locations":[{"start":{"line":61,"column":6},"end":{"line":61,"column":27}},{"start":{"line":61,"column":31},"end":{"line":61,"column":49}}]},"8":{"loc":{"start":{"line":65,"column":23},"end":{"line":65,"column":43}},"type":"default-arg","locations":[{"start":{"line":65,"column":38},"end":{"line":65,"column":43}}]},"9":{"loc":{"start":{"line":76,"column":6},"end":{"line":78,"column":7}},"type":"if","locations":[{"start":{"line":76,"column":6},"end":{"line":78,"column":7}}]},"10":{"loc":{"start":{"line":76,"column":10},"end":{"line":76,"column":35}},"type":"binary-expr","locations":[{"start":{"line":76,"column":10},"end":{"line":76,"column":23}},{"start":{"line":76,"column":27},"end":{"line":76,"column":35}}]},"11":{"loc":{"start":{"line":83,"column":6},"end":{"line":85,"column":7}},"type":"if","locations":[{"start":{"line":83,"column":6},"end":{"line":85,"column":7}}]},"12":{"loc":{"start":{"line":83,"column":10},"end":{"line":83,"column":56}},"type":"binary-expr","locations":[{"start":{"line":83,"column":10},"end":{"line":83,"column":33}},{"start":{"line":83,"column":37},"end":{"line":83,"column":56}}]}},"s":{"0":0,"1":0,"2":0,"3":0,"4":0,"5":0,"6":0,"7":0,"8":0,"9":0,"10":0,"11":0,"12":0,"13":0,"14":0,"15":0,"16":0,"17":0,"18":0,"19":0,"20":0,"21":0,"22":0,"23":0,"24":0,"25":0,"26":0},"f":{"0":0,"1":0,"2":0,"3":0},"b":{"0":[0],"1":[0],"2":[0],"3":[0],"4":[0,0],"5":[0,0],"6":[0],"7":[0,0],"8":[0],"9":[0],"10":[0,0],"11":[0],"12":[0,0]}}
,"/Users/liuquan/fore-end/test/q-utils/src/array/groupBy.ts": {"path":"/Users/liuquan/fore-end/test/q-utils/src/array/groupBy.ts","statementMap":{"0":{"start":{"line":31,"column":0},"end":{"line":31,"column":16}},"1":{"start":{"line":35,"column":17},"end":{"line":35,"column":37}},"2":{"start":{"line":37,"column":2},"end":{"line":39,"column":3}},"3":{"start":{"line":38,"column":4},"end":{"line":38,"column":18}},"4":{"start":{"line":41,"column":2},"end":{"line":58,"column":5}},"5":{"start":{"line":44,"column":4},"end":{"line":48,"column":5}},"6":{"start":{"line":45,"column":6},"end":{"line":45,"column":49}},"7":{"start":{"line":47,"column":6},"end":{"line":47,"column":38}},"8":{"start":{"line":51,"column":20},"end":{"line":51,"column":47}},"9":{"start":{"line":53,"column":4},"end":{"line":55,"column":5}},"10":{"start":{"line":54,"column":6},"end":{"line":54,"column":27}},"11":{"start":{"line":57,"column":4},"end":{"line":57,"column":31}},"12":{"start":{"line":60,"column":2},"end":{"line":60,"column":16}}},"fnMap":{"0":{"name":"groupBy","decl":{"start":{"line":31,"column":16},"end":{"line":31,"column":23}},"loc":{"start":{"line":33,"column":38},"end":{"line":61,"column":1}}},"1":{"name":"(anonymous_1)","decl":{"start":{"line":41,"column":16},"end":{"line":41,"column":20}},"loc":{"start":{"line":41,"column":23},"end":{"line":58,"column":3}}}},"branchMap":{"0":{"loc":{"start":{"line":37,"column":2},"end":{"line":39,"column":3}},"type":"if","locations":[{"start":{"line":37,"column":2},"end":{"line":39,"column":3}}]},"1":{"loc":{"start":{"line":37,"column":6},"end":{"line":37,"column":59}},"type":"binary-expr","locations":[{"start":{"line":37,"column":6},"end":{"line":37,"column":12}},{"start":{"line":37,"column":16},"end":{"line":37,"column":37}},{"start":{"line":37,"column":41},"end":{"line":37,"column":59}}]},"2":{"loc":{"start":{"line":44,"column":4},"end":{"line":48,"column":5}},"type":"if","locations":[{"start":{"line":44,"column":4},"end":{"line":48,"column":5}},{"start":{"line":46,"column":11},"end":{"line":48,"column":5}}]},"3":{"loc":{"start":{"line":53,"column":4},"end":{"line":55,"column":5}},"type":"if","locations":[{"start":{"line":53,"column":4},"end":{"line":55,"column":5}}]}},"s":{"0":0,"1":0,"2":0,"3":0,"4":0,"5":0,"6":0,"7":0,"8":0,"9":0,"10":0,"11":0,"12":0},"f":{"0":0,"1":0},"b":{"0":[0],"1":[0,0,0],"2":[0,0],"3":[0]}}
,"/Users/liuquan/fore-end/test/q-utils/src/array/intersection.ts": {"path":"/Users/liuquan/fore-end/test/q-utils/src/array/intersection.ts","statementMap":{"0":{"start":{"line":24,"column":0},"end":{"line":24,"column":16}},"1":{"start":{"line":25,"column":2},"end":{"line":27,"column":3}},"2":{"start":{"line":26,"column":4},"end":{"line":26,"column":14}},"3":{"start":{"line":30,"column":18},"end":{"line":30,"column":43}},"4":{"start":{"line":31,"column":28},"end":{"line":31,"column":57}},"5":{"start":{"line":34,"column":21},"end":{"line":34,"column":87}},"6":{"start":{"line":37,"column":28},"end":{"line":37,"column":94}},"7":{"start":{"line":39,"column":2},"end":{"line":41,"column":3}},"8":{"start":{"line":40,"column":4},"end":{"line":40,"column":14}},"9":{"start":{"line":44,"column":27},"end":{"line":44,"column":44}},"10":{"start":{"line":47,"column":2},"end":{"line":53,"column":3}},"11":{"start":{"line":48,"column":4},"end":{"line":52,"column":6}},"12":{"start":{"line":49,"column":6},"end":{"line":50,"column":null}},"13":{"start":{"line":50,"column":8},"end":{"line":50,"column":65}},"14":{"start":{"line":50,"column":37},"end":{"line":50,"column":64}},"15":{"start":{"line":56,"column":2},"end":{"line":58,"column":4}},"16":{"start":{"line":57,"column":4},"end":{"line":57,"column":45}},"17":{"start":{"line":57,"column":24},"end":{"line":57,"column":44}}},"fnMap":{"0":{"name":"intersection","decl":{"start":{"line":24,"column":16},"end":{"line":24,"column":28}},"loc":{"start":{"line":24,"column":48},"end":{"line":59,"column":1}}},"1":{"name":"(anonymous_1)","decl":{"start":{"line":48,"column":24},"end":{"line":48,"column":25}},"loc":{"start":{"line":49,"column":6},"end":{"line":50,"column":null}}},"2":{"name":"(anonymous_2)","decl":{"start":{"line":49,"column":17},"end":{"line":49,"column":22}},"loc":{"start":{"line":50,"column":8},"end":{"line":50,"column":65}}},"3":{"name":"(anonymous_3)","decl":{"start":{"line":50,"column":19},"end":{"line":50,"column":20}},"loc":{"start":{"line":50,"column":37},"end":{"line":50,"column":64}}},"4":{"name":"(anonymous_4)","decl":{"start":{"line":56,"column":22},"end":{"line":56,"column":23}},"loc":{"start":{"line":57,"column":4},"end":{"line":57,"column":45}}},"5":{"name":"(anonymous_5)","decl":{"start":{"line":57,"column":15},"end":{"line":57,"column":20}},"loc":{"start":{"line":57,"column":24},"end":{"line":57,"column":44}}}},"branchMap":{"0":{"loc":{"start":{"line":25,"column":2},"end":{"line":27,"column":3}},"type":"if","locations":[{"start":{"line":25,"column":2},"end":{"line":27,"column":3}}]},"1":{"loc":{"start":{"line":34,"column":21},"end":{"line":34,"column":87}},"type":"cond-expr","locations":[{"start":{"line":34,"column":41},"end":{"line":34,"column":75}},{"start":{"line":34,"column":78},"end":{"line":34,"column":87}}]},"2":{"loc":{"start":{"line":37,"column":28},"end":{"line":37,"column":94}},"type":"cond-expr","locations":[{"start":{"line":37,"column":48},"end":{"line":37,"column":76}},{"start":{"line":37,"column":79},"end":{"line":37,"column":94}}]},"3":{"loc":{"start":{"line":39,"column":2},"end":{"line":41,"column":3}},"type":"if","locations":[{"start":{"line":39,"column":2},"end":{"line":41,"column":3}}]},"4":{"loc":{"start":{"line":47,"column":2},"end":{"line":53,"column":3}},"type":"if","locations":[{"start":{"line":47,"column":2},"end":{"line":53,"column":3}}]}},"s":{"0":0,"1":0,"2":0,"3":0,"4":0,"5":0,"6":0,"7":0,"8":0,"9":0,"10":0,"11":0,"12":0,"13":0,"14":0,"15":0,"16":0,"17":0},"f":{"0":0,"1":0,"2":0,"3":0,"4":0,"5":0},"b":{"0":[0],"1":[0,0],"2":[0,0],"3":[0],"4":[0]}}
,"/Users/liuquan/fore-end/test/q-utils/src/array/shuffle.ts": {"path":"/Users/liuquan/fore-end/test/q-utils/src/array/shuffle.ts","statementMap":{"0":{"start":{"line":10,"column":0},"end":{"line":10,"column":16}},"1":{"start":{"line":41,"column":0},"end":{"line":41,"column":16}},"2":{"start":{"line":65,"column":0},"end":{"line":65,"column":16}},"3":{"start":{"line":11,"column":2},"end":{"line":13,"column":3}},"4":{"start":{"line":12,"column":4},"end":{"line":12,"column":14}},"5":{"start":{"line":15,"column":17},"end":{"line":15,"column":27}},"6":{"start":{"line":16,"column":21},"end":{"line":16,"column":34}},"7":{"start":{"line":19,"column":2},"end":{"line":26,"column":3}},"8":{"start":{"line":21,"column":24},"end":{"line":21,"column":64}},"9":{"start":{"line":22,"column":4},"end":{"line":22,"column":19}},"10":{"start":{"line":25,"column":4},"end":{"line":25,"column":94}},"11":{"start":{"line":28,"column":2},"end":{"line":28,"column":16}},"12":{"start":{"line":42,"column":2},"end":{"line":44,"column":3}},"13":{"start":{"line":43,"column":4},"end":{"line":43,"column":14}},"14":{"start":{"line":47,"column":2},"end":{"line":47,"column":32}},"15":{"start":{"line":50,"column":19},"end":{"line":50,"column":33}},"16":{"start":{"line":53,"column":2},"end":{"line":53,"column":30}},"17":{"start":{"line":66,"column":2},"end":{"line":68,"column":3}},"18":{"start":{"line":67,"column":4},"end":{"line":67,"column":21}},"19":{"start":{"line":70,"column":16},"end":{"line":70,"column":56}},"20":{"start":{"line":71,"column":2},"end":{"line":71,"column":22}}},"fnMap":{"0":{"name":"shuffle","decl":{"start":{"line":10,"column":16},"end":{"line":10,"column":23}},"loc":{"start":{"line":10,"column":37},"end":{"line":29,"column":1}}},"1":{"name":"sample","decl":{"start":{"line":41,"column":16},"end":{"line":41,"column":22}},"loc":{"start":{"line":41,"column":51},"end":{"line":54,"column":1}}},"2":{"name":"sampleOne","decl":{"start":{"line":65,"column":16},"end":{"line":65,"column":25}},"loc":{"start":{"line":65,"column":39},"end":{"line":72,"column":1}}}},"branchMap":{"0":{"loc":{"start":{"line":11,"column":2},"end":{"line":13,"column":3}},"type":"if","locations":[{"start":{"line":11,"column":2},"end":{"line":13,"column":3}}]},"1":{"loc":{"start":{"line":41,"column":38},"end":{"line":41,"column":51}},"type":"default-arg","locations":[{"start":{"line":41,"column":50},"end":{"line":41,"column":51}}]},"2":{"loc":{"start":{"line":42,"column":2},"end":{"line":44,"column":3}},"type":"if","locations":[{"start":{"line":42,"column":2},"end":{"line":44,"column":3}}]},"3":{"loc":{"start":{"line":42,"column":6},"end":{"line":42,"column":59}},"type":"binary-expr","locations":[{"start":{"line":42,"column":6},"end":{"line":42,"column":27}},{"start":{"line":42,"column":31},"end":{"line":42,"column":49}},{"start":{"line":42,"column":53},"end":{"line":42,"column":59}}]},"4":{"loc":{"start":{"line":66,"column":2},"end":{"line":68,"column":3}},"type":"if","locations":[{"start":{"line":66,"column":2},"end":{"line":68,"column":3}}]},"5":{"loc":{"start":{"line":66,"column":6},"end":{"line":66,"column":49}},"type":"binary-expr","locations":[{"start":{"line":66,"column":6},"end":{"line":66,"column":27}},{"start":{"line":66,"column":31},"end":{"line":66,"column":49}}]}},"s":{"0":0,"1":0,"2":0,"3":0,"4":0,"5":0,"6":0,"7":0,"8":0,"9":0,"10":0,"11":0,"12":0,"13":0,"14":0,"15":0,"16":0,"17":0,"18":0,"19":0,"20":0},"f":{"0":0,"1":0,"2":0},"b":{"0":[0],"1":[0],"2":[0],"3":[0,0,0],"4":[0],"5":[0,0]}}
,"/Users/liuquan/fore-end/test/q-utils/src/array/sortBy.ts": {"path":"/Users/liuquan/fore-end/test/q-utils/src/array/sortBy.ts","statementMap":{"0":{"start":{"line":80,"column":0},"end":{"line":80,"column":16}},"1":{"start":{"line":163,"column":0},"end":{"line":163,"column":16}},"2":{"start":{"line":85,"column":2},"end":{"line":87,"column":3}},"3":{"start":{"line":86,"column":4},"end":{"line":86,"column":38}},"4":{"start":{"line":89,"column":17},"end":{"line":89,"column":30}},"5":{"start":{"line":90,"column":28},"end":{"line":90,"column":35}},"6":{"start":{"line":91,"column":33},"end":{"line":91,"column":57}},"7":{"start":{"line":94,"column":2},"end":{"line":99,"column":3}},"8":{"start":{"line":95,"column":4},"end":{"line":98,"column":7}},"9":{"start":{"line":96,"column":28},"end":{"line":96,"column":43}},"10":{"start":{"line":97,"column":6},"end":{"line":97,"column":62}},"11":{"start":{"line":102,"column":24},"end":{"line":102,"column":74}},"12":{"start":{"line":104,"column":2},"end":{"line":137,"column":5}},"13":{"start":{"line":105,"column":4},"end":{"line":134,"column":5}},"14":{"start":{"line":106,"column":76},"end":{"line":106,"column":98}},"15":{"start":{"line":109,"column":6},"end":{"line":116,"column":7}},"16":{"start":{"line":111,"column":8},"end":{"line":111,"column":35}},"17":{"start":{"line":112,"column":8},"end":{"line":112,"column":61}},"18":{"start":{"line":115,"column":8},"end":{"line":115,"column":42}},"19":{"start":{"line":119,"column":6},"end":{"line":119,"column":30}},"20":{"start":{"line":120,"column":6},"end":{"line":120,"column":30}},"21":{"start":{"line":123,"column":6},"end":{"line":123,"column":38}},"22":{"start":{"line":123,"column":29},"end":{"line":123,"column":38}},"23":{"start":{"line":124,"column":6},"end":{"line":124,"column":78}},"24":{"start":{"line":124,"column":51},"end":{"line":124,"column":78}},"25":{"start":{"line":125,"column":6},"end":{"line":125,"column":79}},"26":{"start":{"line":125,"column":51},"end":{"line":125,"column":79}},"27":{"start":{"line":128,"column":6},"end":{"line":130,"column":7}},"28":{"start":{"line":129,"column":8},"end":{"line":129,"column":62}},"29":{"start":{"line":133,"column":6},"end":{"line":133,"column":58}},"30":{"start":{"line":136,"column":4},"end":{"line":136,"column":13}},"31":{"start":{"line":167,"column":2},"end":{"line":167,"column":53}}},"fnMap":{"0":{"name":"sortBy","decl":{"start":{"line":80,"column":16},"end":{"line":80,"column":22}},"loc":{"start":{"line":83,"column":51},"end":{"line":138,"column":1}}},"1":{"name":"(anonymous_1)","decl":{"start":{"line":95,"column":23},"end":{"line":95,"column":24}},"loc":{"start":{"line":95,"column":32},"end":{"line":98,"column":5}}},"2":{"name":"(anonymous_2)","decl":{"start":{"line":104,"column":21},"end":{"line":104,"column":22}},"loc":{"start":{"line":104,"column":30},"end":{"line":137,"column":3}}},"3":{"name":"sortByDesc","decl":{"start":{"line":163,"column":16},"end":{"line":163,"column":26}},"loc":{"start":{"line":165,"column":53},"end":{"line":168,"column":1}}}},"branchMap":{"0":{"loc":{"start":{"line":83,"column":2},"end":{"line":83,"column":51}},"type":"default-arg","locations":[{"start":{"line":83,"column":35},"end":{"line":83,"column":51}}]},"1":{"loc":{"start":{"line":85,"column":2},"end":{"line":87,"column":3}},"type":"if","locations":[{"start":{"line":85,"column":2},"end":{"line":87,"column":3}}]},"2":{"loc":{"start":{"line":85,"column":6},"end":{"line":85,"column":58}},"type":"binary-expr","locations":[{"start":{"line":85,"column":6},"end":{"line":85,"column":12}},{"start":{"line":85,"column":16},"end":{"line":85,"column":37}},{"start":{"line":85,"column":41},"end":{"line":85,"column":58}}]},"3":{"loc":{"start":{"line":86,"column":11},"end":{"line":86,"column":37}},"type":"cond-expr","locations":[{"start":{"line":86,"column":19},"end":{"line":86,"column":32}},{"start":{"line":86,"column":35},"end":{"line":86,"column":37}}]},"4":{"loc":{"start":{"line":90,"column":10},"end":{"line":90,"column":23}},"type":"default-arg","locations":[{"start":{"line":90,"column":18},"end":{"line":90,"column":23}}]},"5":{"loc":{"start":{"line":91,"column":33},"end":{"line":91,"column":57}},"type":"cond-expr","locations":[{"start":{"line":91,"column":51},"end":{"line":91,"column":52}},{"start":{"line":91,"column":55},"end":{"line":91,"column":57}}]},"6":{"loc":{"start":{"line":94,"column":2},"end":{"line":99,"column":3}},"type":"if","locations":[{"start":{"line":94,"column":2},"end":{"line":99,"column":3}}]},"7":{"loc":{"start":{"line":97,"column":13},"end":{"line":97,"column":61}},"type":"cond-expr","locations":[{"start":{"line":97,"column":31},"end":{"line":97,"column":44}},{"start":{"line":97,"column":47},"end":{"line":97,"column":61}}]},"8":{"loc":{"start":{"line":102,"column":24},"end":{"line":102,"column":74}},"type":"cond-expr","locations":[{"start":{"line":102,"column":51},"end":{"line":102,"column":60}},{"start":{"line":102,"column":63},"end":{"line":102,"column":74}}]},"9":{"loc":{"start":{"line":109,"column":6},"end":{"line":116,"column":7}},"type":"if","locations":[{"start":{"line":109,"column":6},"end":{"line":116,"column":7}},{"start":{"line":113,"column":13},"end":{"line":116,"column":7}}]},"10":{"loc":{"start":{"line":109,"column":10},"end":{"line":109,"column":59}},"type":"binary-expr","locations":[{"start":{"line":109,"column":10},"end":{"line":109,"column":38}},{"start":{"line":109,"column":42},"end":{"line":109,"column":59}}]},"11":{"loc":{"start":{"line":112,"column":26},"end":{"line":112,"column":60}},"type":"cond-expr","locations":[{"start":{"line":112,"column":54},"end":{"line":112,"column":56}},{"start":{"line":112,"column":59},"end":{"line":112,"column":60}}]},"12":{"loc":{"start":{"line":123,"column":6},"end":{"line":123,"column":38}},"type":"if","locations":[{"start":{"line":123,"column":6},"end":{"line":123,"column":38}}]},"13":{"loc":{"start":{"line":124,"column":6},"end":{"line":124,"column":78}},"type":"if","locations":[{"start":{"line":124,"column":6},"end":{"line":124,"column":78}}]},"14":{"loc":{"start":{"line":124,"column":10},"end":{"line":124,"column":49}},"type":"binary-expr","locations":[{"start":{"line":124,"column":10},"end":{"line":124,"column":30}},{"start":{"line":124,"column":34},"end":{"line":124,"column":49}}]},"15":{"loc":{"start":{"line":125,"column":6},"end":{"line":125,"column":79}},"type":"if","locations":[{"start":{"line":125,"column":6},"end":{"line":125,"column":79}}]},"16":{"loc":{"start":{"line":125,"column":10},"end":{"line":125,"column":49}},"type":"binary-expr","locations":[{"start":{"line":125,"column":10},"end":{"line":125,"column":30}},{"start":{"line":125,"column":34},"end":{"line":125,"column":49}}]},"17":{"loc":{"start":{"line":128,"column":6},"end":{"line":130,"column":7}},"type":"if","locations":[{"start":{"line":128,"column":6},"end":{"line":130,"column":7}}]},"18":{"loc":{"start":{"line":128,"column":10},"end":{"line":128,"column":66}},"type":"binary-expr","locations":[{"start":{"line":128,"column":10},"end":{"line":128,"column":36}},{"start":{"line":128,"column":40},"end":{"line":128,"column":66}}]},"19":{"loc":{"start":{"line":133,"column":14},"end":{"line":133,"column":38}},"type":"cond-expr","locations":[{"start":{"line":133,"column":32},"end":{"line":133,"column":34}},{"start":{"line":133,"column":37},"end":{"line":133,"column":38}}]}},"s":{"0":0,"1":0,"2":0,"3":0,"4":0,"5":0,"6":0,"7":0,"8":0,"9":0,"10":0,"11":0,"12":0,"13":0,"14":0,"15":0,"16":0,"17":0,"18":0,"19":0,"20":0,"21":0,"22":0,"23":0,"24":0,"25":0,"26":0,"27":0,"28":0,"29":0,"30":0,"31":0},"f":{"0":0,"1":0,"2":0,"3":0},"b":{"0":[0],"1":[0],"2":[0,0,0],"3":[0,0],"4":[0],"5":[0,0],"6":[0],"7":[0,0],"8":[0,0],"9":[0,0],"10":[0,0],"11":[0,0],"12":[0],"13":[0],"14":[0,0],"15":[0],"16":[0,0],"17":[0],"18":[0,0],"19":[0,0]}}
,"/Users/liuquan/fore-end/test/q-utils/src/array/unique.ts": {"path":"/Users/liuquan/fore-end/test/q-utils/src/array/unique.ts","statementMap":{"0":{"start":{"line":10,"column":0},"end":{"line":10,"column":16}},"1":{"start":{"line":36,"column":0},"end":{"line":36,"column":16}},"2":{"start":{"line":11,"column":2},"end":{"line":13,"column":3}},"3":{"start":{"line":12,"column":4},"end":{"line":12,"column":14}},"4":{"start":{"line":14,"column":2},"end":{"line":14,"column":29}},"5":{"start":{"line":40,"column":2},"end":{"line":42,"column":3}},"6":{"start":{"line":41,"column":4},"end":{"line":41,"column":14}},"7":{"start":{"line":44,"column":22},"end":{"line":44,"column":24}},"8":{"start":{"line":45,"column":15},"end":{"line":45,"column":24}},"9":{"start":{"line":47,"column":2},"end":{"line":66,"column":3}},"10":{"start":{"line":47,"column":15},"end":{"line":47,"column":16}},"11":{"start":{"line":48,"column":17},"end":{"line":48,"column":25}},"12":{"start":{"line":51,"column":4},"end":{"line":55,"column":5}},"13":{"start":{"line":52,"column":6},"end":{"line":52,"column":42}},"14":{"start":{"line":54,"column":6},"end":{"line":54,"column":32}},"15":{"start":{"line":58,"column":4},"end":{"line":60,"column":5}},"16":{"start":{"line":59,"column":6},"end":{"line":59,"column":32}},"17":{"start":{"line":62,"column":4},"end":{"line":65,"column":5}},"18":{"start":{"line":63,"column":6},"end":{"line":63,"column":20}},"19":{"start":{"line":64,"column":6},"end":{"line":64,"column":24}},"20":{"start":{"line":68,"column":2},"end":{"line":68,"column":16}}},"fnMap":{"0":{"name":"unique","decl":{"start":{"line":10,"column":16},"end":{"line":10,"column":22}},"loc":{"start":{"line":10,"column":36},"end":{"line":15,"column":1}}},"1":{"name":"uniqueBy","decl":{"start":{"line":36,"column":16},"end":{"line":36,"column":24}},"loc":{"start":{"line":38,"column":72},"end":{"line":69,"column":1}}}},"branchMap":{"0":{"loc":{"start":{"line":11,"column":2},"end":{"line":13,"column":3}},"type":"if","locations":[{"start":{"line":11,"column":2},"end":{"line":13,"column":3}}]},"1":{"loc":{"start":{"line":40,"column":2},"end":{"line":42,"column":3}},"type":"if","locations":[{"start":{"line":40,"column":2},"end":{"line":42,"column":3}}]},"2":{"loc":{"start":{"line":40,"column":6},"end":{"line":40,"column":49}},"type":"binary-expr","locations":[{"start":{"line":40,"column":6},"end":{"line":40,"column":27}},{"start":{"line":40,"column":31},"end":{"line":40,"column":49}}]},"3":{"loc":{"start":{"line":51,"column":4},"end":{"line":55,"column":5}},"type":"if","locations":[{"start":{"line":51,"column":4},"end":{"line":55,"column":5}},{"start":{"line":53,"column":11},"end":{"line":55,"column":5}}]},"4":{"loc":{"start":{"line":58,"column":4},"end":{"line":60,"column":5}},"type":"if","locations":[{"start":{"line":58,"column":4},"end":{"line":60,"column":5}}]},"5":{"loc":{"start":{"line":58,"column":8},"end":{"line":58,"column":47}},"type":"binary-expr","locations":[{"start":{"line":58,"column":8},"end":{"line":58,"column":20}},{"start":{"line":58,"column":24},"end":{"line":58,"column":47}}]},"6":{"loc":{"start":{"line":62,"column":4},"end":{"line":65,"column":5}},"type":"if","locations":[{"start":{"line":62,"column":4},"end":{"line":65,"column":5}}]}},"s":{"0":0,"1":0,"2":0,"3":0,"4":0,"5":0,"6":0,"7":0,"8":0,"9":0,"10":0,"11":0,"12":0,"13":0,"14":0,"15":0,"16":0,"17":0,"18":0,"19":0,"20":0},"f":{"0":0,"1":0},"b":{"0":[0],"1":[0],"2":[0,0],"3":[0,0],"4":[0],"5":[0,0],"6":[0]}}
,"/Users/liuquan/fore-end/test/q-utils/src/boolean/index.ts": {"path":"/Users/liuquan/fore-end/test/q-utils/src/boolean/index.ts","statementMap":{"0":{"start":{"line":17,"column":25},"end":{"line":26,"column":1}},"1":{"start":{"line":18,"column":2},"end":{"line":18,"column":47}},"2":{"start":{"line":18,"column":34},"end":{"line":18,"column":47}},"3":{"start":{"line":19,"column":2},"end":{"line":23,"column":3}},"4":{"start":{"line":20,"column":23},"end":{"line":20,"column":49}},"5":{"start":{"line":21,"column":4},"end":{"line":21,"column":43}},"6":{"start":{"line":21,"column":31},"end":{"line":21,"column":43}},"7":{"start":{"line":22,"column":4},"end":{"line":22,"column":45}},"8":{"start":{"line":22,"column":32},"end":{"line":22,"column":45}},"9":{"start":{"line":24,"column":2},"end":{"line":24,"column":52}},"10":{"start":{"line":24,"column":33},"end":{"line":24,"column":52}},"11":{"start":{"line":25,"column":2},"end":{"line":25,"column":15}},"12":{"start":{"line":17,"column":13},"end":{"line":17,"column":25}},"13":{"start":{"line":44,"column":24},"end":{"line":52,"column":1}},"14":{"start":{"line":45,"column":2},"end":{"line":45,"column":58}},"15":{"start":{"line":45,"column":45},"end":{"line":45,"column":58}},"16":{"start":{"line":46,"column":2},"end":{"line":46,"column":47}},"17":{"start":{"line":46,"column":34},"end":{"line":46,"column":47}},"18":{"start":{"line":47,"column":2},"end":{"line":47,"column":57}},"19":{"start":{"line":47,"column":33},"end":{"line":47,"column":57}},"20":{"start":{"line":48,"column":2},"end":{"line":48,"column":52}},"21":{"start":{"line":48,"column":33},"end":{"line":48,"column":52}},"22":{"start":{"line":49,"column":2},"end":{"line":49,"column":52}},"23":{"start":{"line":49,"column":28},"end":{"line":49,"column":52}},"24":{"start":{"line":50,"column":2},"end":{"line":50,"column":70}},"25":{"start":{"line":50,"column":33},"end":{"line":50,"column":70}},"26":{"start":{"line":51,"column":2},"end":{"line":51,"column":14}},"27":{"start":{"line":44,"column":13},"end":{"line":44,"column":24}},"28":{"start":{"line":70,"column":23},"end":{"line":70,"column":68}},"29":{"start":{"line":70,"column":52},"end":{"line":70,"column":68}},"30":{"start":{"line":70,"column":13},"end":{"line":70,"column":23}}},"fnMap":{"0":{"name":"(anonymous_0)","decl":{"start":{"line":17,"column":25},"end":{"line":17,"column":26}},"loc":{"start":{"line":17,"column":53},"end":{"line":26,"column":1}}},"1":{"name":"(anonymous_1)","decl":{"start":{"line":44,"column":24},"end":{"line":44,"column":25}},"loc":{"start":{"line":44,"column":52},"end":{"line":52,"column":1}}},"2":{"name":"(anonymous_2)","decl":{"start":{"line":70,"column":23},"end":{"line":70,"column":24}},"loc":{"start":{"line":70,"column":52},"end":{"line":70,"column":68}}}},"branchMap":{"0":{"loc":{"start":{"line":18,"column":2},"end":{"line":18,"column":47}},"type":"if","locations":[{"start":{"line":18,"column":2},"end":{"line":18,"column":47}}]},"1":{"loc":{"start":{"line":19,"column":2},"end":{"line":23,"column":3}},"type":"if","locations":[{"start":{"line":19,"column":2},"end":{"line":23,"column":3}}]},"2":{"loc":{"start":{"line":21,"column":4},"end":{"line":21,"column":43}},"type":"if","locations":[{"start":{"line":21,"column":4},"end":{"line":21,"column":43}}]},"3":{"loc":{"start":{"line":22,"column":4},"end":{"line":22,"column":45}},"type":"if","locations":[{"start":{"line":22,"column":4},"end":{"line":22,"column":45}}]},"4":{"loc":{"start":{"line":24,"column":2},"end":{"line":24,"column":52}},"type":"if","locations":[{"start":{"line":24,"column":2},"end":{"line":24,"column":52}}]},"5":{"loc":{"start":{"line":45,"column":2},"end":{"line":45,"column":58}},"type":"if","locations":[{"start":{"line":45,"column":2},"end":{"line":45,"column":58}}]},"6":{"loc":{"start":{"line":45,"column":6},"end":{"line":45,"column":43}},"type":"binary-expr","locations":[{"start":{"line":45,"column":6},"end":{"line":45,"column":20}},{"start":{"line":45,"column":24},"end":{"line":45,"column":43}}]},"7":{"loc":{"start":{"line":46,"column":2},"end":{"line":46,"column":47}},"type":"if","locations":[{"start":{"line":46,"column":2},"end":{"line":46,"column":47}}]},"8":{"loc":{"start":{"line":47,"column":2},"end":{"line":47,"column":57}},"type":"if","locations":[{"start":{"line":47,"column":2},"end":{"line":47,"column":57}}]},"9":{"loc":{"start":{"line":48,"column":2},"end":{"line":48,"column":52}},"type":"if","locations":[{"start":{"line":48,"column":2},"end":{"line":48,"column":52}}]},"10":{"loc":{"start":{"line":49,"column":2},"end":{"line":49,"column":52}},"type":"if","locations":[{"start":{"line":49,"column":2},"end":{"line":49,"column":52}}]},"11":{"loc":{"start":{"line":50,"column":2},"end":{"line":50,"column":70}},"type":"if","locations":[{"start":{"line":50,"column":2},"end":{"line":50,"column":70}}]}},"s":{"0":1,"1":5,"2":2,"3":3,"4":3,"5":3,"6":1,"7":2,"8":1,"9":1,"10":0,"11":1,"12":1,"13":1,"14":24,"15":4,"16":20,"17":4,"18":16,"19":10,"20":6,"21":4,"22":2,"23":2,"24":0,"25":0,"26":0,"27":1,"28":1,"29":12,"30":1},"f":{"0":5,"1":24,"2":12},"b":{"0":[2],"1":[3],"2":[1],"3":[1],"4":[0],"5":[4],"6":[24,22],"7":[4],"8":[10],"9":[4],"10":[2],"11":[0]}}
,"/Users/liuquan/fore-end/test/q-utils/src/browser/browser.ts": {"path":"/Users/liuquan/fore-end/test/q-utils/src/browser/browser.ts","statementMap":{"0":{"start":{"line":31,"column":0},"end":{"line":31,"column":16}},"1":{"start":{"line":98,"column":0},"end":{"line":98,"column":16}},"2":{"start":{"line":114,"column":0},"end":{"line":114,"column":16}},"3":{"start":{"line":129,"column":0},"end":{"line":129,"column":16}},"4":{"start":{"line":144,"column":0},"end":{"line":144,"column":16}},"5":{"start":{"line":159,"column":0},"end":{"line":159,"column":16}},"6":{"start":{"line":174,"column":0},"end":{"line":174,"column":16}},"7":{"start":{"line":192,"column":0},"end":{"line":192,"column":16}},"8":{"start":{"line":208,"column":0},"end":{"line":208,"column":16}},"9":{"start":{"line":226,"column":0},"end":{"line":226,"column":16}},"10":{"start":{"line":241,"column":0},"end":{"line":241,"column":16}},"11":{"start":{"line":259,"column":0},"end":{"line":259,"column":16}},"12":{"start":{"line":32,"column":20},"end":{"line":32,"column":39}},"13":{"start":{"line":33,"column":13},"end":{"line":33,"column":22}},"14":{"start":{"line":34,"column":16},"end":{"line":34,"column":25}},"15":{"start":{"line":35,"column":17},"end":{"line":35,"column":22}},"16":{"start":{"line":38,"column":2},"end":{"line":40,"column":3}},"17":{"start":{"line":39,"column":4},"end":{"line":39,"column":20}},"18":{"start":{"line":43,"column":2},"end":{"line":79,"column":3}},"19":{"start":{"line":44,"column":4},"end":{"line":44,"column":18}},"20":{"start":{"line":45,"column":18},"end":{"line":45,"column":62}},"21":{"start":{"line":46,"column":4},"end":{"line":48,"column":5}},"22":{"start":{"line":47,"column":6},"end":{"line":47,"column":25}},"23":{"start":{"line":49,"column":9},"end":{"line":79,"column":3}},"24":{"start":{"line":50,"column":4},"end":{"line":50,"column":21}},"25":{"start":{"line":51,"column":18},"end":{"line":51,"column":59}},"26":{"start":{"line":52,"column":4},"end":{"line":54,"column":5}},"27":{"start":{"line":53,"column":6},"end":{"line":53,"column":25}},"28":{"start":{"line":55,"column":9},"end":{"line":79,"column":3}},"29":{"start":{"line":56,"column":4},"end":{"line":56,"column":20}},"30":{"start":{"line":57,"column":18},"end":{"line":57,"column":58}},"31":{"start":{"line":58,"column":4},"end":{"line":60,"column":5}},"32":{"start":{"line":59,"column":6},"end":{"line":59,"column":25}},"33":{"start":{"line":61,"column":9},"end":{"line":79,"column":3}},"34":{"start":{"line":62,"column":4},"end":{"line":62,"column":20}},"35":{"start":{"line":63,"column":18},"end":{"line":63,"column":59}},"36":{"start":{"line":64,"column":4},"end":{"line":66,"column":5}},"37":{"start":{"line":65,"column":6},"end":{"line":65,"column":25}},"38":{"start":{"line":67,"column":9},"end":{"line":79,"column":3}},"39":{"start":{"line":68,"column":4},"end":{"line":68,"column":31}},"40":{"start":{"line":69,"column":18},"end":{"line":69,"column":63}},"41":{"start":{"line":70,"column":4},"end":{"line":72,"column":5}},"42":{"start":{"line":71,"column":6},"end":{"line":71,"column":25}},"43":{"start":{"line":73,"column":9},"end":{"line":79,"column":3}},"44":{"start":{"line":74,"column":4},"end":{"line":74,"column":19}},"45":{"start":{"line":75,"column":18},"end":{"line":75,"column":65}},"46":{"start":{"line":76,"column":4},"end":{"line":78,"column":5}},"47":{"start":{"line":77,"column":6},"end":{"line":77,"column":25}},"48":{"start":{"line":81,"column":2},"end":{"line":81,"column":37}},"49":{"start":{"line":99,"column":15},"end":{"line":99,"column":31}},"50":{"start":{"line":100,"column":2},"end":{"line":100,"column":63}},"51":{"start":{"line":115,"column":2},"end":{"line":115,"column":29}},"52":{"start":{"line":130,"column":2},"end":{"line":130,"column":30}},"53":{"start":{"line":145,"column":2},"end":{"line":145,"column":29}},"54":{"start":{"line":160,"column":2},"end":{"line":160,"column":27}},"55":{"start":{"line":175,"column":2},"end":{"line":175,"column":40}},"56":{"start":{"line":193,"column":2},"end":{"line":193,"column":52}},"57":{"start":{"line":209,"column":2},"end":{"line":209,"column":63}},"58":{"start":{"line":227,"column":2},"end":{"line":227,"column":23}},"59":{"start":{"line":242,"column":2},"end":{"line":242,"column":60}},"60":{"start":{"line":260,"column":16},"end":{"line":260,"column":47}},"61":{"start":{"line":261,"column":2},"end":{"line":261,"column":40}},"62":{"start":{"line":262,"column":2},"end":{"line":262,"column":34}}},"fnMap":{"0":{"name":"getBrowserInfo","decl":{"start":{"line":31,"column":16},"end":{"line":31,"column":30}},"loc":{"start":{"line":31,"column":30},"end":{"line":82,"column":1}}},"1":{"name":"isBrowser","decl":{"start":{"line":98,"column":16},"end":{"line":98,"column":25}},"loc":{"start":{"line":98,"column":45},"end":{"line":101,"column":1}}},"2":{"name":"isChrome","decl":{"start":{"line":114,"column":16},"end":{"line":114,"column":24}},"loc":{"start":{"line":114,"column":24},"end":{"line":116,"column":1}}},"3":{"name":"isFirefox","decl":{"start":{"line":129,"column":16},"end":{"line":129,"column":25}},"loc":{"start":{"line":129,"column":25},"end":{"line":131,"column":1}}},"4":{"name":"isSafari","decl":{"start":{"line":144,"column":16},"end":{"line":144,"column":24}},"loc":{"start":{"line":144,"column":24},"end":{"line":146,"column":1}}},"5":{"name":"isEdge","decl":{"start":{"line":159,"column":16},"end":{"line":159,"column":22}},"loc":{"start":{"line":159,"column":22},"end":{"line":161,"column":1}}},"6":{"name":"isIE","decl":{"start":{"line":174,"column":16},"end":{"line":174,"column":20}},"loc":{"start":{"line":174,"column":20},"end":{"line":176,"column":1}}},"7":{"name":"supportsCSSProperty","decl":{"start":{"line":192,"column":16},"end":{"line":192,"column":35}},"loc":{"start":{"line":192,"column":52},"end":{"line":194,"column":1}}},"8":{"name":"supportsMediaQuery","decl":{"start":{"line":208,"column":16},"end":{"line":208,"column":34}},"loc":{"start":{"line":208,"column":48},"end":{"line":210,"column":1}}},"9":{"name":"supportsWebAPI","decl":{"start":{"line":226,"column":16},"end":{"line":226,"column":30}},"loc":{"start":{"line":226,"column":42},"end":{"line":228,"column":1}}},"10":{"name":"supportsOfflineStorage","decl":{"start":{"line":241,"column":16},"end":{"line":241,"column":38}},"loc":{"start":{"line":241,"column":38},"end":{"line":243,"column":1}}},"11":{"name":"supportsInputType","decl":{"start":{"line":259,"column":16},"end":{"line":259,"column":33}},"loc":{"start":{"line":259,"column":51},"end":{"line":263,"column":1}}}},"branchMap":{"0":{"loc":{"start":{"line":38,"column":2},"end":{"line":40,"column":3}},"type":"if","locations":[{"start":{"line":38,"column":2},"end":{"line":40,"column":3}}]},"1":{"loc":{"start":{"line":43,"column":2},"end":{"line":79,"column":3}},"type":"if","locations":[{"start":{"line":43,"column":2},"end":{"line":79,"column":3}},{"start":{"line":49,"column":9},"end":{"line":79,"column":3}}]},"2":{"loc":{"start":{"line":46,"column":4},"end":{"line":48,"column":5}},"type":"if","locations":[{"start":{"line":46,"column":4},"end":{"line":48,"column":5}}]},"3":{"loc":{"start":{"line":49,"column":9},"end":{"line":79,"column":3}},"type":"if","locations":[{"start":{"line":49,"column":9},"end":{"line":79,"column":3}},{"start":{"line":55,"column":9},"end":{"line":79,"column":3}}]},"4":{"loc":{"start":{"line":52,"column":4},"end":{"line":54,"column":5}},"type":"if","locations":[{"start":{"line":52,"column":4},"end":{"line":54,"column":5}}]},"5":{"loc":{"start":{"line":55,"column":9},"end":{"line":79,"column":3}},"type":"if","locations":[{"start":{"line":55,"column":9},"end":{"line":79,"column":3}},{"start":{"line":61,"column":9},"end":{"line":79,"column":3}}]},"6":{"loc":{"start":{"line":58,"column":4},"end":{"line":60,"column":5}},"type":"if","locations":[{"start":{"line":58,"column":4},"end":{"line":60,"column":5}}]},"7":{"loc":{"start":{"line":61,"column":9},"end":{"line":79,"column":3}},"type":"if","locations":[{"start":{"line":61,"column":9},"end":{"line":79,"column":3}},{"start":{"line":67,"column":9},"end":{"line":79,"column":3}}]},"8":{"loc":{"start":{"line":61,"column":13},"end":{"line":61,"column":68}},"type":"binary-expr","locations":[{"start":{"line":61,"column":13},"end":{"line":61,"column":38}},{"start":{"line":61,"column":42},"end":{"line":61,"column":68}}]},"9":{"loc":{"start":{"line":64,"column":4},"end":{"line":66,"column":5}},"type":"if","locations":[{"start":{"line":64,"column":4},"end":{"line":66,"column":5}}]},"10":{"loc":{"start":{"line":67,"column":9},"end":{"line":79,"column":3}},"type":"if","locations":[{"start":{"line":67,"column":9},"end":{"line":79,"column":3}},{"start":{"line":73,"column":9},"end":{"line":79,"column":3}}]},"11":{"loc":{"start":{"line":70,"column":4},"end":{"line":72,"column":5}},"type":"if","locations":[{"start":{"line":70,"column":4},"end":{"line":72,"column":5}}]},"12":{"loc":{"start":{"line":73,"column":9},"end":{"line":79,"column":3}},"type":"if","locations":[{"start":{"line":73,"column":9},"end":{"line":79,"column":3}}]},"13":{"loc":{"start":{"line":76,"column":4},"end":{"line":78,"column":5}},"type":"if","locations":[{"start":{"line":76,"column":4},"end":{"line":78,"column":5}}]},"14":{"loc":{"start":{"line":209,"column":9},"end":{"line":209,"column":62}},"type":"binary-expr","locations":[{"start":{"line":209,"column":9},"end":{"line":209,"column":26}},{"start":{"line":209,"column":30},"end":{"line":209,"column":62}}]},"15":{"loc":{"start":{"line":242,"column":9},"end":{"line":242,"column":59}},"type":"binary-expr","locations":[{"start":{"line":242,"column":9},"end":{"line":242,"column":37}},{"start":{"line":242,"column":41},"end":{"line":242,"column":59}}]}},"s":{"0":0,"1":0,"2":0,"3":0,"4":0,"5":0,"6":0,"7":0,"8":0,"9":0,"10":0,"11":0,"12":0,"13":0,"14":0,"15":0,"16":0,"17":0,"18":0,"19":0,"20":0,"21":0,"22":0,"23":0,"24":0,"25":0,"26":0,"27":0,"28":0,"29":0,"30":0,"31":0,"32":0,"33":0,"34":0,"35":0,"36":0,"37":0,"38":0,"39":0,"40":0,"41":0,"42":0,"43":0,"44":0,"45":0,"46":0,"47":0,"48":0,"49":0,"50":0,"51":0,"52":0,"53":0,"54":0,"55":0,"56":0,"57":0,"58":0,"59":0,"60":0,"61":0,"62":0},"f":{"0":0,"1":0,"2":0,"3":0,"4":0,"5":0,"6":0,"7":0,"8":0,"9":0,"10":0,"11":0},"b":{"0":[0],"1":[0,0],"2":[0],"3":[0,0],"4":[0],"5":[0,0],"6":[0],"7":[0,0],"8":[0,0],"9":[0],"10":[0,0],"11":[0],"12":[0],"13":[0],"14":[0,0],"15":[0,0]}}
,"/Users/liuquan/fore-end/test/q-utils/src/browser/device.ts": {"path":"/Users/liuquan/fore-end/test/q-utils/src/browser/device.ts","statementMap":{"0":{"start":{"line":19,"column":0},"end":{"line":19,"column":16}},"1":{"start":{"line":39,"column":0},"end":{"line":39,"column":16}},"2":{"start":{"line":63,"column":0},"end":{"line":63,"column":16}},"3":{"start":{"line":78,"column":0},"end":{"line":78,"column":16}},"4":{"start":{"line":96,"column":0},"end":{"line":96,"column":16}},"5":{"start":{"line":115,"column":0},"end":{"line":115,"column":16}},"6":{"start":{"line":136,"column":0},"end":{"line":136,"column":16}},"7":{"start":{"line":155,"column":0},"end":{"line":155,"column":16}},"8":{"start":{"line":172,"column":0},"end":{"line":172,"column":16}},"9":{"start":{"line":200,"column":0},"end":{"line":200,"column":16}},"10":{"start":{"line":20,"column":20},"end":{"line":20,"column":90}},"11":{"start":{"line":23,"column":22},"end":{"line":23,"column":86}},"12":{"start":{"line":25,"column":2},"end":{"line":25,"column":51}},"13":{"start":{"line":41,"column":20},"end":{"line":41,"column":90}},"14":{"start":{"line":44,"column":22},"end":{"line":44,"column":74}},"15":{"start":{"line":47,"column":22},"end":{"line":47,"column":108}},"16":{"start":{"line":49,"column":2},"end":{"line":49,"column":88}},"17":{"start":{"line":64,"column":2},"end":{"line":64,"column":36}},"18":{"start":{"line":79,"column":20},"end":{"line":79,"column":90}},"19":{"start":{"line":82,"column":2},"end":{"line":82,"column":74}},"20":{"start":{"line":97,"column":20},"end":{"line":97,"column":45}},"21":{"start":{"line":99,"column":2},"end":{"line":99,"column":36}},"22":{"start":{"line":117,"column":2},"end":{"line":119,"column":3}},"23":{"start":{"line":118,"column":4},"end":{"line":118,"column":64}},"24":{"start":{"line":122,"column":2},"end":{"line":122,"column":48}},"25":{"start":{"line":137,"column":2},"end":{"line":137,"column":23}},"26":{"start":{"line":156,"column":2},"end":{"line":156,"column":38}},"27":{"start":{"line":173,"column":2},"end":{"line":177,"column":4}},"28":{"start":{"line":201,"column":2},"end":{"line":207,"column":3}},"29":{"start":{"line":202,"column":4},"end":{"line":202,"column":20}},"30":{"start":{"line":203,"column":9},"end":{"line":207,"column":3}},"31":{"start":{"line":204,"column":4},"end":{"line":204,"column":20}},"32":{"start":{"line":206,"column":4},"end":{"line":206,"column":21}}},"fnMap":{"0":{"name":"isMobile","decl":{"start":{"line":19,"column":16},"end":{"line":19,"column":24}},"loc":{"start":{"line":19,"column":24},"end":{"line":26,"column":1}}},"1":{"name":"isTablet","decl":{"start":{"line":39,"column":16},"end":{"line":39,"column":24}},"loc":{"start":{"line":39,"column":24},"end":{"line":50,"column":1}}},"2":{"name":"isDesktop","decl":{"start":{"line":63,"column":16},"end":{"line":63,"column":25}},"loc":{"start":{"line":63,"column":25},"end":{"line":65,"column":1}}},"3":{"name":"isIOS","decl":{"start":{"line":78,"column":16},"end":{"line":78,"column":21}},"loc":{"start":{"line":78,"column":21},"end":{"line":83,"column":1}}},"4":{"name":"isAndroid","decl":{"start":{"line":96,"column":16},"end":{"line":96,"column":25}},"loc":{"start":{"line":96,"column":25},"end":{"line":100,"column":1}}},"5":{"name":"isPortrait","decl":{"start":{"line":115,"column":16},"end":{"line":115,"column":26}},"loc":{"start":{"line":115,"column":26},"end":{"line":123,"column":1}}},"6":{"name":"isLandscape","decl":{"start":{"line":136,"column":16},"end":{"line":136,"column":27}},"loc":{"start":{"line":136,"column":27},"end":{"line":138,"column":1}}},"7":{"name":"getDevicePixelRatio","decl":{"start":{"line":155,"column":16},"end":{"line":155,"column":35}},"loc":{"start":{"line":155,"column":35},"end":{"line":157,"column":1}}},"8":{"name":"isTouchDevice","decl":{"start":{"line":172,"column":16},"end":{"line":172,"column":29}},"loc":{"start":{"line":172,"column":29},"end":{"line":178,"column":1}}},"9":{"name":"getDeviceType","decl":{"start":{"line":200,"column":16},"end":{"line":200,"column":29}},"loc":{"start":{"line":200,"column":29},"end":{"line":208,"column":1}}}},"branchMap":{"0":{"loc":{"start":{"line":20,"column":20},"end":{"line":20,"column":90}},"type":"binary-expr","locations":[{"start":{"line":20,"column":20},"end":{"line":20,"column":39}},{"start":{"line":20,"column":43},"end":{"line":20,"column":59}},{"start":{"line":20,"column":64},"end":{"line":20,"column":84}},{"start":{"line":20,"column":88},"end":{"line":20,"column":90}}]},"1":{"loc":{"start":{"line":41,"column":20},"end":{"line":41,"column":90}},"type":"binary-expr","locations":[{"start":{"line":41,"column":20},"end":{"line":41,"column":39}},{"start":{"line":41,"column":43},"end":{"line":41,"column":59}},{"start":{"line":41,"column":64},"end":{"line":41,"column":84}},{"start":{"line":41,"column":88},"end":{"line":41,"column":90}}]},"2":{"loc":{"start":{"line":47,"column":22},"end":{"line":47,"column":108}},"type":"binary-expr","locations":[{"start":{"line":47,"column":22},"end":{"line":47,"column":39}},{"start":{"line":47,"column":43},"end":{"line":47,"column":79}},{"start":{"line":47,"column":83},"end":{"line":47,"column":108}}]},"3":{"loc":{"start":{"line":49,"column":9},"end":{"line":49,"column":87}},"type":"binary-expr","locations":[{"start":{"line":49,"column":9},"end":{"line":49,"column":50}},{"start":{"line":49,"column":55},"end":{"line":49,"column":72}},{"start":{"line":49,"column":76},"end":{"line":49,"column":86}}]},"4":{"loc":{"start":{"line":64,"column":9},"end":{"line":64,"column":35}},"type":"binary-expr","locations":[{"start":{"line":64,"column":9},"end":{"line":64,"column":20}},{"start":{"line":64,"column":24},"end":{"line":64,"column":35}}]},"5":{"loc":{"start":{"line":79,"column":20},"end":{"line":79,"column":90}},"type":"binary-expr","locations":[{"start":{"line":79,"column":20},"end":{"line":79,"column":39}},{"start":{"line":79,"column":43},"end":{"line":79,"column":59}},{"start":{"line":79,"column":64},"end":{"line":79,"column":84}},{"start":{"line":79,"column":88},"end":{"line":79,"column":90}}]},"6":{"loc":{"start":{"line":82,"column":9},"end":{"line":82,"column":73}},"type":"binary-expr","locations":[{"start":{"line":82,"column":9},"end":{"line":82,"column":44}},{"start":{"line":82,"column":48},"end":{"line":82,"column":73}}]},"7":{"loc":{"start":{"line":97,"column":20},"end":{"line":97,"column":45}},"type":"binary-expr","locations":[{"start":{"line":97,"column":20},"end":{"line":97,"column":39}},{"start":{"line":97,"column":43},"end":{"line":97,"column":45}}]},"8":{"loc":{"start":{"line":117,"column":2},"end":{"line":119,"column":3}},"type":"if","locations":[{"start":{"line":117,"column":2},"end":{"line":119,"column":3}}]},"9":{"loc":{"start":{"line":156,"column":9},"end":{"line":156,"column":37}},"type":"binary-expr","locations":[{"start":{"line":156,"column":9},"end":{"line":156,"column":32}},{"start":{"line":156,"column":36},"end":{"line":156,"column":37}}]},"10":{"loc":{"start":{"line":174,"column":4},"end":{"line":176,"column":45}},"type":"binary-expr","locations":[{"start":{"line":174,"column":5},"end":{"line":174,"column":29}},{"start":{"line":175,"column":5},"end":{"line":175,"column":33}},{"start":{"line":176,"column":6},"end":{"line":176,"column":44}}]},"11":{"loc":{"start":{"line":201,"column":2},"end":{"line":207,"column":3}},"type":"if","locations":[{"start":{"line":201,"column":2},"end":{"line":207,"column":3}},{"start":{"line":203,"column":9},"end":{"line":207,"column":3}}]},"12":{"loc":{"start":{"line":203,"column":9},"end":{"line":207,"column":3}},"type":"if","locations":[{"start":{"line":203,"column":9},"end":{"line":207,"column":3}},{"start":{"line":205,"column":9},"end":{"line":207,"column":3}}]}},"s":{"0":0,"1":0,"2":0,"3":0,"4":0,"5":0,"6":0,"7":0,"8":0,"9":0,"10":0,"11":0,"12":0,"13":0,"14":0,"15":0,"16":0,"17":0,"18":0,"19":0,"20":0,"21":0,"22":0,"23":0,"24":0,"25":0,"26":0,"27":0,"28":0,"29":0,"30":0,"31":0,"32":0},"f":{"0":0,"1":0,"2":0,"3":0,"4":0,"5":0,"6":0,"7":0,"8":0,"9":0},"b":{"0":[0,0,0,0],"1":[0,0,0,0],"2":[0,0,0],"3":[0,0,0],"4":[0,0],"5":[0,0,0,0],"6":[0,0],"7":[0,0],"8":[0],"9":[0,0],"10":[0,0,0],"11":[0,0],"12":[0,0]}}
,"/Users/liuquan/fore-end/test/q-utils/src/browser/index.ts": {"path":"/Users/liuquan/fore-end/test/q-utils/src/browser/index.ts","statementMap":{"0":{"start":{"line":6,"column":0},"end":{"line":6,"column":26}},"1":{"start":{"line":7,"column":0},"end":{"line":7,"column":25}}},"fnMap":{},"branchMap":{},"s":{"0":0,"1":0},"f":{},"b":{}}
,"/Users/liuquan/fore-end/test/q-utils/src/color/adjustColor.ts": {"path":"/Users/liuquan/fore-end/test/q-utils/src/color/adjustColor.ts","statementMap":{"0":{"start":{"line":31,"column":0},"end":{"line":31,"column":16}},"1":{"start":{"line":46,"column":6},"end":{"line":46,"column":17}},"2":{"start":{"line":49,"column":14},"end":{"line":49,"column":26}},"3":{"start":{"line":50,"column":2},"end":{"line":50,"column":25}},"4":{"start":{"line":50,"column":12},"end":{"line":50,"column":25}},"5":{"start":{"line":53,"column":2},"end":{"line":53,"column":30}},"6":{"start":{"line":54,"column":2},"end":{"line":54,"column":30}},"7":{"start":{"line":54,"column":17},"end":{"line":54,"column":30}},"8":{"start":{"line":57,"column":2},"end":{"line":57,"column":63}},"9":{"start":{"line":60,"column":2},"end":{"line":60,"column":62}},"10":{"start":{"line":63,"column":2},"end":{"line":65,"column":3}},"11":{"start":{"line":64,"column":4},"end":{"line":64,"column":44}},"12":{"start":{"line":68,"column":2},"end":{"line":70,"column":20}},"13":{"start":{"line":85,"column":2},"end":{"line":109,"column":3}},"14":{"start":{"line":87,"column":16},"end":{"line":87,"column":39}},"15":{"start":{"line":89,"column":4},"end":{"line":92,"column":5}},"16":{"start":{"line":90,"column":6},"end":{"line":90,"column":41}},"17":{"start":{"line":91,"column":6},"end":{"line":91,"column":18}},"18":{"start":{"line":95,"column":20},"end":{"line":97,"column":11}},"19":{"start":{"line":96,"column":31},"end":{"line":96,"column":36}},"20":{"start":{"line":100,"column":4},"end":{"line":100,"column":46}},"21":{"start":{"line":101,"column":4},"end":{"line":101,"column":46}},"22":{"start":{"line":102,"column":4},"end":{"line":102,"column":46}},"23":{"start":{"line":105,"column":4},"end":{"line":105,"column":16}},"24":{"start":{"line":106,"column":4},"end":{"line":106,"column":16}},"25":{"start":{"line":107,"column":4},"end":{"line":107,"column":16}},"26":{"start":{"line":108,"column":4},"end":{"line":108,"column":16}},"27":{"start":{"line":112,"column":2},"end":{"line":112,"column":11}},"28":{"start":{"line":113,"column":2},"end":{"line":113,"column":11}},"29":{"start":{"line":114,"column":2},"end":{"line":114,"column":11}},"30":{"start":{"line":117,"column":14},"end":{"line":117,"column":31}},"31":{"start":{"line":118,"column":14},"end":{"line":118,"column":31}},"32":{"start":{"line":119,"column":10},"end":{"line":119,"column":11}},"33":{"start":{"line":119,"column":17},"end":{"line":119,"column":18}},"34":{"start":{"line":119,"column":24},"end":{"line":119,"column":39}},"35":{"start":{"line":122,"column":2},"end":{"line":139,"column":3}},"36":{"start":{"line":123,"column":14},"end":{"line":123,"column":23}},"37":{"start":{"line":124,"column":4},"end":{"line":124,"column":56}},"38":{"start":{"line":126,"column":4},"end":{"line":136,"column":5}},"39":{"start":{"line":128,"column":8},"end":{"line":128,"column":42}},"40":{"start":{"line":129,"column":8},"end":{"line":129,"column":14}},"41":{"start":{"line":131,"column":8},"end":{"line":131,"column":28}},"42":{"start":{"line":132,"column":8},"end":{"line":132,"column":14}},"43":{"start":{"line":134,"column":8},"end":{"line":134,"column":28}},"44":{"start":{"line":135,"column":8},"end":{"line":135,"column":14}},"45":{"start":{"line":138,"column":4},"end":{"line":138,"column":11}},"46":{"start":{"line":142,"column":2},"end":{"line":147,"column":4}},"47":{"start":{"line":157,"column":25},"end":{"line":157,"column":28}},"48":{"start":{"line":158,"column":2},"end":{"line":160,"column":32}},"49":{"start":{"line":170,"column":25},"end":{"line":170,"column":28}},"50":{"start":{"line":171,"column":22},"end":{"line":171,"column":29}},"51":{"start":{"line":172,"column":22},"end":{"line":172,"column":29}},"52":{"start":{"line":173,"column":22},"end":{"line":173,"column":29}},"53":{"start":{"line":177,"column":2},"end":{"line":199,"column":3}},"54":{"start":{"line":179,"column":4},"end":{"line":179,"column":28}},"55":{"start":{"line":182,"column":20},"end":{"line":189,"column":5}},"56":{"start":{"line":183,"column":6},"end":{"line":183,"column":24}},"57":{"start":{"line":183,"column":17},"end":{"line":183,"column":24}},"58":{"start":{"line":184,"column":6},"end":{"line":184,"column":24}},"59":{"start":{"line":184,"column":17},"end":{"line":184,"column":24}},"60":{"start":{"line":185,"column":6},"end":{"line":185,"column":46}},"61":{"start":{"line":185,"column":19},"end":{"line":185,"column":46}},"62":{"start":{"line":186,"column":6},"end":{"line":186,"column":28}},"63":{"start":{"line":186,"column":19},"end":{"line":186,"column":28}},"64":{"start":{"line":187,"column":6},"end":{"line":187,"column":54}},"65":{"start":{"line":187,"column":19},"end":{"line":187,"column":54}},"66":{"start":{"line":188,"column":6},"end":{"line":188,"column":15}},"67":{"start":{"line":191,"column":14},"end":{"line":193,"column":61}},"68":{"start":{"line":194,"column":14},"end":{"line":194,"column":33}},"69":{"start":{"line":196,"column":4},"end":{"line":196,"column":41}},"70":{"start":{"line":197,"column":4},"end":{"line":197,"column":35}},"71":{"start":{"line":198,"column":4},"end":{"line":198,"column":41}},"72":{"start":{"line":202,"column":17},"end":{"line":206,"column":4}},"73":{"start":{"line":209,"column":2},"end":{"line":211,"column":3}},"74":{"start":{"line":210,"column":4},"end":{"line":210,"column":28}},"75":{"start":{"line":213,"column":2},"end":{"line":213,"column":16}}},"fnMap":{"0":{"name":"adjustColor","decl":{"start":{"line":31,"column":16},"end":{"line":31,"column":27}},"loc":{"start":{"line":38,"column":8},"end":{"line":71,"column":1}}},"1":{"name":"toHSL","decl":{"start":{"line":79,"column":9},"end":{"line":79,"column":14}},"loc":{"start":{"line":80,"column":65},"end":{"line":148,"column":1}}},"2":{"name":"(anonymous_2)","decl":{"start":{"line":96,"column":26},"end":{"line":96,"column":27}},"loc":{"start":{"line":96,"column":31},"end":{"line":96,"column":36}}},"3":{"name":"hslToString","decl":{"start":{"line":156,"column":9},"end":{"line":156,"column":20}},"loc":{"start":{"line":156,"column":73},"end":{"line":161,"column":1}}},"4":{"name":"hslToRgb","decl":{"start":{"line":169,"column":9},"end":{"line":169,"column":17}},"loc":{"start":{"line":169,"column":70},"end":{"line":214,"column":1}}},"5":{"name":"(anonymous_5)","decl":{"start":{"line":182,"column":20},"end":{"line":182,"column":21}},"loc":{"start":{"line":182,"column":56},"end":{"line":189,"column":5}}}},"branchMap":{"0":{"loc":{"start":{"line":33,"column":2},"end":{"line":38,"column":8}},"type":"default-arg","locations":[{"start":{"line":38,"column":6},"end":{"line":38,"column":8}}]},"1":{"loc":{"start":{"line":42,"column":4},"end":{"line":42,"column":17}},"type":"default-arg","locations":[{"start":{"line":42,"column":16},"end":{"line":42,"column":17}}]},"2":{"loc":{"start":{"line":43,"column":4},"end":{"line":43,"column":18}},"type":"default-arg","locations":[{"start":{"line":43,"column":17},"end":{"line":43,"column":18}}]},"3":{"loc":{"start":{"line":44,"column":4},"end":{"line":44,"column":11}},"type":"default-arg","locations":[{"start":{"line":44,"column":10},"end":{"line":44,"column":11}}]},"4":{"loc":{"start":{"line":50,"column":2},"end":{"line":50,"column":25}},"type":"if","locations":[{"start":{"line":50,"column":2},"end":{"line":50,"column":25}}]},"5":{"loc":{"start":{"line":54,"column":2},"end":{"line":54,"column":30}},"type":"if","locations":[{"start":{"line":54,"column":2},"end":{"line":54,"column":30}}]},"6":{"loc":{"start":{"line":63,"column":2},"end":{"line":65,"column":3}},"type":"if","locations":[{"start":{"line":63,"column":2},"end":{"line":65,"column":3}}]},"7":{"loc":{"start":{"line":68,"column":9},"end":{"line":70,"column":19}},"type":"cond-expr","locations":[{"start":{"line":69,"column":6},"end":{"line":69,"column":22}},{"start":{"line":70,"column":6},"end":{"line":70,"column":19}}]},"8":{"loc":{"start":{"line":85,"column":2},"end":{"line":109,"column":3}},"type":"if","locations":[{"start":{"line":85,"column":2},"end":{"line":109,"column":3}},{"start":{"line":103,"column":9},"end":{"line":109,"column":3}}]},"9":{"loc":{"start":{"line":89,"column":4},"end":{"line":92,"column":5}},"type":"if","locations":[{"start":{"line":89,"column":4},"end":{"line":92,"column":5}}]},"10":{"loc":{"start":{"line":95,"column":20},"end":{"line":97,"column":11}},"type":"cond-expr","locations":[{"start":{"line":96,"column":8},"end":{"line":96,"column":46}},{"start":{"line":97,"column":8},"end":{"line":97,"column":11}}]},"11":{"loc":{"start":{"line":122,"column":2},"end":{"line":139,"column":3}},"type":"if","locations":[{"start":{"line":122,"column":2},"end":{"line":139,"column":3}}]},"12":{"loc":{"start":{"line":124,"column":8},"end":{"line":124,"column":55}},"type":"cond-expr","locations":[{"start":{"line":124,"column":18},"end":{"line":124,"column":37}},{"start":{"line":124,"column":40},"end":{"line":124,"column":55}}]},"13":{"loc":{"start":{"line":126,"column":4},"end":{"line":136,"column":5}},"type":"switch","locations":[{"start":{"line":127,"column":6},"end":{"line":129,"column":14}},{"start":{"line":130,"column":6},"end":{"line":132,"column":14}},{"start":{"line":133,"column":6},"end":{"line":135,"column":14}}]},"14":{"loc":{"start":{"line":128,"column":27},"end":{"line":128,"column":40}},"type":"cond-expr","locations":[{"start":{"line":128,"column":35},"end":{"line":128,"column":36}},{"start":{"line":128,"column":39},"end":{"line":128,"column":40}}]},"15":{"loc":{"start":{"line":158,"column":9},"end":{"line":160,"column":31}},"type":"cond-expr","locations":[{"start":{"line":159,"column":6},"end":{"line":159,"column":38}},{"start":{"line":160,"column":6},"end":{"line":160,"column":31}}]},"16":{"loc":{"start":{"line":177,"column":2},"end":{"line":199,"column":3}},"type":"if","locations":[{"start":{"line":177,"column":2},"end":{"line":199,"column":3}},{"start":{"line":180,"column":9},"end":{"line":199,"column":3}}]},"17":{"loc":{"start":{"line":183,"column":6},"end":{"line":183,"column":24}},"type":"if","locations":[{"start":{"line":183,"column":6},"end":{"line":183,"column":24}}]},"18":{"loc":{"start":{"line":184,"column":6},"end":{"line":184,"column":24}},"type":"if","locations":[{"start":{"line":184,"column":6},"end":{"line":184,"column":24}}]},"19":{"loc":{"start":{"line":185,"column":6},"end":{"line":185,"column":46}},"type":"if","locations":[{"start":{"line":185,"column":6},"end":{"line":185,"column":46}}]},"20":{"loc":{"start":{"line":186,"column":6},"end":{"line":186,"column":28}},"type":"if","locations":[{"start":{"line":186,"column":6},"end":{"line":186,"column":28}}]},"21":{"loc":{"start":{"line":187,"column":6},"end":{"line":187,"column":54}},"type":"if","locations":[{"start":{"line":187,"column":6},"end":{"line":187,"column":54}}]},"22":{"loc":{"start":{"line":191,"column":14},"end":{"line":193,"column":61}},"type":"cond-expr","locations":[{"start":{"line":192,"column":8},"end":{"line":192,"column":39}},{"start":{"line":193,"column":8},"end":{"line":193,"column":61}}]},"23":{"loc":{"start":{"line":209,"column":2},"end":{"line":211,"column":3}},"type":"if","locations":[{"start":{"line":209,"column":2},"end":{"line":211,"column":3}}]}},"s":{"0":0,"1":0,"2":0,"3":0,"4":0,"5":0,"6":0,"7":0,"8":0,"9":0,"10":0,"11":0,"12":0,"13":0,"14":0,"15":0,"16":0,"17":0,"18":0,"19":0,"20":0,"21":0,"22":0,"23":0,"24":0,"25":0,"26":0,"27":0,"28":0,"29":0,"30":0,"31":0,"32":0,"33":0,"34":0,"35":0,"36":0,"37":0,"38":0,"39":0,"40":0,"41":0,"42":0,"43":0,"44":0,"45":0,"46":0,"47":0,"48":0,"49":0,"50":0,"51":0,"52":0,"53":0,"54":0,"55":0,"56":0,"57":0,"58":0,"59":0,"60":0,"61":0,"62":0,"63":0,"64":0,"65":0,"66":0,"67":0,"68":0,"69":0,"70":0,"71":0,"72":0,"73":0,"74":0,"75":0},"f":{"0":0,"1":0,"2":0,"3":0,"4":0,"5":0},"b":{"0":[0],"1":[0],"2":[0],"3":[0],"4":[0],"5":[0],"6":[0],"7":[0,0],"8":[0,0],"9":[0],"10":[0,0],"11":[0],"12":[0,0],"13":[0,0,0],"14":[0,0],"15":[0,0],"16":[0,0],"17":[0],"18":[0],"19":[0],"20":[0],"21":[0],"22":[0,0],"23":[0]}}
[...]
:{"line":13,"column":2},"end":{"line":13,"column":21}}},"1":{"name":"(anonymous_21)","decl":{"start":{"line":22,"column":34},"end":{"line":22,"column":35}},"loc":{"start":{"line":23,"column":2},"end":{"line":23,"column":17}}},"2":{"name":"(anonymous_22)","decl":{"start":{"line":32,"column":36},"end":{"line":32,"column":37}},"loc":{"start":{"line":33,"column":2},"end":{"line":33,"column":17}}},"3":{"name":"(anonymous_23)","decl":{"start":{"line":42,"column":28},"end":{"line":42,"column":29}},"loc":{"start":{"line":43,"column":2},"end":{"line":43,"column":20}}},"4":{"name":"(anonymous_24)","decl":{"start":{"line":53,"column":24},"end":{"line":53,"column":25}},"loc":{"start":{"line":54,"column":2},"end":{"line":54,"column":27}}},"5":{"name":"(anonymous_25)","decl":{"start":{"line":64,"column":30},"end":{"line":64,"column":31}},"loc":{"start":{"line":65,"column":2},"end":{"line":65,"column":34}}},"6":{"name":"(anonymous_26)","decl":{"start":{"line":74,"column":36},"end":{"line":74,"column":37}},"loc":{"start":{"line":74,"column":72},"end":{"line":76,"column":2}}},"7":{"name":"(anonymous_27)","decl":{"start":{"line":75,"column":8},"end":{"line":75,"column":11}},"loc":{"start":{"line":75,"column":15},"end":{"line":75,"column":41}}},"8":{"name":"(anonymous_28)","decl":{"start":{"line":85,"column":41},"end":{"line":85,"column":42}},"loc":{"start":{"line":85,"column":82},"end":{"line":87,"column":2}}},"9":{"name":"(anonymous_29)","decl":{"start":{"line":86,"column":8},"end":{"line":86,"column":17}},"loc":{"start":{"line":86,"column":19},"end":{"line":86,"column":null}}},"10":{"name":"(anonymous_30)","decl":{"start":{"line":86,"column":19},"end":{"line":86,"column":20}},"loc":{"start":{"line":86,"column":19},"end":{"line":86,"column":null}}},"11":{"name":"createSymbolGenerator","decl":{"start":{"line":96,"column":17},"end":{"line":96,"column":38}},"loc":{"start":{"line":96,"column":50},"end":{"line":98,"column":1}}},"12":{"name":"createSymbolAsyncGenerator","decl":{"start":{"line":107,"column":23},"end":{"line":107,"column":49}},"loc":{"start":{"line":107,"column":61},"end":{"line":109,"column":null}}},"13":{"name":"(anonymous_34)","decl":{"start":{"line":118,"column":33},"end":{"line":118,"column":34}},"loc":{"start":{"line":119,"column":2},"end":{"line":119,"column":54}}},"14":{"name":"(anonymous_35)","decl":{"start":{"line":119,"column":19},"end":{"line":119,"column":30}},"loc":{"start":{"line":119,"column":34},"end":{"line":119,"column":53}}},"15":{"name":"(anonymous_36)","decl":{"start":{"line":128,"column":39},"end":{"line":128,"column":40}},"loc":{"start":{"line":129,"column":2},"end":{"line":129,"column":34}}},"16":{"name":"(anonymous_37)","decl":{"start":{"line":129,"column":11},"end":{"line":129,"column":14}},"loc":{"start":{"line":129,"column":18},"end":{"line":129,"column":33}}},"17":{"name":"(anonymous_38)","decl":{"start":{"line":138,"column":31},"end":{"line":138,"column":32}},"loc":{"start":{"line":139,"column":2},"end":{"line":142,"column":9}}},"18":{"name":"(anonymous_39)","decl":{"start":{"line":139,"column":22},"end":{"line":139,"column":23}},"loc":{"start":{"line":139,"column":44},"end":{"line":141,"column":null}}},"19":{"name":"(anonymous_40)","decl":{"start":{"line":151,"column":37},"end":{"line":151,"column":38}},"loc":{"start":{"line":152,"column":2},"end":{"line":155,"column":9}}},"20":{"name":"(anonymous_41)","decl":{"start":{"line":152,"column":14},"end":{"line":152,"column":15}},"loc":{"start":{"line":152,"column":28},"end":{"line":154,"column":null}}}},"branchMap":{},"s":{"0":1,"1":1,"2":1,"3":1,"4":1,"5":1,"6":1,"7":1,"8":1,"9":3,"10":1,"11":1,"12":2,"13":1,"14":1,"15":6,"16":1,"17":1,"18":2,"19":1,"20":1,"21":1,"22":1,"23":1,"24":1,"25":1,"26":1,"27":1,"28":1,"29":1,"30":1,"31":1,"32":1,"33":2,"34":1,"35":1,"36":1,"37":2,"38":1,"39":1,"40":1,"41":2,"42":1,"43":1,"44":1,"45":2,"46":1},"f":{"0":1,"1":1,"2":3,"3":2,"4":6,"5":2,"6":1,"7":1,"8":1,"9":1,"10":1,"11":1,"12":1,"13":1,"14":2,"15":1,"16":2,"17":1,"18":2,"19":1,"20":2},"b":{}}
,"/Users/liuquan/fore-end/test/q-utils/src/type/index.ts": {"path":"/Users/liuquan/fore-end/test/q-utils/src/type/index.ts","statementMap":{"0":{"start":{"line":26,"column":23},"end":{"line":57,"column":1}},"1":{"start":{"line":27,"column":2},"end":{"line":29,"column":3}},"2":{"start":{"line":28,"column":4},"end":{"line":28,"column":18}},"3":{"start":{"line":31,"column":2},"end":{"line":33,"column":3}},"4":{"start":{"line":32,"column":4},"end":{"line":32,"column":23}},"5":{"start":{"line":35,"column":2},"end":{"line":37,"column":3}},"6":{"start":{"line":36,"column":4},"end":{"line":36,"column":19}},"7":{"start":{"line":39,"column":15},"end":{"line":39,"column":27}},"8":{"start":{"line":41,"column":2},"end":{"line":54,"column":3}},"9":{"start":{"line":43,"column":23},"end":{"line":43,"column":60}},"10":{"start":{"line":44,"column":18},"end":{"line":44,"column":54}},"11":{"start":{"line":46,"column":4},"end":{"line":53,"column":5}},"12":{"start":{"line":47,"column":27},"end":{"line":47,"column":49}},"13":{"start":{"line":50,"column":6},"end":{"line":52,"column":7}},"14":{"start":{"line":51,"column":8},"end":{"line":51,"column":28}},"15":{"start":{"line":56,"column":2},"end":{"line":56,"column":14}},"16":{"start":{"line":26,"column":13},"end":{"line":26,"column":23}},"17":{"start":{"line":75,"column":22},"end":{"line":83,"column":1}},"18":{"start":{"line":76,"column":20},"end":{"line":76,"column":34}},"19":{"start":{"line":78,"column":2},"end":{"line":80,"column":3}},"20":{"start":{"line":79,"column":4},"end":{"line":79,"column":36}},"21":{"start":{"line":82,"column":2},"end":{"line":82,"column":28}},"22":{"start":{"line":75,"column":13},"end":{"line":75,"column":22}},"23":{"start":{"line":94,"column":27},"end":{"line":94,"column":86}},"24":{"start":{"line":94,"column":67},"end":{"line":94,"column":86}},"25":{"start":{"line":94,"column":13},"end":{"line":94,"column":27}},"26":{"start":{"line":105,"column":22},"end":{"line":105,"column":71}},"27":{"start":{"line":105,"column":57},"end":{"line":105,"column":71}},"28":{"start":{"line":105,"column":13},"end":{"line":105,"column":22}},"29":{"start":{"line":117,"column":25},"end":{"line":117,"column":89}},"30":{"start":{"line":117,"column":63},"end":{"line":117,"column":89}},"31":{"start":{"line":117,"column":13},"end":{"line":117,"column":25}},"32":{"start":{"line":128,"column":25},"end":{"line":132,"column":1}},"33":{"start":{"line":129,"column":2},"end":{"line":131,"column":48}},"34":{"start":{"line":128,"column":13},"end":{"line":128,"column":25}},"35":{"start":{"line":143,"column":24},"end":{"line":143,"column":84}},"36":{"start":{"line":143,"column":61},"end":{"line":143,"column":84}},"37":{"start":{"line":143,"column":13},"end":{"line":143,"column":24}},"38":{"start":{"line":154,"column":23},"end":{"line":154,"column":81}},"39":{"start":{"line":154,"column":59},"end":{"line":154,"column":81}},"40":{"start":{"line":154,"column":13},"end":{"line":154,"column":23}},"41":{"start":{"line":165,"column":24},"end":{"line":165,"column":86}},"42":{"start":{"line":165,"column":61},"end":{"line":165,"column":86}},"43":{"start":{"line":165,"column":13},"end":{"line":165,"column":24}},"44":{"start":{"line":176,"column":24},"end":{"line":176,"column":86}},"45":{"start":{"line":176,"column":61},"end":{"line":176,"column":86}},"46":{"start":{"line":176,"column":13},"end":{"line":176,"column":24}},"47":{"start":{"line":188,"column":24},"end":{"line":189,"column":44}},"48":{"start":{"line":189,"column":2},"end":{"line":189,"column":44}},"49":{"start":{"line":188,"column":13},"end":{"line":188,"column":24}},"50":{"start":{"line":201,"column":25},"end":{"line":202,"column":35}},"51":{"start":{"line":202,"column":2},"end":{"line":202,"column":35}},"52":{"start":{"line":201,"column":13},"end":{"line":201,"column":25}},"53":{"start":{"line":214,"column":30},"end":{"line":215,"column":34}},"54":{"start":{"line":215,"column":2},"end":{"line":215,"column":34}},"55":{"start":{"line":214,"column":13},"end":{"line":214,"column":30}},"56":{"start":{"line":226,"column":21},"end":{"line":227,"column":31}},"57":{"start":{"line":227,"column":2},"end":{"line":227,"column":31}},"58":{"start":{"line":226,"column":13},"end":{"line":226,"column":21}},"59":{"start":{"line":238,"column":24},"end":{"line":238,"column":86}},"60":{"start":{"line":238,"column":61},"end":{"line":238,"column":86}},"61":{"start":{"line":238,"column":13},"end":{"line":238,"column":24}},"62":{"start":{"line":250,"column":24},"end":{"line":251,"column":45}},"63":{"start":{"line":251,"column":2},"end":{"line":251,"column":45}},"64":{"start":{"line":250,"column":13},"end":{"line":250,"column":24}},"65":{"start":{"line":263,"column":29},"end":{"line":268,"column":1}},"66":{"start":{"line":264,"column":2},"end":{"line":264,"column":64}},"67":{"start":{"line":264,"column":51},"end":{"line":264,"column":64}},"68":{"start":{"line":266,"column":16},"end":{"line":266,"column":44}},"69":{"start":{"line":267,"column":2},"end":{"line":267,"column":54}},"70":{"start":{"line":263,"column":13},"end":{"line":263,"column":29}},"71":{"start":{"line":279,"column":23},"end":{"line":279,"column":83}},"72":{"start":{"line":279,"column":63},"end":{"line":279,"column":83}},"73":{"start":{"line":279,"column":13},"end":{"line":279,"column":23}},"74":{"start":{"line":290,"column":26},"end":{"line":290,"column":92}},"75":{"start":{"line":290,"column":65},"end":{"line":290,"column":92}},"76":{"start":{"line":290,"column":13},"end":{"line":290,"column":26}},"77":{"start":{"line":300,"column":22},"end":{"line":300,"column":78}},"78":{"start":{"line":300,"column":57},"end":{"line":300,"column":78}},"79":{"start":{"line":300,"column":13},"end":{"line":300,"column":22}},"80":{"start":{"line":310,"column":21},"end":{"line":310,"column":93}},"81":{"start":{"line":310,"column":73},"end":{"line":310,"column":93}},"82":{"start":{"line":310,"column":13},"end":{"line":310,"column":21}},"83":{"start":{"line":320,"column":21},"end":{"line":320,"column":84}},"84":{"start":{"line":320,"column":64},"end":{"line":320,"column":84}},"85":{"start":{"line":320,"column":13},"end":{"line":320,"column":21}},"86":{"start":{"line":330,"column":25},"end":{"line":331,"column":26}},"87":{"start":{"line":331,"column":2},"end":{"line":331,"column":26}},"88":{"start":{"line":330,"column":13},"end":{"line":330,"column":25}},"89":{"start":{"line":341,"column":25},"end":{"line":342,"column":26}},"90":{"start":{"line":342,"column":2},"end":{"line":342,"column":26}},"91":{"start":{"line":341,"column":13},"end":{"line":341,"column":25}},"92":{"start":{"line":354,"column":26},"end":{"line":357,"column":1}},"93":{"start":{"line":355,"column":2},"end":{"line":356,"column":58}},"94":{"start":{"line":354,"column":13},"end":{"line":354,"column":26}},"95":{"start":{"line":371,"column":31},"end":{"line":374,"column":1}},"96":{"start":{"line":372,"column":2},"end":{"line":373,"column":63}},"97":{"start":{"line":371,"column":13},"end":{"line":371,"column":31}}},"fnMap":{"0":{"name":"(anonymous_0)","decl":{"start":{"line":26,"column":23},"end":{"line":26,"column":24}},"loc":{"start":{"line":26,"column":50},"end":{"line":57,"column":1}}},"1":{"name":"(anonymous_1)","decl":{"start":{"line":75,"column":22},"end":{"line":75,"column":23}},"loc":{"start":{"line":75,"column":75},"end":{"line":83,"column":1}}},"2":{"name":"(anonymous_2)","decl":{"start":{"line":94,"column":27},"end":{"line":94,"column":28}},"loc":{"start":{"line":94,"column":67},"end":{"line":94,"column":86}}},"3":{"name":"(anonymous_3)","decl":{"start":{"line":105,"column":22},"end":{"line":105,"column":23}},"loc":{"start":{"line":105,"column":57},"end":{"line":105,"column":71}}},"4":{"name":"(anonymous_4)","decl":{"start":{"line":117,"column":25},"end":{"line":117,"column":26}},"loc":{"start":{"line":117,"column":63},"end":{"line":117,"column":89}}},"5":{"name":"(anonymous_5)","decl":{"start":{"line":128,"column":25},"end":{"line":128,"column":26}},"loc":{"start":{"line":128,"column":71},"end":{"line":132,"column":1}}},"6":{"name":"(anonymous_6)","decl":{"start":{"line":143,"column":24},"end":{"line":143,"column":25}},"loc":{"start":{"line":143,"column":61},"end":{"line":143,"column":84}}},"7":{"name":"(anonymous_7)","decl":{"start":{"line":154,"column":23},"end":{"line":154,"column":24}},"loc":{"start":{"line":154,"column":59},"end":{"line":154,"column":81}}},"8":{"name":"(anonymous_8)","decl":{"start":{"line":165,"column":24},"end":{"line":165,"column":25}},"loc":{"start":{"line":165,"column":61},"end":{"line":165,"column":86}}},"9":{"name":"(anonymous_9)","decl":{"start":{"line":176,"column":24},"end":{"line":176,"column":25}},"loc":{"start":{"line":176,"column":61},"end":{"line":176,"column":86}}},"10":{"name":"(anonymous_10)","decl":{"start":{"line":188,"column":24},"end":{"line":188,"column":25}},"loc":{"start":{"line":189,"column":2},"end":{"line":189,"column":44}}},"11":{"name":"(anonymous_11)","decl":{"start":{"line":201,"column":25},"end":{"line":201,"column":26}},"loc":{"start":{"line":202,"column":2},"end":{"line":202,"column":35}}},"12":{"name":"(anonymous_12)","decl":{"start":{"line":214,"column":30},"end":{"line":214,"column":31}},"loc":{"start":{"line":215,"column":2},"end":{"line":215,"column":34}}},"13":{"name":"(anonymous_13)","decl":{"start":{"line":226,"column":21},"end":{"line":226,"column":22}},"loc":{"start":{"line":227,"column":2},"end":{"line":227,"column":31}}},"14":{"name":"(anonymous_14)","decl":{"start":{"line":238,"column":24},"end":{"line":238,"column":25}},"loc":{"start":{"line":238,"column":61},"end":{"line":238,"column":86}}},"15":{"name":"(anonymous_15)","decl":{"start":{"line":250,"column":24},"end":{"line":250,"column":25}},"loc":{"start":{"line":251,"column":2},"end":{"line":251,"column":45}}},"16":{"name":"(anonymous_16)","decl":{"start":{"line":263,"column":29},"end":{"line":263,"column":30}},"loc":{"start":{"line":263,"column":82},"end":{"line":268,"column":1}}},"17":{"name":"(anonymous_17)","decl":{"start":{"line":279,"column":23},"end":{"line":279,"column":24}},"loc":{"start":{"line":279,"column":63},"end":{"line":279,"column":83}}},"18":{"name":"(anonymous_18)","decl":{"start":{"line":290,"column":26},"end":{"line":290,"column":27}},"loc":{"start":{"line":290,"column":65},"end":{"line":290,"column":92}}},"19":{"name":"(anonymous_19)","decl":{"start":{"line":300,"column":22},"end":{"line":300,"column":23}},"loc":{"start":{"line":300,"column":57},"end":{"line":300,"column":78}}},"20":{"name":"(anonymous_20)","decl":{"start":{"line":310,"column":21},"end":{"line":310,"column":22}},"loc":{"start":{"line":310,"column":73},"end":{"line":310,"column":93}}},"21":{"name":"(anonymous_21)","decl":{"start":{"line":320,"column":21},"end":{"line":320,"column":22}},"loc":{"start":{"line":320,"column":64},"end":{"line":320,"column":84}}},"22":{"name":"(anonymous_22)","decl":{"start":{"line":330,"column":25},"end":{"line":330,"column":26}},"loc":{"start":{"line":331,"column":2},"end":{"line":331,"column":26}}},"23":{"name":"(anonymous_23)","decl":{"start":{"line":341,"column":25},"end":{"line":341,"column":26}},"loc":{"start":{"line":342,"column":2},"end":{"line":342,"column":26}}},"24":{"name":"(anonymous_24)","decl":{"start":{"line":354,"column":26},"end":{"line":354,"column":27}},"loc":{"start":{"line":354,"column":73},"end":{"line":357,"column":1}}},"25":{"name":"(anonymous_25)","decl":{"start":{"line":371,"column":31},"end":{"line":371,"column":32}},"loc":{"start":{"line":371,"column":83},"end":{"line":374,"column":1}}}},"branchMap":{"0":{"loc":{"start":{"line":27,"column":2},"end":{"line":29,"column":3}},"type":"if","locations":[{"start":{"line":27,"column":2},"end":{"line":29,"column":3}}]},"1":{"loc":{"start":{"line":31,"column":2},"end":{"line":33,"column":3}},"type":"if","locations":[{"start":{"line":31,"column":2},"end":{"line":33,"column":3}}]},"2":{"loc":{"start":{"line":35,"column":2},"end":{"line":37,"column":3}},"type":"if","locations":[{"start":{"line":35,"column":2},"end":{"line":37,"column":3}}]},"3":{"loc":{"start":{"line":41,"column":2},"end":{"line":54,"column":3}},"type":"if","locations":[{"start":{"line":41,"column":2},"end":{"line":54,"column":3}}]},"4":{"loc":{"start":{"line":46,"column":4},"end":{"line":53,"column":5}},"type":"if","locations":[{"start":{"line":46,"column":4},"end":{"line":53,"column":5}}]},"5":{"loc":{"start":{"line":46,"column":8},"end":{"line":46,"column":25}},"type":"binary-expr","locations":[{"start":{"line":46,"column":8},"end":{"line":46,"column":13}},{"start":{"line":46,"column":17},"end":{"line":46,"column":25}}]},"6":{"loc":{"start":{"line":50,"column":6},"end":{"line":52,"column":7}},"type":"if","locations":[{"start":{"line":50,"column":6},"end":{"line":52,"column":7}}]},"7":{"loc":{"start":{"line":78,"column":2},"end":{"line":80,"column":3}},"type":"if","locations":[{"start":{"line":78,"column":2},"end":{"line":80,"column":3}}]},"8":{"loc":{"start":{"line":129,"column":9},"end":{"line":131,"column":47}},"type":"binary-expr","locations":[{"start":{"line":129,"column":9},"end":{"line":129,"column":33}},{"start":{"line":130,"column":5},"end":{"line":130,"column":30}},{"start":{"line":130,"column":34},"end":{"line":130,"column":48}},{"start":{"line":131,"column":5},"end":{"line":131,"column":46}}]},"9":{"loc":{"start":{"line":189,"column":2},"end":{"line":189,"column":44}},"type":"binary-expr","locations":[{"start":{"line":189,"column":2},"end":{"line":189,"column":27}},{"start":{"line":189,"column":31},"end":{"line":189,"column":44}}]},"10":{"loc":{"start":{"line":251,"column":2},"end":{"line":251,"column":45}},"type":"binary-expr","locations":[{"start":{"line":251,"column":2},"end":{"line":251,"column":27}},{"start":{"line":251,"column":31},"end":{"line":251,"column":45}}]},"11":{"loc":{"start":{"line":264,"column":2},"end":{"line":264,"column":64}},"type":"if","locations":[{"start":{"line":264,"column":2},"end":{"line":264,"column":64}}]},"12":{"loc":{"start":{"line":264,"column":6},"end":{"line":264,"column":49}},"type":"binary-expr","locations":[{"start":{"line":264,"column":6},"end":{"line":264,"column":31}},{"start":{"line":264,"column":35},"end":{"line":264,"column":49}}]},"13":{"loc":{"start":{"line":267,"column":9},"end":{"line":267,"column":53}},"type":"binary-expr","locations":[{"start":{"line":267,"column":9},"end":{"line":267,"column":23}},{"start":{"line":267,"column":27},"end":{"line":267,"column":53}}]},"14":{"loc":{"start":{"line":355,"column":9},"end":{"line":356,"column":57}},"type":"binary-expr","locations":[{"start":{"line":355,"column":9},"end":{"line":355,"column":23}},{"start":{"line":356,"column":4},"end":{"line":356,"column":57}}]},"15":{"loc":{"start":{"line":372,"column":9},"end":{"line":373,"column":62}},"type":"binary-expr","locations":[{"start":{"line":372,"column":9},"end":{"line":372,"column":23}},{"start":{"line":373,"column":4},"end":{"line":373,"column":62}}]}},"s":{"0":1,"1":30,"2":2,"3":28,"4":3,"5":25,"6":2,"7":23,"8":23,"9":14,"10":14,"11":14,"12":14,"13":14,"14":12,"15":11,"16":1,"17":1,"18":16,"19":16,"20":2,"21":14,"22":1,"23":1,"24":5,"25":1,"26":1,"27":5,"28":1,"29":1,"30":6,"31":1,"32":1,"33":0,"34":1,"35":1,"36":0,"37":1,"38":1,"39":0,"40":1,"41":1,"42":0,"43":1,"44":1,"45":0,"46":1,"47":1,"48":5,"49":1,"50":1,"51":5,"52":1,"53":1,"54":6,"55":1,"56":1,"57":7,"58":1,"59":1,"60":4,"61":1,"62":1,"63":5,"64":1,"65":1,"66":6,"67":1,"68":5,"69":5,"70":1,"71":1,"72":5,"73":1,"74":1,"75":5,"76":1,"77":1,"78":4,"79":1,"80":1,"81":4,"82":1,"83":1,"84":4,"85":1,"86":1,"87":4,"88":1,"89":1,"90":4,"91":1,"92":1,"93":6,"94":1,"95":1,"96":4,"97":1},"f":{"0":30,"1":16,"2":5,"3":5,"4":6,"5":0,"6":0,"7":0,"8":0,"9":0,"10":5,"11":5,"12":6,"13":7,"14":4,"15":5,"16":6,"17":5,"18":5,"19":4,"20":4,"21":4,"22":4,"23":4,"24":6,"25":4},"b":{"0":[2],"1":[3],"2":[2],"3":[14],"4":[14],"5":[14,14],"6":[12],"7":[2],"8":[0,0,0,0],"9":[5,2],"10":[5,4],"11":[1],"12":[6,6],"13":[5,4],"14":[6,5],"15":[4,3]}}
}
