TN:
SF:src/index.ts
FNF:0
FNH:0
DA:11,0
DA:12,0
DA:13,0
DA:14,0
DA:15,0
DA:16,0
DA:17,0
DA:18,0
DA:19,0
DA:20,0
DA:21,0
DA:22,0
DA:23,0
DA:24,0
DA:25,0
DA:26,0
DA:27,0
DA:28,0
DA:29,0
DA:30,0
DA:34,0
DA:35,0
DA:36,0
DA:37,0
DA:38,0
DA:39,0
DA:40,0
DA:41,0
DA:42,0
DA:43,0
DA:44,0
DA:45,0
DA:46,0
DA:47,0
DA:48,0
DA:49,0
DA:50,0
DA:51,0
DA:52,0
DA:53,0
DA:57,0
DA:81,0
LF:42
LH:0
BRF:0
BRH:0
end_of_record
TN:
SF:src/array/chunk.ts
FN:28,chunk
FN:96,splitIntoGroups
FN:172,groupBy
FN:180,(anonymous_3)
FNF:4
FNH:0
FNDA:0,chunk
FNDA:0,splitIntoGroups
FNDA:0,groupBy
FNDA:0,(anonymous_3)
DA:28,0
DA:34,0
DA:35,0
DA:39,0
DA:42,0
DA:43,0
DA:46,0
DA:49,0
DA:51,0
DA:52,0
DA:53,0
DA:54,0
DA:57,0
DA:58,0
DA:59,0
DA:60,0
DA:62,0
DA:66,0
DA:96,0
DA:102,0
DA:103,0
DA:107,0
DA:110,0
DA:112,0
DA:114,0
DA:115,0
DA:116,0
DA:120,0
DA:122,0
DA:127,0
DA:130,0
DA:132,0
DA:133,0
DA:135,0
DA:137,0
DA:141,0
DA:142,0
DA:145,0
DA:172,0
DA:176,0
DA:177,0
DA:180,0
DA:181,0
DA:185,0
DA:186,0
DA:189,0
DA:190,0
LF:47
LH:0
BRDA:30,0,0,0
BRDA:34,1,0,0
BRDA:34,2,0,0
BRDA:34,2,1,0
BRDA:42,3,0,0
BRDA:57,4,0,0
BRDA:57,4,1,0
BRDA:57,5,0,0
BRDA:57,5,1,0
BRDA:57,5,2,0
BRDA:57,6,0,0
BRDA:57,6,1,0
BRDA:57,7,0,0
BRDA:57,7,1,0
BRDA:99,8,0,0
BRDA:102,9,0,0
BRDA:102,10,0,0
BRDA:102,10,1,0
BRDA:102,10,2,0
BRDA:110,11,0,0
BRDA:137,12,0,0
BRDA:137,12,1,0
BRDA:176,13,0,0
BRDA:176,14,0,0
BRDA:176,14,1,0
BRDA:181,15,0,0
BRDA:181,15,1,0
BRDA:185,16,0,0
BRF:28
BRH:0
end_of_record
TN:
SF:src/array/difference.ts
FN:27,difference
FN:48,(anonymous_1)
FN:49,(anonymous_2)
FN:50,(anonymous_3)
FN:58,(anonymous_4)
FN:59,(anonymous_5)
FN:62,(anonymous_6)
FNF:7
FNH:0
FNDA:0,difference
FNDA:0,(anonymous_1)
FNDA:0,(anonymous_2)
FNDA:0,(anonymous_3)
FNDA:0,(anonymous_4)
FNDA:0,(anonymous_5)
FNDA:0,(anonymous_6)
DA:27,0
DA:28,0
DA:29,0
DA:32,0
DA:33,0
DA:37,0
DA:38,0
DA:41,0
DA:44,0
DA:47,0
DA:48,0
DA:49,0
DA:50,0
DA:57,0
DA:58,0
DA:59,0
DA:62,0
LF:17
LH:0
BRDA:28,0,0,0
BRDA:28,1,0,0
BRDA:28,1,1,0
BRDA:32,2,0,0
BRDA:41,3,0,0
BRDA:41,3,1,0
BRDA:44,4,0,0
BRDA:44,4,1,0
BRDA:47,5,0,0
BRF:9
BRH:0
end_of_record
TN:
SF:src/array/flatten.ts
FN:12,flatten
FN:27,(anonymous_1)
FN:54,flattenTree
FN:68,traverse
FNF:4
FNH:0
FNDA:0,flatten
FNDA:0,(anonymous_1)
FNDA:0,flattenTree
FNDA:0,traverse
DA:12,0
DA:13,0
DA:14,0
DA:17,0
DA:18,0
DA:22,0
DA:23,0
DA:27,0
DA:28,0
DA:29,0
DA:31,0
DA:33,0
DA:54,0
DA:61,0
DA:62,0
DA:65,0
DA:66,0
DA:69,0
DA:71,0
DA:73,0
DA:76,0
DA:77,0
DA:80,0
DA:83,0
DA:84,0
DA:89,0
DA:90,0
LF:27
LH:0
BRDA:12,0,0,0
BRDA:13,1,0,0
BRDA:17,2,0,0
BRDA:22,3,0,0
BRDA:28,4,0,0
BRDA:28,4,1,0
BRDA:28,5,0,0
BRDA:28,5,1,0
BRDA:61,6,0,0
BRDA:61,7,0,0
BRDA:61,7,1,0
BRDA:65,8,0,0
BRDA:76,9,0,0
BRDA:76,10,0,0
BRDA:76,10,1,0
BRDA:83,11,0,0
BRDA:83,12,0,0
BRDA:83,12,1,0
BRF:18
BRH:0
end_of_record
TN:
SF:src/array/groupBy.ts
FN:31,groupBy
FN:41,(anonymous_1)
FNF:2
FNH:0
FNDA:0,groupBy
FNDA:0,(anonymous_1)
DA:31,0
DA:35,0
DA:37,0
DA:38,0
DA:41,0
DA:44,0
DA:45,0
DA:47,0
DA:51,0
DA:53,0
DA:54,0
DA:57,0
DA:60,0
LF:13
LH:0
BRDA:37,0,0,0
BRDA:37,1,0,0
BRDA:37,1,1,0
BRDA:37,1,2,0
BRDA:44,2,0,0
BRDA:44,2,1,0
BRDA:53,3,0,0
BRF:7
BRH:0
end_of_record
TN:
SF:src/array/intersection.ts
FN:24,intersection
FN:48,(anonymous_1)
FN:49,(anonymous_2)
FN:50,(anonymous_3)
FN:56,(anonymous_4)
FN:57,(anonymous_5)
FNF:6
FNH:0
FNDA:0,intersection
FNDA:0,(anonymous_1)
FNDA:0,(anonymous_2)
FNDA:0,(anonymous_3)
FNDA:0,(anonymous_4)
FNDA:0,(anonymous_5)
DA:24,0
DA:25,0
DA:26,0
DA:30,0
DA:31,0
DA:34,0
DA:37,0
DA:39,0
DA:40,0
DA:44,0
DA:47,0
DA:48,0
DA:49,0
DA:50,0
DA:56,0
DA:57,0
LF:16
LH:0
BRDA:25,0,0,0
BRDA:34,1,0,0
BRDA:34,1,1,0
BRDA:37,2,0,0
BRDA:37,2,1,0
BRDA:39,3,0,0
BRDA:47,4,0,0
BRF:7
BRH:0
end_of_record
TN:
SF:src/array/shuffle.ts
FN:10,shuffle
FN:41,sample
FN:65,sampleOne
FNF:3
FNH:0
FNDA:0,shuffle
FNDA:0,sample
FNDA:0,sampleOne
DA:10,0
DA:11,0
DA:12,0
DA:15,0
DA:16,0
DA:19,0
DA:21,0
DA:22,0
DA:25,0
DA:28,0
DA:41,0
DA:42,0
DA:43,0
DA:47,0
DA:50,0
DA:53,0
DA:65,0
DA:66,0
DA:67,0
DA:70,0
DA:71,0
LF:21
LH:0
BRDA:11,0,0,0
BRDA:41,1,0,0
BRDA:42,2,0,0
BRDA:42,3,0,0
BRDA:42,3,1,0
BRDA:42,3,2,0
BRDA:66,4,0,0
BRDA:66,5,0,0
BRDA:66,5,1,0
BRF:9
BRH:0
end_of_record
TN:
SF:src/array/sortBy.ts
FN:80,sortBy
FN:95,(anonymous_1)
FN:104,(anonymous_2)
FN:163,sortByDesc
FNF:4
FNH:0
FNDA:0,sortBy
FNDA:0,(anonymous_1)
FNDA:0,(anonymous_2)
FNDA:0,sortByDesc
DA:80,0
DA:85,0
DA:86,0
DA:89,0
DA:90,0
DA:91,0
DA:94,0
DA:95,0
DA:96,0
DA:97,0
DA:102,0
DA:104,0
DA:105,0
DA:106,0
DA:109,0
DA:111,0
DA:112,0
DA:115,0
DA:119,0
DA:120,0
DA:123,0
DA:124,0
DA:125,0
DA:128,0
DA:129,0
DA:133,0
DA:136,0
DA:163,0
DA:167,0
LF:29
LH:0
BRDA:83,0,0,0
BRDA:85,1,0,0
BRDA:85,2,0,0
BRDA:85,2,1,0
BRDA:85,2,2,0
BRDA:86,3,0,0
BRDA:86,3,1,0
BRDA:90,4,0,0
BRDA:91,5,0,0
BRDA:91,5,1,0
BRDA:94,6,0,0
BRDA:97,7,0,0
BRDA:97,7,1,0
BRDA:102,8,0,0
BRDA:102,8,1,0
BRDA:109,9,0,0
BRDA:109,9,1,0
BRDA:109,10,0,0
BRDA:109,10,1,0
BRDA:112,11,0,0
BRDA:112,11,1,0
BRDA:123,12,0,0
BRDA:124,13,0,0
BRDA:124,14,0,0
BRDA:124,14,1,0
BRDA:125,15,0,0
BRDA:125,16,0,0
BRDA:125,16,1,0
BRDA:128,17,0,0
BRDA:128,18,0,0
BRDA:128,18,1,0
BRDA:133,19,0,0
BRDA:133,19,1,0
BRF:33
BRH:0
end_of_record
TN:
SF:src/array/unique.ts
FN:10,unique
FN:36,uniqueBy
FNF:2
FNH:0
FNDA:0,unique
FNDA:0,uniqueBy
DA:10,0
DA:11,0
DA:12,0
DA:14,0
DA:36,0
DA:40,0
DA:41,0
DA:44,0
DA:45,0
DA:47,0
DA:48,0
DA:51,0
DA:52,0
DA:54,0
DA:58,0
DA:59,0
DA:62,0
DA:63,0
DA:64,0
DA:68,0
LF:20
LH:0
BRDA:11,0,0,0
BRDA:40,1,0,0
BRDA:40,2,0,0
BRDA:40,2,1,0
BRDA:51,3,0,0
BRDA:51,3,1,0
BRDA:58,4,0,0
BRDA:58,5,0,0
BRDA:58,5,1,0
BRDA:62,6,0,0
BRF:10
BRH:0
end_of_record
TN:
SF:src/boolean/index.ts
FN:17,(anonymous_0)
FN:44,(anonymous_1)
FN:70,(anonymous_2)
FNF:3
FNH:3
FNDA:5,(anonymous_0)
FNDA:24,(anonymous_1)
FNDA:12,(anonymous_2)
DA:17,1
DA:18,5
DA:19,3
DA:20,3
DA:21,3
DA:22,2
DA:24,1
DA:25,1
DA:44,1
DA:45,24
DA:46,20
DA:47,16
DA:48,6
DA:49,2
DA:50,0
DA:51,0
DA:70,12
LF:17
LH:15
BRDA:18,0,0,2
BRDA:19,1,0,3
BRDA:21,2,0,1
BRDA:22,3,0,1
BRDA:24,4,0,0
BRDA:45,5,0,4
BRDA:45,6,0,24
BRDA:45,6,1,22
BRDA:46,7,0,4
BRDA:47,8,0,10
BRDA:48,9,0,4
BRDA:49,10,0,2
BRDA:50,11,0,0
BRF:13
BRH:11
end_of_record
TN:
SF:src/browser/browser.ts
FN:31,getBrowserInfo
FN:98,isBrowser
FN:114,isChrome
FN:129,isFirefox
FN:144,isSafari
FN:159,isEdge
FN:174,isIE
FN:192,supportsCSSProperty
FN:208,supportsMediaQuery
FN:226,supportsWebAPI
FN:241,supportsOfflineStorage
FN:259,supportsInputType
FNF:12
FNH:0
FNDA:0,getBrowserInfo
FNDA:0,isBrowser
FNDA:0,isChrome
FNDA:0,isFirefox
FNDA:0,isSafari
FNDA:0,isEdge
FNDA:0,isIE
FNDA:0,supportsCSSProperty
FNDA:0,supportsMediaQuery
FNDA:0,supportsWebAPI
FNDA:0,supportsOfflineStorage
FNDA:0,supportsInputType
DA:31,0
DA:32,0
DA:33,0
DA:34,0
DA:35,0
DA:38,0
DA:39,0
DA:43,0
DA:44,0
DA:45,0
DA:46,0
DA:47,0
DA:49,0
DA:50,0
DA:51,0
DA:52,0
DA:53,0
DA:55,0
DA:56,0
DA:57,0
DA:58,0
DA:59,0
DA:61,0
DA:62,0
DA:63,0
DA:64,0
DA:65,0
DA:67,0
DA:68,0
DA:69,0
DA:70,0
DA:71,0
DA:73,0
DA:74,0
DA:75,0
DA:76,0
DA:77,0
DA:81,0
DA:98,0
DA:99,0
DA:100,0
DA:114,0
DA:115,0
DA:129,0
DA:130,0
DA:144,0
DA:145,0
DA:159,0
DA:160,0
DA:174,0
DA:175,0
DA:192,0
DA:193,0
DA:208,0
DA:209,0
DA:226,0
DA:227,0
DA:241,0
DA:242,0
DA:259,0
DA:260,0
DA:261,0
DA:262,0
LF:63
LH:0
BRDA:38,0,0,0
BRDA:43,1,0,0
BRDA:43,1,1,0
BRDA:46,2,0,0
BRDA:49,3,0,0
BRDA:49,3,1,0
BRDA:52,4,0,0
BRDA:55,5,0,0
BRDA:55,5,1,0
BRDA:58,6,0,0
BRDA:61,7,0,0
BRDA:61,7,1,0
BRDA:61,8,0,0
BRDA:61,8,1,0
BRDA:64,9,0,0
BRDA:67,10,0,0
BRDA:67,10,1,0
BRDA:70,11,0,0
BRDA:73,12,0,0
BRDA:76,13,0,0
BRDA:209,14,0,0
BRDA:209,14,1,0
BRDA:242,15,0,0
BRDA:242,15,1,0
BRF:24
BRH:0
end_of_record
TN:
SF:src/browser/device.ts
FN:19,isMobile
FN:39,isTablet
FN:63,isDesktop
FN:78,isIOS
FN:96,isAndroid
FN:115,isPortrait
FN:136,isLandscape
FN:155,getDevicePixelRatio
FN:172,isTouchDevice
FN:200,getDeviceType
FNF:10
FNH:0
FNDA:0,isMobile
FNDA:0,isTablet
FNDA:0,isDesktop
FNDA:0,isIOS
FNDA:0,isAndroid
FNDA:0,isPortrait
FNDA:0,isLandscape
FNDA:0,getDevicePixelRatio
FNDA:0,isTouchDevice
FNDA:0,getDeviceType
DA:19,0
DA:20,0
DA:23,0
DA:25,0
DA:39,0
DA:41,0
DA:44,0
DA:47,0
DA:49,0
DA:63,0
DA:64,0
DA:78,0
DA:79,0
DA:82,0
DA:96,0
DA:97,0
DA:99,0
DA:115,0
DA:117,0
DA:118,0
DA:122,0
DA:136,0
DA:137,0
DA:155,0
DA:156,0
DA:172,0
DA:173,0
DA:200,0
DA:201,0
DA:202,0
DA:203,0
DA:204,0
DA:206,0
LF:33
LH:0
BRDA:20,0,0,0
BRDA:20,0,1,0
BRDA:20,0,2,0
BRDA:20,0,3,0
BRDA:41,1,0,0
BRDA:41,1,1,0
BRDA:41,1,2,0
BRDA:41,1,3,0
BRDA:47,2,0,0
BRDA:47,2,1,0
BRDA:47,2,2,0
BRDA:49,3,0,0
BRDA:49,3,1,0
BRDA:49,3,2,0
BRDA:64,4,0,0
BRDA:64,4,1,0
BRDA:79,5,0,0
BRDA:79,5,1,0
BRDA:79,5,2,0
BRDA:79,5,3,0
BRDA:82,6,0,0
BRDA:82,6,1,0
BRDA:97,7,0,0
BRDA:97,7,1,0
BRDA:117,8,0,0
BRDA:156,9,0,0
BRDA:156,9,1,0
BRDA:174,10,0,0
BRDA:174,10,1,0
BRDA:174,10,2,0
BRDA:201,11,0,0
BRDA:201,11,1,0
BRDA:203,12,0,0
BRDA:203,12,1,0
BRF:34
BRH:0
end_of_record
TN:
SF:src/browser/index.ts
FNF:0
FNH:0
DA:6,0
DA:7,0
LF:2
LH:0
BRF:0
BRH:0
end_of_record
TN:
SF:src/color/adjustColor.ts
FN:31,adjustColor
FN:79,toHSL
FN:96,(anonymous_2)
FN:156,hslToString
FN:169,hslToRgb
FN:182,(anonymous_5)
FNF:6
FNH:0
FNDA:0,adjustColor
FNDA:0,toHSL
FNDA:0,(anonymous_2)
FNDA:0,hslToString
FNDA:0,hslToRgb
FNDA:0,(anonymous_5)
DA:31,0
DA:46,0
DA:49,0
DA:50,0
DA:53,0
DA:54,0
DA:57,0
DA:60,0
DA:63,0
DA:64,0
DA:68,0
DA:85,0
DA:87,0
DA:89,0
DA:90,0
DA:91,0
DA:95,0
DA:96,0
DA:100,0
DA:101,0
DA:102,0
DA:105,0
DA:106,0
DA:107,0
DA:108,0
DA:112,0
DA:113,0
DA:114,0
DA:117,0
DA:118,0
DA:119,0
DA:122,0
DA:123,0
DA:124,0
DA:126,0
DA:128,0
DA:129,0
DA:131,0
DA:132,0
DA:134,0
DA:135,0
DA:138,0
DA:142,0
DA:157,0
DA:158,0
DA:170,0
DA:171,0
DA:172,0
DA:173,0
DA:177,0
DA:179,0
DA:182,0
DA:183,0
DA:184,0
DA:185,0
DA:186,0
DA:187,0
DA:188,0
DA:191,0
DA:194,0
DA:196,0
DA:197,0
DA:198,0
DA:202,0
DA:209,0
DA:210,0
DA:213,0
LF:67
LH:0
BRDA:33,0,0,0
BRDA:42,1,0,0
BRDA:43,2,0,0
BRDA:44,3,0,0
BRDA:50,4,0,0
BRDA:54,5,0,0
BRDA:63,6,0,0
BRDA:68,7,0,0
BRDA:68,7,1,0
BRDA:85,8,0,0
BRDA:85,8,1,0
BRDA:89,9,0,0
BRDA:95,10,0,0
BRDA:95,10,1,0
BRDA:122,11,0,0
BRDA:124,12,0,0
BRDA:124,12,1,0
BRDA:126,13,0,0
BRDA:126,13,1,0
BRDA:126,13,2,0
BRDA:128,14,0,0
BRDA:128,14,1,0
BRDA:158,15,0,0
BRDA:158,15,1,0
BRDA:177,16,0,0
BRDA:177,16,1,0
BRDA:183,17,0,0
BRDA:184,18,0,0
BRDA:185,19,0,0
BRDA:186,20,0,0
BRDA:187,21,0,0
BRDA:191,22,0,0
BRDA:191,22,1,0
BRDA:209,23,0,0
BRF:34
BRH:0
end_of_record
TN:
SF:src/color/hexToRgb.ts
FN:30,hexToRgb
FN:60,(anonymous_1)
FNF:2
FNH:0
FNDA:0,hexToRgb
FNDA:0,(anonymous_1)
DA:30,0
DA:41,0
DA:44,0
DA:48,0
DA:50,0
DA:51,0
DA:52,0
DA:56,0
DA:57,0
DA:58,0
DA:60,0
DA:65,0
DA:66,0
DA:67,0
DA:70,0
DA:72,0
DA:77,0
DA:82,0
DA:87,0
LF:19
LH:0
BRDA:32,0,0,0
BRDA:39,1,0,0
BRDA:40,2,0,0
BRDA:50,3,0,0
BRDA:57,4,0,0
BRDA:70,5,0,0
BRDA:70,5,1,0
BRDA:70,5,2,0
BRDA:70,5,3,0
BRDA:72,6,0,0
BRDA:72,6,1,0
BRDA:77,7,0,0
BRDA:77,7,1,0
BRDA:82,8,0,0
BRDA:82,8,1,0
BRF:15
BRH:0
end_of_record
TN:
SF:src/color/index.ts
FNF:0
FNH:0
DA:6,0
DA:7,0
DA:8,0
LF:3
LH:0
BRF:0
BRH:0
end_of_record
TN:
SF:src/color/rgbToHex.ts
FN:29,rgbToHex
FNF:1
FNH:0
FNDA:0,rgbToHex
DA:29,0
DA:40,0
DA:43,0
DA:44,0
DA:46,0
DA:47,0
DA:48,0
DA:51,0
DA:52,0
DA:53,0
DA:57,0
DA:58,0
DA:59,0
DA:63,0
DA:64,0
DA:65,0
DA:68,0
DA:69,0
DA:70,0
DA:73,0
LF:20
LH:0
BRDA:33,0,0,0
BRDA:40,1,0,0
BRDA:43,2,0,0
BRDA:43,2,1,0
BRDA:44,3,0,0
BRDA:44,3,1,0
BRDA:46,4,0,0
BRDA:46,4,1,0
BRDA:47,5,0,0
BRDA:47,5,1,0
BRDA:48,6,0,0
BRDA:48,6,1,0
BRDA:51,7,0,0
BRDA:51,7,1,0
BRDA:52,8,0,0
BRDA:52,8,1,0
BRDA:53,9,0,0
BRDA:53,9,1,0
BRDA:57,10,0,0
BRDA:57,10,1,0
BRDA:58,11,0,0
BRDA:58,11,1,0
BRDA:59,12,0,0
BRDA:59,12,1,0
BRDA:73,13,0,0
BRDA:73,13,1,0
BRF:26
BRH:0
end_of_record
TN:
SF:src/date/addDays.ts
FN:25,addDays
FN:49,toDate
FNF:2
FNH:2
FNDA:13,addDays
FNDA:13,toDate
DA:25,2
DA:27,13
DA:30,13
DA:31,1
DA:35,12
DA:38,12
DA:40,12
DA:50,13
DA:51,10
DA:54,3
DA:55,1
DA:58,2
DA:60,2
DA:61,2
DA:62,1
DA:66,1
LF:16
LH:16
BRDA:30,0,0,1
BRDA:50,1,0,10
BRDA:54,2,0,1
BRDA:58,3,0,2
BRDA:61,4,0,1
BRF:5
BRH:5
end_of_record
TN:
SF:src/date/addMonths.ts
FN:25,addMonths
FN:60,toDate
FNF:2
FNH:2
FNDA:1,addMonths
FNDA:1,toDate
DA:25,1
DA:27,1
DA:30,1
DA:31,0
DA:35,1
DA:38,1
DA:41,1
DA:46,1
DA:48,0
DA:51,1
DA:61,1
DA:62,1
DA:65,0
DA:66,0
DA:69,0
DA:71,0
DA:72,0
DA:73,0
DA:77,0
LF:19
LH:10
BRDA:30,0,0,0
BRDA:46,1,0,0
BRDA:61,2,0,1
BRDA:65,3,0,0
BRDA:69,4,0,0
BRDA:72,5,0,0
BRF:6
BRH:1
end_of_record
TN:
SF:src/date/addYears.ts
FN:23,addYears
FN:59,toDate
FNF:2
FNH:0
FNDA:0,addYears
FNDA:0,toDate
DA:23,1
DA:25,0
DA:28,0
DA:29,0
DA:33,0
DA:36,0
DA:37,0
DA:40,0
DA:44,0
DA:47,0
DA:50,0
DA:60,0
DA:61,0
DA:64,0
DA:65,0
DA:68,0
DA:70,0
DA:71,0
DA:72,0
DA:76,0
LF:20
LH:1
BRDA:28,0,0,0
BRDA:44,1,0,0
BRDA:60,2,0,0
BRDA:64,3,0,0
BRDA:68,4,0,0
BRDA:71,5,0,0
BRF:6
BRH:0
end_of_record
TN:
SF:src/date/formatDate.ts
FN:25,formatDate
FN:105,(anonymous_1)
FN:117,padZero
FN:127,toDate
FNF:4
FNH:4
FNDA:31,formatDate
FNDA:61,(anonymous_1)
FNDA:174,padZero
FNDA:31,toDate
DA:25,2
DA:30,31
DA:33,31
DA:36,31
DA:37,2
DA:41,29
DA:42,29
DA:43,29
DA:44,29
DA:45,29
DA:46,29
DA:47,29
DA:48,29
DA:51,29
DA:70,29
DA:71,29
DA:72,29
DA:73,29
DA:74,29
DA:77,29
DA:78,29
DA:79,29
DA:80,29
DA:83,0
DA:84,0
DA:85,0
DA:86,0
DA:88,0
DA:89,0
DA:90,0
DA:91,0
DA:95,29
DA:96,27
DA:97,27
DA:98,27
DA:102,29
DA:103,29
DA:105,61
DA:107,29
DA:118,174
DA:128,31
DA:129,27
DA:132,4
DA:133,1
DA:136,3
DA:138,3
DA:139,3
DA:140,2
DA:144,1
LF:49
LH:41
BRDA:27,0,0,5
BRDA:28,1,0,29
BRDA:30,2,0,29
BRDA:36,3,0,2
BRDA:65,4,0,16
BRDA:65,4,1,13
BRDA:66,5,0,16
BRDA:66,5,1,13
BRDA:95,6,0,27
BRDA:117,7,0,145
BRDA:128,8,0,27
BRDA:132,9,0,1
BRDA:136,10,0,3
BRDA:139,11,0,2
BRF:14
BRH:14
end_of_record
TN:
SF:src/date/getDaysInMonth.ts
FN:26,getDaysInMonth
FN:64,toDate
FNF:2
FNH:0
FNDA:0,getDaysInMonth
FNDA:0,toDate
DA:26,1
DA:31,0
DA:33,0
DA:34,0
DA:37,0
DA:40,0
DA:41,0
DA:44,0
DA:45,0
DA:49,0
DA:50,0
DA:54,0
DA:55,0
DA:65,0
DA:66,0
DA:69,0
DA:70,0
DA:73,0
DA:75,0
DA:76,0
DA:77,0
DA:81,0
LF:22
LH:1
BRDA:31,0,0,0
BRDA:31,0,1,0
BRDA:31,1,0,0
BRDA:31,1,1,0
BRDA:40,2,0,0
BRDA:49,3,0,0
BRDA:49,4,0,0
BRDA:49,4,1,0
BRDA:65,5,0,0
BRDA:69,6,0,0
BRDA:73,7,0,0
BRDA:76,8,0,0
BRF:12
BRH:0
end_of_record
TN:
SF:src/date/getWeekNumber.ts
FN:22,getWeekNumber
FN:120,getDayOfYear
FN:133,toDate
FNF:3
FNH:3
FNDA:1,getWeekNumber
FNDA:1,getDayOfYear
FNDA:1,toDate
DA:22,1
DA:33,1
DA:36,1
DA:37,0
DA:39,1
DA:40,0
DA:44,1
DA:47,1
DA:48,0
DA:52,1
DA:55,1
DA:58,1
DA:59,1
DA:64,1
DA:67,1
DA:70,1
DA:73,1
DA:78,1
DA:80,1
DA:84,0
DA:87,0
DA:89,0
DA:97,1
DA:99,0
DA:100,0
DA:103,0
DA:106,0
DA:107,0
DA:111,1
DA:121,1
DA:122,1
DA:123,1
DA:124,1
DA:134,1
DA:135,1
DA:138,0
DA:139,0
DA:142,0
DA:144,0
DA:145,0
DA:146,0
DA:150,0
LF:42
LH:24
BRDA:24,0,0,1
BRDA:31,1,0,1
BRDA:32,2,0,1
BRDA:36,3,0,0
BRDA:36,4,0,1
BRDA:36,4,1,1
BRDA:39,5,0,0
BRDA:39,6,0,1
BRDA:39,6,1,1
BRDA:47,7,0,0
BRDA:78,8,0,1
BRDA:78,8,1,0
BRDA:87,9,0,0
BRDA:97,10,0,0
BRDA:106,11,0,0
BRDA:106,12,0,0
BRDA:106,12,1,0
BRDA:134,13,0,1
BRDA:138,14,0,0
BRDA:142,15,0,0
BRDA:145,16,0,0
BRF:21
BRH:9
end_of_record
TN:
SF:src/date/index.ts
FNF:0
FNH:0
DA:6,1
DA:7,1
DA:8,1
DA:9,1
DA:10,1
DA:11,1
DA:12,1
DA:13,1
DA:14,1
DA:15,1
DA:16,1
DA:17,1
LF:12
LH:12
BRF:0
BRH:0
end_of_record
TN:
SF:src/date/isAfter.ts
FN:27,isAfter
FN:47,toDate
FNF:2
FNH:0
FNDA:0,isAfter
FNDA:0,toDate
DA:27,1
DA:29,0
DA:30,0
DA:33,0
DA:34,0
DA:38,0
DA:48,0
DA:49,0
DA:52,0
DA:53,0
DA:56,0
DA:58,0
DA:59,0
DA:60,0
DA:64,0
LF:15
LH:1
BRDA:33,0,0,0
BRDA:33,1,0,0
BRDA:33,1,1,0
BRDA:48,2,0,0
BRDA:52,3,0,0
BRDA:56,4,0,0
BRDA:59,5,0,0
BRF:7
BRH:0
end_of_record
TN:
SF:src/date/isBefore.ts
FN:27,isBefore
FN:47,toDate
FNF:2
FNH:0
FNDA:0,isBefore
FNDA:0,toDate
DA:27,1
DA:29,0
DA:30,0
DA:33,0
DA:34,0
DA:38,0
DA:48,0
DA:49,0
DA:52,0
DA:53,0
DA:56,0
DA:58,0
DA:59,0
DA:60,0
DA:64,0
LF:15
LH:1
BRDA:33,0,0,0
BRDA:33,1,0,0
BRDA:33,1,1,0
BRDA:48,2,0,0
BRDA:52,3,0,0
BRDA:56,4,0,0
BRDA:59,5,0,0
BRF:7
BRH:0
end_of_record
TN:
SF:src/date/isDate.ts
FN:28,isDate
FN:47,(anonymous_1)
FN:75,isISODateString
FNF:3
FNH:3
FNDA:2,isDate
FNDA:3,(anonymous_1)
FNDA:1,isISODateString
DA:28,1
DA:30,2
DA:31,1
DA:35,1
DA:36,0
DA:40,1
DA:42,1
DA:43,1
DA:46,1
DA:47,3
DA:49,1
DA:50,1
DA:52,1
DA:53,1
DA:56,1
DA:62,0
DA:66,0
DA:76,1
DA:77,1
LF:19
LH:16
BRDA:30,0,0,1
BRDA:35,1,0,0
BRDA:40,2,0,1
BRDA:40,3,0,1
BRDA:40,3,1,1
BRDA:43,4,0,1
BRDA:46,5,0,1
BRDA:49,6,0,1
BRDA:56,7,0,1
BRDA:56,7,1,1
BRDA:56,7,2,1
BRF:11
BRH:10
end_of_record
TN:
SF:src/date/isSameDay.ts
FN:25,isSameDay
FN:49,toDate
FNF:2
FNH:2
FNDA:13,isSameDay
FNDA:26,toDate
DA:25,2
DA:27,13
DA:28,13
DA:31,13
DA:32,1
DA:36,12
DA:50,26
DA:51,16
DA:54,10
DA:55,3
DA:58,7
DA:60,7
DA:61,7
DA:62,6
DA:66,1
LF:15
LH:15
BRDA:31,0,0,1
BRDA:31,1,0,13
BRDA:31,1,1,12
BRDA:37,2,0,12
BRDA:37,2,1,11
BRDA:37,2,2,10
BRDA:50,3,0,16
BRDA:54,4,0,3
BRDA:58,5,0,7
BRDA:61,6,0,6
BRF:10
BRH:10
end_of_record
TN:
SF:src/date/isToday.ts
FN:23,isToday
FN:49,toDate
FNF:2
FNH:0
FNDA:0,isToday
FNDA:0,toDate
DA:23,1
DA:25,0
DA:28,0
DA:31,0
DA:32,0
DA:36,0
DA:50,0
DA:51,0
DA:54,0
DA:55,0
DA:58,0
DA:60,0
DA:61,0
DA:62,0
DA:66,0
LF:15
LH:1
BRDA:31,0,0,0
BRDA:37,1,0,0
BRDA:37,1,1,0
BRDA:37,1,2,0
BRDA:50,2,0,0
BRDA:54,3,0,0
BRDA:58,4,0,0
BRDA:61,5,0,0
BRF:8
BRH:0
end_of_record
TN:
SF:src/date/timeAgo.ts
FN:30,timeAgo
FN:110,toDate
FNF:2
FNH:2
FNDA:1,timeAgo
FNDA:2,toDate
DA:30,1
DA:36,1
DA:39,1
DA:40,1
DA:43,1
DA:44,0
DA:48,1
DA:49,1
DA:52,1
DA:53,1
DA:56,1
DA:57,1
DA:58,1
DA:59,1
DA:60,1
DA:61,1
DA:62,1
DA:68,1
DA:69,0
DA:70,0
DA:71,1
DA:72,0
DA:73,0
DA:74,1
DA:75,1
DA:76,1
DA:77,0
DA:78,0
DA:79,0
DA:80,0
DA:81,0
DA:82,0
DA:83,0
DA:84,0
DA:85,0
DA:87,0
DA:88,0
DA:92,1
DA:93,0
DA:97,1
DA:98,1
DA:100,0
DA:111,2
DA:112,2
DA:115,0
DA:116,0
DA:119,0
DA:121,0
DA:122,0
DA:123,0
DA:127,0
LF:51
LH:26
BRDA:32,0,0,1
BRDA:33,1,0,1
BRDA:36,2,0,1
BRDA:43,3,0,0
BRDA:43,4,0,1
BRDA:43,4,1,1
BRDA:53,5,0,0
BRDA:53,5,1,1
BRDA:68,6,0,0
BRDA:68,6,1,1
BRDA:70,7,0,0
BRDA:70,7,1,0
BRDA:71,8,0,0
BRDA:71,8,1,1
BRDA:73,9,0,0
BRDA:73,9,1,0
BRDA:74,10,0,1
BRDA:74,10,1,0
BRDA:76,11,0,1
BRDA:76,11,1,0
BRDA:77,12,0,0
BRDA:77,12,1,0
BRDA:79,13,0,0
BRDA:79,13,1,0
BRDA:80,14,0,0
BRDA:80,14,1,0
BRDA:82,15,0,0
BRDA:82,15,1,0
BRDA:83,16,0,0
BRDA:83,16,1,0
BRDA:85,17,0,0
BRDA:85,17,1,0
BRDA:88,18,0,0
BRDA:88,18,1,0
BRDA:92,19,0,0
BRDA:92,20,0,1
BRDA:92,20,1,0
BRDA:97,21,0,1
BRDA:97,21,1,0
BRDA:98,22,0,0
BRDA:98,22,1,1
BRDA:100,23,0,0
BRDA:100,23,1,0
BRDA:111,24,0,2
BRDA:115,25,0,0
BRDA:119,26,0,0
BRDA:122,27,0,0
BRF:47
BRH:14
end_of_record
TN:
SF:src/dom/addClass.ts
FN:16,addClass
FNF:1
FNH:0
FNDA:0,addClass
DA:16,0
DA:17,0
DA:18,0
DA:21,0
DA:23,0
DA:24,0
DA:26,0
DA:28,0
DA:29,0
DA:30,0
DA:34,0
DA:37,0
LF:12
LH:0
BRDA:17,0,0,0
BRDA:17,1,0,0
BRDA:17,1,1,0
BRDA:23,2,0,0
BRDA:23,2,1,0
BRDA:29,3,0,0
BRF:6
BRH:0
end_of_record
TN:
SF:src/dom/createElement.ts
FN:94,createElement
FN:123,(anonymous_1)
FN:130,(anonymous_2)
FN:137,(anonymous_3)
FN:144,(anonymous_4)
FNF:5
FNH:0
FNDA:0,createElement
FNDA:0,(anonymous_1)
FNDA:0,(anonymous_2)
FNDA:0,(anonymous_3)
FNDA:0,(anonymous_4)
DA:94,0
DA:99,0
DA:102,0
DA:103,0
DA:107,0
DA:108,0
DA:112,0
DA:113,0
DA:117,0
DA:118,0
DA:122,0
DA:123,0
DA:124,0
DA:129,0
DA:130,0
DA:131,0
DA:136,0
DA:137,0
DA:138,0
DA:143,0
DA:144,0
DA:145,0
DA:149,0
LF:23
LH:0
BRDA:96,0,0,0
BRDA:102,1,0,0
BRDA:107,2,0,0
BRDA:112,3,0,0
BRDA:117,4,0,0
BRDA:122,5,0,0
BRDA:129,6,0,0
BRDA:136,7,0,0
BRDA:143,8,0,0
BRF:9
BRH:0
end_of_record
TN:
SF:src/dom/getDomPosition.ts
FN:40,getDomPosition
FNF:1
FNH:0
FNDA:0,getDomPosition
DA:40,0
DA:42,0
DA:45,0
DA:46,0
DA:49,0
DA:50,0
DA:52,0
LF:7
LH:0
BRDA:45,0,0,0
BRDA:45,0,1,0
BRDA:46,1,0,0
BRDA:46,1,1,0
BRF:4
BRH:0
end_of_record
TN:
SF:src/dom/getStyle.ts
FN:23,getStyle
FN:46,getStyleNumber
FNF:2
FNH:0
FNDA:0,getStyle
FNDA:0,getStyleNumber
DA:23,0
DA:25,0
DA:26,0
DA:46,0
DA:47,0
DA:49,0
DA:51,0
LF:7
LH:0
BRDA:51,0,0,0
BRDA:51,0,1,0
BRF:2
BRH:0
end_of_record
TN:
SF:src/dom/hasClass.ts
FN:16,hasClass
FNF:1
FNH:0
FNDA:0,hasClass
DA:16,0
DA:17,0
DA:18,0
DA:21,0
DA:22,0
DA:24,0
LF:6
LH:0
BRDA:17,0,0,0
BRDA:17,1,0,0
BRDA:17,1,1,0
BRDA:21,2,0,0
BRDA:21,2,1,0
BRF:5
BRH:0
end_of_record
TN:
SF:src/dom/index.ts
FNF:0
FNH:0
DA:6,0
DA:7,0
DA:8,0
DA:9,0
DA:10,0
DA:11,0
DA:12,0
DA:13,0
DA:14,0
DA:15,0
DA:16,0
DA:17,0
DA:18,0
DA:19,0
DA:20,0
DA:21,0
LF:16
LH:0
BRF:0
BRH:0
end_of_record
TN:
SF:src/dom/insertAfter.ts
FN:25,insertAfter
FNF:1
FNH:0
FNDA:0,insertAfter
DA:25,0
DA:26,0
DA:27,0
DA:31,0
DA:32,0
DA:34,0
DA:37,0
LF:7
LH:0
BRDA:26,0,0,0
BRDA:31,1,0,0
BRDA:31,1,1,0
BRF:3
BRH:0
end_of_record
TN:
SF:src/dom/insertBefore.ts
FN:25,insertBefore
FNF:1
FNH:0
FNDA:0,insertBefore
DA:25,0
DA:26,0
DA:27,0
DA:30,0
DA:32,0
LF:5
LH:0
BRDA:26,0,0,0
BRF:1
BRH:0
end_of_record
TN:
SF:src/dom/off.ts
FN:39,off
FNF:1
FNH:0
FNDA:0,off
DA:39,0
DA:45,0
LF:2
LH:0
BRF:0
BRH:0
end_of_record
TN:
SF:src/dom/on.ts
FN:33,on
FNF:1
FNH:0
FNDA:0,on
DA:33,0
DA:39,0
LF:2
LH:0
BRF:0
BRH:0
end_of_record
TN:
SF:src/dom/once.ts
FN:27,once
FNF:1
FNH:0
FNDA:0,once
DA:27,0
DA:34,0
DA:35,0
DA:40,0
LF:4
LH:0
BRDA:34,0,0,0
BRDA:34,0,1,0
BRF:2
BRH:0
end_of_record
TN:
SF:src/dom/querySelector.ts
FN:16,querySelector
FN:38,querySelectorAll
FN:55,getElementById
FNF:3
FNH:0
FNDA:0,querySelector
FNDA:0,querySelectorAll
FNDA:0,getElementById
DA:16,0
DA:20,0
DA:38,0
DA:42,0
DA:55,0
DA:56,0
LF:6
LH:0
BRDA:18,0,0,0
BRDA:40,1,0,0
BRF:2
BRH:0
end_of_record
TN:
SF:src/dom/removeClass.ts
FN:16,removeClass
FNF:1
FNH:0
FNDA:0,removeClass
DA:16,0
DA:17,0
DA:18,0
DA:21,0
DA:23,0
DA:24,0
DA:26,0
DA:28,0
DA:29,0
DA:32,0
DA:35,0
LF:11
LH:0
BRDA:17,0,0,0
BRDA:17,1,0,0
BRDA:17,1,1,0
BRDA:23,2,0,0
BRDA:23,2,1,0
BRF:5
BRH:0
end_of_record
TN:
SF:src/dom/scrollTo.ts
FN:58,scrollTo
FN:121,animateElementScroll
FN:135,step
FN:161,animateWindowScroll
FN:174,step
FN:200,easeInOutCubic
FNF:6
FNH:0
FNDA:0,scrollTo
FNDA:0,animateElementScroll
FNDA:0,step
FNDA:0,animateWindowScroll
FNDA:0,step
FNDA:0,easeInOutCubic
DA:58,0
DA:63,0
DA:71,0
DA:74,0
DA:76,0
DA:78,0
DA:79,0
DA:85,0
DA:93,0
DA:95,0
DA:96,0
DA:99,0
DA:104,0
DA:105,0
DA:107,0
DA:128,0
DA:129,0
DA:130,0
DA:131,0
DA:132,0
DA:136,0
DA:137,0
DA:138,0
DA:140,0
DA:141,0
DA:143,0
DA:144,0
DA:145,0
DA:146,0
DA:150,0
DA:167,0
DA:168,0
DA:169,0
DA:170,0
DA:171,0
DA:175,0
DA:176,0
DA:177,0
DA:179,0
DA:184,0
DA:185,0
DA:186,0
DA:187,0
DA:191,0
DA:201,0
LF:45
LH:0
BRDA:59,0,0,0
BRDA:60,1,0,0
BRDA:66,2,0,0
BRDA:66,3,0,0
BRDA:66,3,1,0
BRDA:67,4,0,0
BRDA:67,5,0,0
BRDA:67,5,1,0
BRDA:68,6,0,0
BRDA:70,7,0,0
BRDA:76,8,0,0
BRDA:76,8,1,0
BRDA:76,9,0,0
BRDA:76,9,1,0
BRDA:78,10,0,0
BRDA:78,10,1,0
BRDA:93,11,0,0
BRDA:95,12,0,0
BRDA:95,12,1,0
BRDA:104,13,0,0
BRDA:104,13,1,0
BRDA:143,14,0,0
BRDA:143,14,1,0
BRDA:145,15,0,0
BRDA:184,16,0,0
BRDA:184,16,1,0
BRDA:186,17,0,0
BRDA:201,18,0,0
BRDA:201,18,1,0
BRF:29
BRH:0
end_of_record
TN:
SF:src/dom/setStyle.ts
FN:21,setStyle
FN:48,setStyles
FN:49,(anonymous_2)
FNF:3
FNH:0
FNDA:0,setStyle
FNDA:0,setStyles
FNDA:0,(anonymous_2)
DA:21,0
DA:22,0
DA:48,0
DA:49,0
DA:50,0
LF:5
LH:0
BRF:0
BRH:0
end_of_record
TN:
SF:src/dom/toggleClass.ts
FN:25,toggleClass
FNF:1
FNH:0
FNDA:0,toggleClass
DA:1,0
DA:2,0
DA:3,0
DA:25,0
DA:30,0
DA:31,0
DA:34,0
DA:36,0
DA:37,0
DA:39,0
DA:43,0
DA:45,0
DA:46,0
DA:47,0
DA:48,0
DA:49,0
DA:52,0
DA:53,0
DA:55,0
DA:60,0
LF:20
LH:0
BRDA:30,0,0,0
BRDA:30,1,0,0
BRDA:30,1,1,0
BRDA:34,2,0,0
BRDA:34,2,1,0
BRDA:36,3,0,0
BRDA:36,3,1,0
BRDA:45,4,0,0
BRDA:45,4,1,0
BRDA:46,5,0,0
BRDA:46,5,1,0
BRDA:46,6,0,0
BRDA:46,6,1,0
BRDA:48,7,0,0
BRDA:48,8,0,0
BRDA:48,8,1,0
BRDA:52,9,0,0
BRDA:52,9,1,0
BRF:18
BRH:0
end_of_record
TN:
SF:src/empty/index.ts
FN:16,(anonymous_7)
FN:32,(anonymous_8)
FN:49,(anonymous_9)
FN:61,(anonymous_10)
FN:73,(anonymous_11)
FN:86,(anonymous_12)
FN:98,(anonymous_13)
FN:109,(anonymous_14)
FN:120,(anonymous_15)
FN:131,(anonymous_16)
FN:142,(anonymous_17)
FN:153,(anonymous_18)
FN:164,(anonymous_19)
FN:164,(anonymous_20)
FN:166,(anonymous_21)
FN:176,(anonymous_22)
FN:194,(anonymous_23)
FN:194,(anonymous_24)
FN:197,(anonymous_25)
FN:213,(anonymous_26)
FN:236,(anonymous_27)
FN:261,(anonymous_28)
FN:286,(anonymous_29)
FNF:23
FNH:23
FNDA:5,(anonymous_7)
FNDA:7,(anonymous_8)
FNDA:2,(anonymous_9)
FNDA:3,(anonymous_10)
FNDA:3,(anonymous_11)
FNDA:3,(anonymous_12)
FNDA:3,(anonymous_13)
FNDA:2,(anonymous_14)
FNDA:2,(anonymous_15)
FNDA:2,(anonymous_16)
FNDA:2,(anonymous_17)
FNDA:2,(anonymous_18)
FNDA:2,(anonymous_19)
FNDA:2,(anonymous_20)
FNDA:1,(anonymous_21)
FNDA:2,(anonymous_22)
FNDA:2,(anonymous_23)
FNDA:2,(anonymous_24)
FNDA:2,(anonymous_25)
FNDA:7,(anonymous_26)
FNDA:9,(anonymous_27)
FNDA:9,(anonymous_28)
FNDA:9,(anonymous_29)
DA:16,1
DA:17,5
DA:32,1
DA:33,7
DA:34,5
DA:35,3
DA:36,2
DA:37,1
DA:49,1
DA:50,2
DA:61,1
DA:62,3
DA:73,1
DA:74,3
DA:86,1
DA:87,3
DA:98,1
DA:99,3
DA:109,1
DA:110,2
DA:120,1
DA:121,2
DA:131,1
DA:132,2
DA:142,1
DA:143,2
DA:153,1
DA:154,2
DA:164,2
DA:165,2
DA:166,1
DA:176,1
DA:177,2
DA:178,2
DA:179,2
DA:194,2
DA:195,2
DA:196,2
DA:197,2
DA:213,1
DA:214,7
DA:215,5
DA:216,4
DA:217,2
DA:218,0
DA:236,1
DA:237,9
DA:238,7
DA:239,6
DA:240,4
DA:241,2
DA:242,1
DA:243,0
DA:261,1
DA:262,9
DA:263,7
DA:264,6
DA:265,4
DA:266,2
DA:267,1
DA:268,0
DA:286,1
DA:287,9
DA:288,7
DA:289,6
DA:290,4
DA:291,2
DA:292,1
DA:293,0
LF:69
LH:65
BRDA:17,0,0,5
BRDA:17,0,1,4
BRDA:33,1,0,2
BRDA:33,2,0,7
BRDA:33,2,1,6
BRDA:34,3,0,2
BRDA:35,4,0,1
BRDA:36,5,0,1
BRDA:50,6,0,2
BRDA:50,6,1,2
BRDA:62,7,0,3
BRDA:62,7,1,2
BRDA:74,8,0,3
BRDA:74,8,1,3
BRDA:74,8,2,3
BRDA:87,9,0,3
BRDA:87,9,1,2
BRDA:99,10,0,3
BRDA:99,10,1,2
BRDA:132,11,0,2
BRDA:132,11,1,2
BRDA:143,12,0,2
BRDA:143,12,1,2
BRDA:154,13,0,2
BRDA:154,13,1,2
BRDA:165,14,0,2
BRDA:165,14,1,2
BRDA:177,15,0,0
BRDA:177,16,0,2
BRDA:177,16,1,2
BRDA:195,17,0,0
BRDA:195,18,0,2
BRDA:195,18,1,2
BRDA:214,19,0,2
BRDA:214,20,0,7
BRDA:214,20,1,6
BRDA:215,21,0,1
BRDA:216,22,0,2
BRDA:217,23,0,2
BRDA:237,24,0,2
BRDA:237,25,0,9
BRDA:237,25,1,8
BRDA:238,26,0,1
BRDA:239,27,0,2
BRDA:240,28,0,2
BRDA:241,29,0,1
BRDA:242,30,0,1
BRDA:262,31,0,2
BRDA:262,32,0,9
BRDA:262,32,1,8
BRDA:263,33,0,1
BRDA:264,34,0,2
BRDA:265,35,0,2
BRDA:266,36,0,1
BRDA:267,37,0,1
BRDA:287,38,0,2
BRDA:287,39,0,9
BRDA:287,39,1,8
BRDA:288,40,0,1
BRDA:289,41,0,2
BRDA:290,42,0,2
BRDA:291,43,0,1
BRDA:292,44,0,1
BRF:63
BRH:61
end_of_record
TN:
SF:src/error/index.ts
FN:15,(anonymous_0)
FN:33,(anonymous_1)
FN:44,(anonymous_2)
FN:55,(anonymous_3)
FN:66,(anonymous_4)
FN:77,(anonymous_5)
FN:88,(anonymous_6)
FN:99,(anonymous_7)
FN:110,(anonymous_8)
FN:121,(anonymous_9)
FN:132,(anonymous_10)
FN:143,(anonymous_11)
FN:153,(anonymous_12)
FN:163,(anonymous_13)
FN:173,(anonymous_14)
FN:183,(anonymous_15)
FN:195,(anonymous_16)
FN:206,(anonymous_17)
FN:217,(anonymous_18)
FN:227,(anonymous_19)
FN:238,(anonymous_20)
FN:251,(anonymous_21)
FN:264,(anonymous_22)
FNF:23
FNH:16
FNDA:14,(anonymous_0)
FNDA:2,(anonymous_1)
FNDA:2,(anonymous_2)
FNDA:2,(anonymous_3)
FNDA:2,(anonymous_4)
FNDA:2,(anonymous_5)
FNDA:21,(anonymous_6)
FNDA:3,(anonymous_7)
FNDA:3,(anonymous_8)
FNDA:3,(anonymous_9)
FNDA:3,(anonymous_10)
FNDA:3,(anonymous_11)
FNDA:1,(anonymous_12)
FNDA:2,(anonymous_13)
FNDA:3,(anonymous_14)
FNDA:3,(anonymous_15)
FNDA:0,(anonymous_16)
FNDA:0,(anonymous_17)
FNDA:0,(anonymous_18)
FNDA:0,(anonymous_19)
FNDA:0,(anonymous_20)
FNDA:0,(anonymous_21)
FNDA:0,(anonymous_22)
DA:14,1
DA:18,14
DA:20,14
DA:21,14
DA:33,1
DA:34,2
DA:44,1
DA:45,2
DA:55,1
DA:56,2
DA:66,1
DA:67,2
DA:77,1
DA:78,2
DA:88,1
DA:89,21
DA:99,1
DA:100,3
DA:110,1
DA:111,3
DA:121,1
DA:122,3
DA:132,1
DA:133,3
DA:143,1
DA:144,3
DA:153,1
DA:154,1
DA:163,1
DA:164,2
DA:173,1
DA:174,3
DA:183,1
DA:184,3
DA:195,1
DA:196,0
DA:206,1
DA:207,0
DA:217,1
DA:218,0
DA:227,1
DA:228,0
DA:238,1
DA:239,0
DA:240,0
DA:251,1
DA:252,0
DA:253,0
DA:254,0
DA:264,1
DA:265,0
LF:51
LH:41
BRDA:100,0,0,3
BRDA:100,0,1,1
BRDA:111,1,0,3
BRDA:111,1,1,1
BRDA:122,2,0,3
BRDA:122,2,1,1
BRDA:133,3,0,3
BRDA:133,3,1,1
BRDA:144,4,0,3
BRDA:144,4,1,1
BRDA:154,5,0,1
BRDA:154,5,1,0
BRDA:164,6,0,1
BRDA:164,6,1,1
BRDA:174,7,0,1
BRDA:174,7,1,2
BRDA:184,8,0,2
BRDA:184,8,1,1
BRDA:228,9,0,0
BRDA:228,9,1,0
BRDA:265,10,0,0
BRDA:265,10,1,0
BRF:22
BRH:17
end_of_record
TN:
SF:src/file/base64ToFile.ts
FN:26,base64ToFile
FNF:1
FNH:0
FNDA:0,base64ToFile
DA:26,0
DA:33,0
DA:37,0
DA:39,0
DA:40,0
DA:42,0
DA:43,0
DA:46,0
DA:51,0
DA:52,0
DA:53,0
DA:55,0
DA:56,0
DA:59,0
DA:60,0
DA:62,0
DA:63,0
DA:65,0
DA:66,0
DA:68,0
DA:69,0
DA:71,0
DA:72,0
DA:74,0
DA:75,0
DA:78,0
DA:79,0
DA:81,0
DA:82,0
DA:84,0
DA:85,0
DA:87,0
DA:88,0
DA:90,0
DA:95,0
DA:96,0
DA:98,0
DA:102,0
DA:103,0
DA:104,0
DA:108,0
DA:111,0
LF:42
LH:0
BRDA:29,0,0,0
BRDA:37,1,0,0
BRDA:40,2,0,0
BRDA:40,3,0,0
BRDA:40,3,1,0
BRDA:42,4,0,0
BRDA:51,5,0,0
BRDA:52,6,0,0
BRDA:52,6,1,0
BRDA:52,7,0,0
BRDA:52,7,1,0
BRDA:53,8,0,0
BRDA:53,8,1,0
BRDA:53,8,2,0
BRDA:53,8,3,0
BRDA:53,8,4,0
BRDA:53,8,5,0
BRDA:53,8,6,0
BRDA:53,8,7,0
BRDA:53,8,8,0
BRDA:53,8,9,0
BRDA:53,8,10,0
BRDA:53,8,11,0
BRDA:53,8,12,0
BRDA:53,8,13,0
BRF:25
BRH:0
end_of_record
TN:
SF:src/file/fileToBase64.ts
FN:35,fileToBase64
FN:43,(anonymous_1)
FN:46,(anonymous_2)
FN:60,(anonymous_3)
FNF:4
FNH:0
FNDA:0,fileToBase64
FNDA:0,(anonymous_1)
FNDA:0,(anonymous_2)
FNDA:0,(anonymous_3)
DA:35,0
DA:41,0
DA:43,0
DA:44,0
DA:46,0
DA:48,0
DA:50,0
DA:52,0
DA:55,0
DA:56,0
DA:60,0
DA:61,0
DA:65,0
LF:13
LH:0
BRDA:37,0,0,0
BRDA:41,1,0,0
BRDA:50,2,0,0
BRDA:50,2,1,0
BRDA:61,3,0,0
BRDA:61,3,1,0
BRDA:61,4,0,0
BRDA:61,4,1,0
BRDA:61,5,0,0
BRDA:61,5,1,0
BRF:10
BRH:0
end_of_record
TN:
SF:src/file/getFileExtension.ts
FN:32,getFileExtension
FNF:1
FNH:0
FNDA:0,getFileExtension
DA:32,0
DA:40,0
DA:43,0
DA:47,0
DA:50,0
DA:51,0
DA:52,0
DA:56,0
DA:59,0
DA:60,0
DA:64,0
DA:67,0
DA:68,0
DA:71,0
LF:14
LH:0
BRDA:34,0,0,0
BRDA:40,1,0,0
BRDA:40,2,0,0
BRDA:51,3,0,0
BRDA:59,4,0,0
BRDA:59,5,0,0
BRDA:59,5,1,0
BRDA:64,6,0,0
BRDA:64,6,1,0
BRDA:67,7,0,0
BRF:10
BRH:0
end_of_record
TN:
SF:src/file/getFileSize.ts
FN:36,getFileSize
FNF:1
FNH:0
FNDA:0,getFileSize
DA:36,0
DA:45,0
DA:52,0
DA:55,0
DA:56,0
DA:60,0
DA:63,0
DA:64,0
DA:69,0
DA:72,0
DA:76,0
DA:79,0
DA:85,0
LF:13
LH:0
BRDA:38,0,0,0
BRDA:49,1,0,0
BRDA:50,2,0,0
BRDA:51,3,0,0
BRDA:55,4,0,0
BRDA:63,5,0,0
BRF:6
BRH:0
end_of_record
TN:
SF:src/file/index.ts
FNF:0
FNH:0
DA:6,0
DA:7,0
DA:8,0
DA:9,0
DA:10,0
DA:11,0
DA:12,0
LF:7
LH:0
BRF:0
BRH:0
end_of_record
TN:
SF:src/file/isValidFileType.ts
FN:30,isValidFileType
FN:39,(anonymous_1)
FN:59,(anonymous_2)
FN:81,getMimeTypeFromExtension
FNF:4
FNH:0
FNDA:0,isValidFileType
FNDA:0,(anonymous_1)
FNDA:0,(anonymous_2)
FNDA:0,getMimeTypeFromExtension
DA:30,0
DA:35,0
DA:36,0
DA:39,0
DA:41,0
DA:42,0
DA:46,0
DA:48,0
DA:49,0
DA:50,0
DA:54,0
DA:59,0
DA:61,0
DA:62,0
DA:66,0
DA:67,0
DA:71,0
DA:82,0
DA:135,0
LF:19
LH:0
BRDA:35,0,0,0
BRDA:41,1,0,0
BRDA:46,2,0,0
BRDA:48,3,0,0
BRDA:48,3,1,0
BRDA:61,4,0,0
BRDA:66,5,0,0
BRDA:135,6,0,0
BRDA:135,6,1,0
BRF:9
BRH:0
end_of_record
TN:
SF:src/file/readFile.ts
FN:41,readFile
FN:45,(anonymous_1)
FN:50,(anonymous_2)
FN:56,(anonymous_3)
FNF:4
FNH:0
FNDA:0,readFile
FNDA:0,(anonymous_1)
FNDA:0,(anonymous_2)
FNDA:0,(anonymous_3)
DA:41,0
DA:45,0
DA:47,0
DA:50,0
DA:52,0
DA:56,0
DA:57,0
DA:61,0
DA:63,0
DA:64,0
DA:66,0
DA:67,0
DA:69,0
DA:70,0
DA:72,0
DA:73,0
DA:76,0
LF:17
LH:0
BRDA:43,0,0,0
BRDA:57,1,0,0
BRDA:57,1,1,0
BRDA:57,2,0,0
BRDA:57,2,1,0
BRDA:57,3,0,0
BRDA:57,3,1,0
BRDA:61,4,0,0
BRDA:61,4,1,0
BRDA:61,4,2,0
BRDA:61,4,3,0
BRDA:61,4,4,0
BRF:12
BRH:0
end_of_record
TN:
SF:src/file/saveFile.ts
FN:31,saveFile
FN:115,(anonymous_1)
FNF:2
FNH:0
FNDA:0,saveFile
FNDA:0,(anonymous_1)
DA:31,0
DA:42,0
DA:43,0
DA:45,0
DA:46,0
DA:48,0
DA:49,0
DA:52,0
DA:53,0
DA:55,0
DA:56,0
DA:58,0
DA:59,0
DA:61,0
DA:62,0
DA:64,0
DA:65,0
DA:67,0
DA:68,0
DA:71,0
DA:72,0
DA:74,0
DA:75,0
DA:77,0
DA:78,0
DA:80,0
DA:81,0
DA:83,0
DA:88,0
DA:90,0
DA:91,0
DA:93,0
DA:95,0
DA:97,0
DA:98,0
DA:100,0
DA:102,0
DA:106,0
DA:107,0
DA:108,0
DA:109,0
DA:110,0
DA:111,0
DA:112,0
DA:115,0
DA:116,0
DA:117,0
LF:47
LH:0
BRDA:34,0,0,0
BRDA:43,1,0,0
BRDA:45,2,0,0
BRDA:45,2,1,0
BRDA:45,3,0,0
BRDA:45,3,1,0
BRDA:46,4,0,0
BRDA:46,4,1,0
BRDA:46,4,2,0
BRDA:46,4,3,0
BRDA:46,4,4,0
BRDA:46,4,5,0
BRDA:46,4,6,0
BRDA:46,4,7,0
BRDA:46,4,8,0
BRDA:46,4,9,0
BRDA:46,4,10,0
BRDA:46,4,11,0
BRDA:46,4,12,0
BRDA:46,4,13,0
BRDA:88,5,0,0
BRDA:88,5,1,0
BRDA:90,6,0,0
BRDA:90,6,1,0
BRDA:95,7,0,0
BRDA:95,7,1,0
BRDA:98,8,0,0
BRDA:98,8,1,0
BRDA:98,9,0,0
BRDA:98,9,1,0
BRF:30
BRH:0
end_of_record
TN:
SF:src/function/compose.ts
FN:22,compose
FN:26,(anonymous_1)
FN:33,(anonymous_2)
FN:34,(anonymous_3)
FNF:4
FNH:3
FNDA:1,compose
FNDA:0,(anonymous_1)
FNDA:1,(anonymous_2)
FNDA:3,(anonymous_3)
DA:22,1
DA:25,1
DA:26,0
DA:29,1
DA:30,0
DA:33,1
DA:34,3
LF:7
LH:5
BRDA:25,0,0,0
BRDA:29,1,0,0
BRF:2
BRH:0
end_of_record
TN:
SF:src/function/curry.ts
FN:25,curry
FN:29,curried
FN:36,(anonymous_2)
FNF:3
FNH:3
FNDA:1,curry
FNDA:5,curried
FNDA:3,(anonymous_2)
DA:25,1
DA:29,1
DA:31,5
DA:32,2
DA:36,3
DA:37,3
LF:6
LH:6
BRDA:27,0,0,1
BRDA:31,1,0,2
BRF:2
BRH:2
end_of_record
TN:
SF:src/function/debounce.ts
FN:24,debounce
FN:31,(anonymous_1)
FN:33,(anonymous_2)
FN:65,cancelDebounce
FNF:4
FNH:4
FNDA:8,debounce
FNDA:15,(anonymous_1)
FNDA:6,(anonymous_2)
FNDA:1,cancelDebounce
DA:24,2
DA:29,8
DA:31,8
DA:32,15
DA:33,15
DA:34,6
DA:35,6
DA:36,5
DA:40,15
DA:42,15
DA:43,7
DA:46,15
DA:48,15
DA:49,2
DA:65,2
DA:67,1
DA:68,1
DA:69,0
LF:18
LH:17
BRDA:26,0,0,0
BRDA:27,1,0,7
BRDA:35,2,0,5
BRDA:40,3,0,15
BRDA:40,3,1,4
BRDA:42,4,0,7
BRDA:48,5,0,2
BRDA:68,6,0,0
BRF:8
BRH:6
end_of_record
TN:
SF:src/function/index.ts
FNF:0
FNH:0
DA:6,1
DA:7,1
DA:8,1
DA:9,1
DA:10,1
DA:11,1
DA:12,1
DA:13,1
LF:8
LH:8
BRF:0
BRH:0
end_of_record
TN:
SF:src/function/memoize.ts
FN:31,memoize
FN:37,(anonymous_1)
FNF:2
FNH:2
FNDA:1,memoize
FNDA:2,(anonymous_1)
DA:31,1
DA:35,1
DA:37,1
DA:39,2
DA:44,2
DA:45,1
DA:49,1
DA:50,1
DA:51,1
LF:9
LH:9
BRDA:39,0,0,0
BRDA:39,0,1,2
BRDA:44,1,0,1
BRF:3
BRH:2
end_of_record
TN:
SF:src/function/once.ts
FN:21,once
FN:25,(anonymous_1)
FNF:2
FNH:2
FNDA:1,once
FNDA:3,(anonymous_1)
DA:21,1
DA:22,1
DA:25,1
DA:26,3
DA:27,1
DA:28,1
DA:30,3
LF:7
LH:7
BRDA:26,0,0,1
BRF:1
BRH:1
end_of_record
TN:
SF:src/function/pipe.ts
FN:23,pipe
FN:27,(anonymous_1)
FN:34,(anonymous_2)
FN:35,(anonymous_3)
FNF:4
FNH:3
FNDA:1,pipe
FNDA:0,(anonymous_1)
FNDA:1,(anonymous_2)
FNDA:3,(anonymous_3)
DA:23,1
DA:26,1
DA:27,0
DA:30,1
DA:31,0
DA:34,1
DA:35,3
LF:7
LH:5
BRDA:26,0,0,0
BRDA:30,1,0,0
BRF:2
BRH:0
end_of_record
TN:
SF:src/function/sleep.ts
FN:25,sleep
FN:26,(anonymous_1)
FNF:2
FNH:2
FNDA:1,sleep
FNDA:1,(anonymous_1)
DA:25,1
DA:26,1
LF:2
LH:2
BRF:0
BRH:0
end_of_record
TN:
SF:src/function/throttle.ts
FN:26,throttle
FN:40,(anonymous_1)
FN:49,(anonymous_2)
FN:88,cancelThrottle
FNF:4
FNH:3
FNDA:1,throttle
FNDA:2,(anonymous_1)
FNDA:4,(anonymous_2)
FNDA:0,cancelThrottle
DA:26,1
DA:32,1
DA:34,1
DA:35,1
DA:38,1
DA:40,1
DA:41,2
DA:42,2
DA:43,2
DA:44,2
DA:45,2
DA:49,1
DA:50,4
DA:51,4
DA:52,0
DA:55,4
DA:56,4
DA:57,4
DA:59,4
DA:60,1
DA:61,0
DA:62,0
DA:64,1
DA:65,1
DA:66,1
DA:67,1
DA:69,3
DA:70,2
DA:73,4
DA:88,1
DA:90,0
DA:91,0
DA:92,0
LF:33
LH:27
BRDA:28,0,0,0
BRDA:29,1,0,1
BRDA:38,2,0,1
BRDA:38,3,0,1
BRDA:41,4,0,0
BRDA:41,4,1,2
BRDA:44,5,0,2
BRDA:51,6,0,0
BRDA:51,7,0,4
BRDA:51,7,1,1
BRDA:59,8,0,1
BRDA:59,8,1,3
BRDA:59,9,0,4
BRDA:59,9,1,3
BRDA:60,10,0,0
BRDA:66,11,0,1
BRDA:69,12,0,2
BRDA:69,13,0,3
BRDA:69,13,1,2
BRDA:91,14,0,0
BRF:20
BRH:15
end_of_record
TN:
SF:src/network/downloadFile.ts
FN:30,downloadFile
FN:31,(anonymous_8)
FN:109,(anonymous_9)
FNF:3
FNH:0
FNDA:0,downloadFile
FNDA:0,(anonymous_8)
FNDA:0,(anonymous_9)
DA:30,0
DA:31,0
DA:38,0
DA:43,0
DA:46,0
DA:54,0
DA:55,0
DA:59,0
DA:62,0
DA:63,0
DA:65,0
DA:66,0
DA:67,0
DA:68,0
DA:69,0
DA:74,0
DA:76,0
DA:77,0
DA:80,0
DA:83,0
DA:84,0
DA:90,0
DA:93,0
DA:94,0
DA:95,0
DA:98,0
DA:99,0
DA:100,0
DA:104,0
DA:107,0
DA:109,0
DA:110,0
DA:111,0
DA:113,0
DA:117,0
DA:120,0
LF:36
LH:0
BRDA:32,0,0,0
BRDA:41,1,0,0
BRDA:42,2,0,0
BRDA:54,3,0,0
BRDA:63,4,0,0
BRDA:66,5,0,0
BRDA:68,6,0,0
BRDA:68,7,0,0
BRDA:68,7,1,0
BRDA:74,8,0,0
BRDA:83,9,0,0
BRDA:98,10,0,0
BRDA:107,11,0,0
BRDA:107,11,1,0
BRDA:110,12,0,0
BRF:15
BRH:0
end_of_record
TN:
SF:src/network/fetchWithTimeout.ts
FN:34,fetchWithTimeout
FN:44,(anonymous_1)
FN:56,(anonymous_2)
FN:61,(anonymous_3)
FNF:4
FNH:0
FNDA:0,fetchWithTimeout
FNDA:0,(anonymous_1)
FNDA:0,(anonymous_2)
FNDA:0,(anonymous_3)
DA:34,0
DA:40,0
DA:41,0
DA:44,0
DA:45,0
DA:49,0
DA:55,0
DA:58,0
DA:59,0
DA:63,0
DA:66,0
DA:67,0
DA:71,0
LF:13
LH:0
BRDA:36,0,0,0
BRDA:37,1,0,0
BRDA:66,2,0,0
BRF:3
BRH:0
end_of_record
TN:
SF:src/network/index.ts
FNF:0
FNH:0
DA:6,0
DA:7,0
DA:8,0
DA:9,0
DA:10,0
DA:11,0
LF:6
LH:0
BRF:0
BRH:0
end_of_record
TN:
SF:src/network/jsonp.ts
FN:27,jsonp
FN:42,(anonymous_1)
FN:53,(anonymous_2)
FN:68,(anonymous_3)
FN:74,(anonymous_4)
FN:84,(anonymous_5)
FNF:6
FNH:0
FNDA:0,jsonp
FNDA:0,(anonymous_1)
FNDA:0,(anonymous_2)
FNDA:0,(anonymous_3)
FNDA:0,(anonymous_4)
FNDA:0,(anonymous_5)
DA:27,0
DA:40,0
DA:42,0
DA:44,0
DA:47,0
DA:50,0
DA:53,0
DA:54,0
DA:55,0
DA:59,0
DA:62,0
DA:63,0
DA:68,0
DA:69,0
DA:70,0
DA:74,0
DA:75,0
DA:76,0
DA:80,0
DA:81,0
DA:84,0
DA:85,0
DA:86,0
DA:90,0
DA:91,0
LF:25
LH:0
BRDA:29,0,0,0
BRDA:37,1,0,0
BRDA:38,2,0,0
BRDA:39,3,0,0
BRDA:54,4,0,0
BRDA:62,5,0,0
BRDA:80,6,0,0
BRDA:80,6,1,0
BRF:8
BRH:0
end_of_record
TN:
SF:src/network/ping.ts
FN:28,ping
FN:41,(anonymous_1)
FN:50,(anonymous_2)
FN:64,(anonymous_3)
FN:75,(anonymous_4)
FNF:5
FNH:0
FNDA:0,ping
FNDA:0,(anonymous_1)
FNDA:0,(anonymous_2)
FNDA:0,(anonymous_3)
FNDA:0,(anonymous_4)
DA:28,0
DA:39,0
DA:41,0
DA:43,0
DA:46,0
DA:47,0
DA:50,0
DA:51,0
DA:55,0
DA:66,0
DA:67,0
DA:70,0
DA:73,0
DA:77,0
DA:80,0
DA:81,0
DA:83,0
LF:17
LH:0
BRDA:30,0,0,0
BRDA:37,1,0,0
BRDA:38,2,0,0
BRDA:80,3,0,0
BRDA:80,3,1,0
BRF:5
BRH:0
end_of_record
TN:
SF:src/network/request.ts
FN:33,request
FN:34,(anonymous_8)
FN:56,(anonymous_9)
FNF:3
FNH:0
FNDA:0,request
FNDA:0,(anonymous_8)
FNDA:0,(anonymous_9)
DA:33,0
DA:34,0
DA:49,0
DA:52,0
DA:53,0
DA:56,0
DA:57,0
DA:60,0
DA:62,0
DA:72,0
DA:73,0
DA:74,0
DA:75,0
DA:77,0
DA:78,0
DA:80,0
DA:82,0
DA:83,0
DA:84,0
DA:86,0
DA:87,0
DA:89,0
DA:91,0
DA:93,0
DA:94,0
DA:95,0
DA:97,0
DA:98,0
DA:103,0
DA:106,0
DA:109,0
DA:110,0
DA:114,0
DA:117,0
DA:118,0
DA:119,0
DA:120,0
DA:124,0
DA:128,0
DA:130,0
DA:131,0
DA:134,0
LF:42
LH:0
BRDA:35,0,0,0
BRDA:44,1,0,0
BRDA:45,2,0,0
BRDA:46,3,0,0
BRDA:47,4,0,0
BRDA:48,5,0,0
BRDA:72,6,0,0
BRDA:73,7,0,0
BRDA:73,7,1,0
BRDA:73,8,0,0
BRDA:73,8,1,0
BRDA:74,9,0,0
BRDA:74,9,1,0
BRDA:74,10,0,0
BRDA:74,10,1,0
BRDA:75,11,0,0
BRDA:75,11,1,0
BRDA:77,12,0,0
BRDA:80,13,0,0
BRDA:80,13,1,0
BRDA:87,14,0,0
BRDA:91,15,0,0
BRDA:91,16,0,0
BRDA:91,16,1,0
BRDA:98,17,0,0
BRDA:98,17,1,0
BRDA:109,18,0,0
BRDA:117,19,0,0
BRDA:117,19,1,0
BRDA:117,20,0,0
BRDA:117,20,1,0
BRDA:119,21,0,0
BRDA:119,21,1,0
BRDA:119,22,0,0
BRDA:119,22,1,0
BRDA:130,23,0,0
BRF:36
BRH:0
end_of_record
TN:
SF:src/network/url.ts
FN:24,parseURLParams
FN:82,buildURL
FN:88,(anonymous_2)
FN:128,getURLPath
FN:147,getURLDomain
FN:170,isHTTPS
FN:189,getFileNameFromURL
FN:220,isAbsoluteURL
FN:252,joinURL
FNF:9
FNH:0
FNDA:0,parseURLParams
FNDA:0,buildURL
FNDA:0,(anonymous_2)
FNDA:0,getURLPath
FNDA:0,getURLDomain
FNDA:0,isHTTPS
FNDA:0,getFileNameFromURL
FNDA:0,isAbsoluteURL
FNDA:0,joinURL
DA:24,0
DA:25,0
DA:26,0
DA:29,0
DA:30,0
DA:31,0
DA:35,0
DA:36,0
DA:37,0
DA:38,0
DA:42,0
DA:43,0
DA:44,0
DA:46,0
DA:47,0
DA:48,0
DA:52,0
DA:82,0
DA:83,0
DA:85,0
DA:88,0
DA:89,0
DA:92,0
DA:95,0
DA:98,0
DA:101,0
DA:102,0
DA:103,0
DA:104,0
DA:105,0
DA:106,0
DA:110,0
DA:128,0
DA:129,0
DA:130,0
DA:147,0
DA:148,0
DA:149,0
DA:170,0
DA:171,0
DA:172,0
DA:189,0
DA:190,0
DA:192,0
DA:195,0
DA:198,0
DA:199,0
DA:202,0
DA:203,0
DA:220,0
DA:222,0
DA:223,0
DA:227,0
DA:228,0
DA:231,0
DA:252,0
DA:253,0
DA:255,0
DA:259,0
DA:260,0
DA:264,0
DA:265,0
DA:268,0
LF:63
LH:0
BRDA:25,0,0,0
BRDA:25,0,1,0
BRDA:30,1,0,0
BRDA:37,2,0,0
BRDA:44,3,0,0
BRDA:47,4,0,0
BRDA:48,5,0,0
BRDA:48,5,1,0
BRDA:102,6,0,0
BRDA:105,7,0,0
BRDA:105,7,1,0
BRDA:105,8,0,0
BRDA:105,8,1,0
BRDA:129,9,0,0
BRDA:129,9,1,0
BRDA:148,10,0,0
BRDA:148,10,1,0
BRDA:171,11,0,0
BRDA:171,11,1,0
BRDA:199,12,0,0
BRDA:199,12,1,0
BRDA:203,13,0,0
BRDA:203,13,1,0
BRDA:222,14,0,0
BRDA:227,15,0,0
BRDA:259,16,0,0
BRDA:259,17,0,0
BRDA:259,17,1,0
BRDA:264,18,0,0
BRDA:264,19,0,0
BRDA:264,19,1,0
BRF:31
BRH:0
end_of_record
TN:
SF:src/number/average.ts
FN:28,average
FN:37,(anonymous_1)
FN:42,(anonymous_2)
FN:50,(anonymous_3)
FNF:4
FNH:4
FNDA:30,average
FNDA:90,(anonymous_1)
FNDA:90,(anonymous_2)
FNDA:62,(anonymous_3)
DA:28,2
DA:33,30
DA:36,30
DA:39,90
DA:40,90
DA:42,90
DA:45,30
DA:46,8
DA:50,62
DA:53,22
DA:56,22
DA:57,4
DA:58,4
DA:61,18
LF:14
LH:14
BRDA:30,0,0,23
BRDA:33,1,0,27
BRDA:40,2,0,22
BRDA:40,2,1,68
BRDA:42,3,0,78
BRDA:42,3,1,12
BRDA:45,4,0,8
BRDA:45,5,0,30
BRDA:45,5,1,25
BRDA:46,6,0,5
BRDA:46,6,1,3
BRDA:56,7,0,4
BRDA:56,8,0,22
BRDA:56,8,1,4
BRF:14
BRH:14
end_of_record
TN:
SF:src/number/clamp.ts
FN:14,clamp
FN:37,inRange
FN:65,mapRange
FNF:3
FNH:3
FNDA:32,clamp
FNDA:25,inRange
FNDA:16,mapRange
DA:14,2
DA:15,32
DA:16,5
DA:18,32
DA:37,2
DA:38,25
DA:39,5
DA:42,25
DA:65,2
DA:74,16
DA:75,2
DA:79,14
DA:82,14
DA:83,12
DA:86,2
LF:15
LH:15
BRDA:15,0,0,5
BRDA:37,1,0,20
BRDA:38,2,0,5
BRDA:42,3,0,20
BRDA:42,3,1,5
BRDA:43,4,0,20
BRDA:43,4,1,16
BRDA:44,5,0,5
BRDA:44,5,1,3
BRDA:71,6,0,14
BRDA:74,7,0,2
BRDA:82,8,0,12
BRF:12
BRH:12
end_of_record
TN:
SF:src/number/formatNumber.ts
FN:25,formatNumber
FNF:1
FNH:1
FNDA:22,formatNumber
DA:25,2
DA:33,22
DA:34,1
DA:40,21
DA:43,21
DA:44,21
DA:47,21
DA:48,21
DA:49,21
DA:52,21
DA:55,21
DA:56,21
DA:57,18
DA:58,18
DA:61,3
LF:15
LH:15
BRDA:27,0,0,7
BRDA:28,1,0,18
BRDA:33,2,0,1
BRDA:33,3,0,22
BRDA:33,3,1,22
BRDA:38,4,0,18
BRDA:39,5,0,19
BRDA:49,6,0,15
BRDA:49,6,1,6
BRDA:56,7,0,18
BRF:10
BRH:10
end_of_record
TN:
SF:src/number/index.ts
FN:30,(anonymous_4)
FN:41,(anonymous_5)
FN:52,(anonymous_6)
FN:63,(anonymous_7)
FN:74,(anonymous_8)
FN:85,(anonymous_9)
FN:96,(anonymous_10)
FN:115,(anonymous_11)
FN:127,(anonymous_12)
FN:138,(anonymous_13)
FN:149,(anonymous_14)
FN:160,(anonymous_15)
FN:177,(anonymous_16)
FN:190,(anonymous_17)
FN:200,(anonymous_18)
FN:214,(anonymous_19)
FN:232,(anonymous_20)
FN:254,(anonymous_21)
FN:264,(anonymous_22)
FN:274,(anonymous_23)
FN:284,(anonymous_24)
FN:294,(anonymous_25)
FN:304,(anonymous_26)
FNF:23
FNH:23
FNDA:5,(anonymous_4)
FNDA:30,(anonymous_5)
FNDA:4,(anonymous_6)
FNDA:4,(anonymous_7)
FNDA:13,(anonymous_8)
FNDA:5,(anonymous_9)
FNDA:10,(anonymous_10)
FNDA:33,(anonymous_11)
FNDA:3,(anonymous_12)
FNDA:3,(anonymous_13)
FNDA:3,(anonymous_14)
FNDA:10,(anonymous_15)
FNDA:5,(anonymous_16)
FNDA:3,(anonymous_17)
FNDA:18,(anonymous_18)
FNDA:3,(anonymous_19)
FNDA:8,(anonymous_20)
FNDA:3,(anonymous_21)
FNDA:3,(anonymous_22)
FNDA:3,(anonymous_23)
FNDA:3,(anonymous_24)
FNDA:3,(anonymous_25)
FNDA:3,(anonymous_26)
DA:6,1
DA:7,1
DA:8,1
DA:9,1
DA:10,1
DA:11,1
DA:12,1
DA:13,1
DA:14,1
DA:15,1
DA:16,1
DA:30,1
DA:31,5
DA:41,1
DA:42,30
DA:52,1
DA:53,4
DA:63,1
DA:64,4
DA:74,1
DA:75,13
DA:85,1
DA:86,5
DA:96,1
DA:97,10
DA:98,10
DA:99,8
DA:101,4
DA:102,4
DA:103,2
DA:105,3
DA:115,1
DA:116,33
DA:127,1
DA:128,3
DA:138,1
DA:139,3
DA:149,1
DA:150,3
DA:160,1
DA:161,10
DA:162,10
DA:163,10
DA:164,16
DA:166,10
DA:177,1
DA:178,5
DA:179,5
DA:180,5
DA:190,1
DA:191,3
DA:200,1
DA:201,18
DA:202,17
DA:203,16
DA:204,10
DA:214,1
DA:215,3
DA:216,2
DA:218,1
DA:219,1
DA:220,0
DA:222,1
DA:232,1
DA:233,8
DA:234,7
DA:236,6
DA:237,5
DA:239,4
DA:240,4
DA:241,4
DA:242,10
DA:244,4
DA:254,1
DA:255,3
DA:264,1
DA:265,3
DA:274,1
DA:275,3
DA:284,1
DA:285,3
DA:294,1
DA:295,3
DA:304,1
DA:305,3
LF:85
LH:84
BRDA:97,0,0,0
BRDA:98,1,0,2
BRDA:99,2,0,4
BRDA:103,3,0,1
BRDA:201,4,0,1
BRDA:202,5,0,1
BRDA:203,6,0,6
BRDA:203,7,0,16
BRDA:203,7,1,15
BRDA:215,8,0,1
BRDA:216,9,0,1
BRDA:233,10,0,1
BRDA:234,11,0,1
BRDA:236,12,0,1
BRDA:237,13,0,1
BRF:15
BRH:14
end_of_record
TN:
SF:src/number/isNumber.ts
FN:13,isNumber
FN:29,isNumeric
FN:63,toNumber
FNF:3
FNH:3
FNDA:15,isNumber
FNDA:28,isNumeric
FNDA:32,toNumber
DA:13,2
DA:14,15
DA:29,2
DA:30,28
DA:31,8
DA:33,20
DA:34,6
DA:38,14
DA:41,14
DA:42,2
DA:47,12
DA:48,12
DA:63,2
DA:64,32
DA:65,4
DA:68,28
DA:69,28
LF:17
LH:17
BRDA:14,0,0,15
BRDA:14,0,1,8
BRDA:14,0,2,7
BRDA:30,1,0,8
BRDA:31,2,0,8
BRDA:31,2,1,7
BRDA:33,3,0,6
BRDA:41,4,0,2
BRDA:48,5,0,12
BRDA:48,5,1,8
BRDA:63,6,0,27
BRDA:64,7,0,4
BRDA:64,8,0,32
BRDA:64,8,1,31
BRDA:64,8,2,30
BRDA:69,9,0,13
BRDA:69,9,1,15
BRDA:69,10,0,28
BRDA:69,10,1,19
BRF:19
BRH:19
end_of_record
TN:
SF:src/number/percentage.ts
FN:29,percentage
FN:53,(anonymous_1)
FNF:2
FNH:2
FNDA:35,percentage
FNDA:24,(anonymous_1)
DA:29,2
DA:38,35
DA:41,35
DA:42,6
DA:46,29
DA:49,29
DA:52,29
DA:53,24
DA:57,29
LF:9
LH:9
BRDA:31,0,0,14
BRDA:35,1,0,28
BRDA:36,2,0,29
BRDA:37,3,0,24
BRDA:41,4,0,6
BRDA:41,5,0,35
BRDA:41,5,1,33
BRDA:42,6,0,3
BRDA:42,6,1,3
BRDA:46,7,0,23
BRDA:46,7,1,6
BRDA:52,8,0,28
BRDA:52,8,1,1
BRDA:53,9,0,0
BRDA:53,9,1,24
BRDA:57,10,0,21
BRDA:57,10,1,8
BRF:17
BRH:16
end_of_record
TN:
SF:src/number/precision.ts
FN:12,getDecimalLength
FN:29,add
FN:49,subtract
FN:69,multiply
FN:90,divide
FNF:5
FNH:0
FNDA:0,getDecimalLength
FNDA:0,add
FNDA:0,subtract
FNDA:0,multiply
FNDA:0,divide
DA:12,1
DA:13,0
DA:14,0
DA:15,0
DA:29,1
DA:30,0
DA:31,0
DA:32,0
DA:33,0
DA:35,0
DA:49,1
DA:50,0
DA:51,0
DA:52,0
DA:53,0
DA:55,0
DA:69,1
DA:70,0
DA:71,0
DA:72,0
DA:74,0
DA:90,1
DA:91,0
DA:92,0
DA:95,0
DA:96,0
LF:26
LH:5
BRDA:15,0,0,0
BRDA:15,0,1,0
BRDA:90,1,0,0
BRDA:91,2,0,0
BRF:4
BRH:0
end_of_record
TN:
SF:src/number/randomInt.ts
FN:12,randomInt
FN:28,randomDigits
FN:47,randomUUID
FN:54,(anonymous_3)
FNF:4
FNH:4
FNDA:8,randomInt
FNDA:4,randomDigits
FNDA:3,randomUUID
FNDA:93,(anonymous_3)
DA:12,2
DA:13,8
DA:14,8
DA:15,8
DA:28,2
DA:29,4
DA:31,2
DA:32,2
DA:33,5
DA:36,2
DA:47,2
DA:49,3
DA:50,0
DA:54,3
DA:55,93
DA:56,93
DA:57,93
LF:17
LH:16
BRDA:29,0,0,2
BRDA:49,1,0,0
BRDA:49,2,0,3
BRDA:49,2,1,3
BRDA:56,3,0,90
BRDA:56,3,1,3
BRF:6
BRH:5
end_of_record
TN:
SF:src/number/round.ts
FN:13,round
FN:32,ceil
FN:51,floor
FN:70,trunc
FNF:4
FNH:4
FNDA:9,round
FNDA:9,ceil
FNDA:9,floor
FNDA:9,trunc
DA:13,2
DA:14,9
DA:16,7
DA:17,7
DA:32,2
DA:33,9
DA:35,7
DA:36,7
DA:51,2
DA:52,9
DA:54,7
DA:55,7
DA:70,2
DA:71,9
DA:73,7
DA:74,7
LF:16
LH:16
BRDA:13,0,0,3
BRDA:14,1,0,2
BRDA:32,2,0,3
BRDA:33,3,0,2
BRDA:51,4,0,3
BRDA:52,5,0,2
BRDA:70,6,0,3
BRDA:71,7,0,2
BRF:8
BRH:8
end_of_record
TN:
SF:src/number/sum.ts
FN:28,sum
FN:37,(anonymous_1)
FN:42,(anonymous_2)
FN:50,(anonymous_3)
FNF:4
FNH:4
FNDA:32,sum
FNDA:92,(anonymous_1)
FNDA:92,(anonymous_2)
FNDA:64,(anonymous_3)
DA:28,2
DA:33,32
DA:36,32
DA:39,92
DA:40,92
DA:42,92
DA:45,32
DA:46,8
DA:50,64
DA:53,24
DA:54,5
DA:55,5
DA:58,19
LF:13
LH:13
BRDA:30,0,0,24
BRDA:33,1,0,29
BRDA:40,2,0,22
BRDA:40,2,1,70
BRDA:42,3,0,80
BRDA:42,3,1,12
BRDA:45,4,0,8
BRDA:45,5,0,32
BRDA:45,5,1,27
BRDA:46,6,0,5
BRDA:46,6,1,3
BRDA:53,7,0,5
BRDA:53,8,0,24
BRDA:53,8,1,5
BRF:14
BRH:14
end_of_record
TN:
SF:src/number/toCurrency.ts
FN:13,toCurrency
FN:57,toChineseCurrency
FNF:2
FNH:2
FNDA:10,toCurrency
FNDA:9,toChineseCurrency
DA:13,2
DA:29,10
DA:31,10
DA:38,10
DA:39,2
DA:40,2
DA:43,10
DA:57,2
DA:59,9
DA:60,3
DA:64,6
DA:67,6
DA:68,6
DA:71,6
DA:74,6
DA:75,6
DA:76,6
DA:79,6
DA:82,6
DA:83,1
DA:85,5
DA:86,5
DA:89,5
DA:90,8
DA:91,8
DA:92,2
DA:95,6
DA:96,6
DA:97,6
DA:99,6
DA:100,24
DA:101,24
DA:103,24
DA:105,14
DA:106,5
DA:107,5
DA:110,10
DA:111,10
DA:116,6
DA:121,6
DA:124,6
DA:125,4
DA:127,2
DA:128,3
DA:129,3
DA:130,3
DA:131,0
DA:133,0
DA:138,6
LF:49
LH:47
BRDA:15,0,0,1
BRDA:24,1,0,5
BRDA:25,2,0,8
BRDA:27,3,0,9
BRDA:28,4,0,9
BRDA:38,5,0,2
BRDA:59,6,0,3
BRDA:59,7,0,9
BRDA:59,7,1,8
BRDA:59,7,2,7
BRDA:76,8,0,2
BRDA:76,8,1,4
BRDA:82,9,0,1
BRDA:82,9,1,5
BRDA:91,10,0,2
BRDA:103,11,0,14
BRDA:103,11,1,10
BRDA:105,12,0,5
BRDA:116,13,0,6
BRDA:116,13,1,0
BRDA:124,14,0,4
BRDA:124,14,1,2
BRDA:124,15,0,6
BRDA:124,15,1,2
BRDA:127,16,0,5
BRDA:127,16,1,3
BRDA:129,17,0,3
BRDA:129,17,1,0
BRDA:131,18,0,0
BRDA:131,19,0,0
BRDA:131,19,1,0
BRDA:131,19,2,0
BRF:32
BRH:26
end_of_record
TN:
SF:src/number/toFixed.ts
FN:24,toFixed
FNF:1
FNH:1
FNDA:23,toFixed
DA:24,2
DA:29,23
DA:30,1
DA:34,22
DA:35,22
DA:37,22
DA:39,19
DA:40,19
DA:43,19
DA:46,19
DA:48,10
DA:49,5
DA:53,9
DA:54,9
DA:56,9
DA:58,0
DA:59,9
DA:61,0
DA:65,19
DA:68,3
DA:69,3
DA:71,3
DA:73,0
DA:74,0
DA:76,0
DA:80,3
DA:81,3
DA:83,3
DA:84,1
DA:87,2
DA:88,0
DA:91,2
LF:32
LH:26
BRDA:26,0,0,0
BRDA:27,1,0,20
BRDA:29,2,0,1
BRDA:29,3,0,23
BRDA:29,3,1,23
BRDA:34,4,0,3
BRDA:34,4,1,19
BRDA:37,5,0,19
BRDA:37,5,1,3
BRDA:46,6,0,10
BRDA:46,6,1,9
BRDA:48,7,0,5
BRDA:56,8,0,0
BRDA:56,8,1,9
BRDA:59,9,0,0
BRDA:71,10,0,0
BRDA:73,11,0,0
BRDA:83,12,0,1
BRDA:87,13,0,0
BRF:19
BRH:13
end_of_record
TN:
SF:src/object/deepClone.ts
FN:30,deepClone
FN:52,(anonymous_1)
FN:76,(anonymous_2)
FNF:3
FNH:3
FNDA:22,deepClone
FNDA:2,(anonymous_1)
FNDA:2,(anonymous_2)
DA:30,1
DA:32,22
DA:33,5
DA:37,17
DA:38,1
DA:42,16
DA:43,1
DA:47,15
DA:48,1
DA:49,1
DA:50,1
DA:52,1
DA:54,2
DA:55,1
DA:56,0
DA:58,1
DA:59,1
DA:60,1
DA:63,1
DA:67,1
DA:71,14
DA:72,1
DA:73,1
DA:74,1
DA:76,1
DA:78,2
DA:79,1
DA:80,0
DA:82,1
DA:83,1
DA:84,1
DA:87,1
DA:91,1
DA:95,13
DA:98,13
DA:99,13
DA:102,13
DA:103,24
DA:104,24
DA:107,24
DA:109,7
DA:110,1
DA:112,6
DA:113,6
DA:117,17
DA:122,13
LF:46
LH:44
BRDA:32,0,0,5
BRDA:32,1,0,22
BRDA:32,1,1,21
BRDA:37,2,0,1
BRDA:42,3,0,1
BRDA:47,4,0,1
BRDA:54,5,0,1
BRDA:54,5,1,1
BRDA:54,6,0,2
BRDA:54,6,1,1
BRDA:55,7,0,0
BRDA:55,7,1,1
BRDA:71,8,0,1
BRDA:78,9,0,1
BRDA:78,9,1,1
BRDA:78,10,0,2
BRDA:78,10,1,1
BRDA:79,11,0,0
BRDA:79,11,1,1
BRDA:95,12,0,4
BRDA:95,12,1,9
BRDA:103,13,0,24
BRDA:107,14,0,7
BRDA:107,14,1,17
BRDA:107,15,0,24
BRDA:107,15,1,7
BRDA:109,16,0,1
BRDA:109,16,1,6
BRF:28
BRH:26
end_of_record
TN:
SF:src/object/deepMerge.ts
FN:50,deepMerge
FNF:1
FNH:0
FNDA:0,deepMerge
DA:50,0
DA:54,0
DA:55,0
DA:58,0
DA:59,0
DA:60,0
DA:61,0
DA:65,0
DA:66,0
DA:70,0
DA:71,0
DA:72,0
DA:76,0
DA:79,0
DA:81,0
DA:82,0
DA:86,0
DA:87,0
DA:88,0
DA:91,0
DA:92,0
DA:93,0
DA:94,0
DA:95,0
DA:100,0
DA:101,0
DA:103,0
DA:106,0
DA:109,0
DA:110,0
DA:113,0
DA:114,0
DA:115,0
DA:116,0
DA:120,0
DA:123,0
DA:126,0
DA:127,0
DA:131,0
DA:132,0
DA:137,0
DA:145,0
DA:148,0
DA:156,0
LF:44
LH:0
BRDA:59,0,0,0
BRDA:59,1,0,0
BRDA:59,1,1,0
BRDA:59,1,2,0
BRDA:59,1,3,0
BRDA:65,2,0,0
BRDA:70,3,0,0
BRDA:81,4,0,0
BRDA:81,5,0,0
BRDA:81,5,1,0
BRDA:87,6,0,0
BRDA:91,7,0,0
BRDA:93,8,0,0
BRDA:100,9,0,0
BRDA:100,9,1,0
BRDA:101,10,0,0
BRDA:101,10,1,0
BRDA:101,11,0,0
BRDA:101,11,1,0
BRDA:106,12,0,0
BRDA:106,12,1,0
BRDA:106,12,2,0
BRDA:106,12,3,0
BRDA:116,13,0,0
BRDA:116,13,1,0
BRDA:116,14,0,0
BRDA:116,14,1,0
BRDA:116,14,2,0
BRDA:116,14,3,0
BRDA:116,14,4,0
BRDA:137,15,0,0
BRDA:137,15,1,0
BRDA:138,16,0,0
BRDA:138,16,1,0
BRDA:138,16,2,0
BRDA:138,16,3,0
BRDA:138,16,4,0
BRDA:148,17,0,0
BRDA:148,17,1,0
BRDA:148,18,0,0
BRDA:148,18,1,0
BRF:41
BRH:0
end_of_record
TN:
SF:src/object/getValueByPath.ts
FN:25,get
FN:55,parsePath
FNF:2
FNH:2
FNDA:30,get
FNDA:17,parsePath
DA:25,1
DA:31,30
DA:32,4
DA:35,26
DA:36,26
DA:38,26
DA:39,54
DA:40,4
DA:43,50
DA:46,22
DA:57,17
DA:58,1
DA:63,16
DA:64,16
DA:66,16
DA:67,34
DA:69,34
DA:70,34
DA:71,12
DA:73,22
DA:78,16
LF:21
LH:21
BRDA:31,0,0,4
BRDA:36,1,0,9
BRDA:36,1,1,17
BRDA:39,2,0,4
BRDA:46,3,0,2
BRDA:46,3,1,20
BRDA:57,4,0,1
BRDA:67,5,0,34
BRDA:70,6,0,12
BRDA:70,6,1,22
BRDA:70,7,0,34
BRDA:70,7,1,12
BRF:12
BRH:12
end_of_record
TN:
SF:src/object/index.ts
FNF:0
FNH:0
DA:6,0
DA:7,0
DA:8,0
DA:9,0
DA:10,0
DA:11,0
DA:12,0
LF:7
LH:0
BRF:0
BRH:0
end_of_record
TN:
SF:src/object/isEqual.ts
FN:48,isEqual
FN:95,(anonymous_1)
FN:96,(anonymous_2)
FNF:3
FNH:1
FNDA:80,isEqual
FNDA:0,(anonymous_1)
FNDA:0,(anonymous_2)
DA:48,1
DA:50,80
DA:51,27
DA:55,53
DA:56,4
DA:60,49
DA:61,1
DA:65,48
DA:66,3
DA:70,45
DA:71,2
DA:75,43
DA:76,4
DA:80,39
DA:81,2
DA:85,37
DA:86,0
DA:87,0
DA:91,0
DA:92,0
DA:95,0
DA:96,0
DA:101,37
DA:102,0
DA:103,0
DA:107,0
DA:109,0
DA:110,0
DA:114,0
DA:115,0
DA:119,0
DA:123,37
DA:124,11
DA:125,1
DA:128,10
DA:129,20
DA:130,4
DA:134,6
DA:138,26
DA:139,17
DA:140,17
DA:142,17
DA:143,1
DA:147,16
DA:148,17
DA:149,1
DA:154,15
DA:155,16
DA:156,5
DA:160,10
DA:164,9
LF:51
LH:37
BRDA:50,0,0,27
BRDA:55,1,0,4
BRDA:55,2,0,53
BRDA:55,2,1,49
BRDA:60,3,0,1
BRDA:60,4,0,49
BRDA:60,4,1,2
BRDA:65,5,0,3
BRDA:70,6,0,2
BRDA:70,7,0,45
BRDA:70,7,1,2
BRDA:75,8,0,4
BRDA:75,9,0,43
BRDA:75,9,1,4
BRDA:80,10,0,2
BRDA:80,11,0,39
BRDA:80,11,1,2
BRDA:85,12,0,0
BRDA:85,13,0,37
BRDA:85,13,1,0
BRDA:86,14,0,0
BRDA:101,15,0,0
BRDA:101,16,0,37
BRDA:101,16,1,0
BRDA:102,17,0,0
BRDA:109,18,0,0
BRDA:114,19,0,0
BRDA:123,20,0,11
BRDA:123,21,0,37
BRDA:123,21,1,12
BRDA:124,22,0,1
BRDA:129,23,0,4
BRDA:138,24,0,17
BRDA:138,25,0,26
BRDA:138,25,1,17
BRDA:142,26,0,1
BRDA:148,27,0,1
BRDA:155,28,0,5
BRF:38
BRH:30
end_of_record
TN:
SF:src/object/omit.ts
FN:24,omit
FNF:1
FNH:0
FNDA:0,omit
DA:24,0
DA:28,0
DA:29,0
DA:32,0
DA:34,0
DA:35,0
DA:36,0
DA:40,0
LF:8
LH:0
BRDA:28,0,0,0
BRDA:28,1,0,0
BRDA:28,1,1,0
BRDA:35,2,0,0
BRF:4
BRH:0
end_of_record
TN:
SF:src/object/pick.ts
FN:20,pick
FN:28,(anonymous_1)
FNF:2
FNH:0
FNDA:0,pick
FNDA:0,(anonymous_1)
DA:20,0
DA:24,0
DA:25,0
DA:28,0
DA:29,0
DA:30,0
DA:32,0
LF:7
LH:0
BRDA:24,0,0,0
BRDA:24,1,0,0
BRDA:24,1,1,0
BRDA:29,2,0,0
BRF:4
BRH:0
end_of_record
TN:
SF:src/object/setValueByPath.ts
FN:28,set
FN:71,parsePath
FNF:2
FNH:2
FNDA:20,set
FNDA:12,parsePath
DA:28,1
DA:33,20
DA:34,4
DA:37,16
DA:39,16
DA:40,2
DA:43,14
DA:44,14
DA:47,14
DA:48,24
DA:51,24
DA:53,8
DA:56,24
DA:60,14
DA:62,14
DA:73,12
DA:74,1
DA:79,11
DA:80,11
DA:82,11
DA:83,29
DA:85,29
DA:86,29
DA:87,8
DA:89,21
DA:94,11
LF:26
LH:26
BRDA:33,0,0,4
BRDA:33,1,0,20
BRDA:33,1,1,18
BRDA:37,2,0,4
BRDA:37,2,1,12
BRDA:39,3,0,2
BRDA:51,4,0,8
BRDA:53,5,0,3
BRDA:53,5,1,5
BRDA:73,6,0,1
BRDA:83,7,0,29
BRDA:86,8,0,8
BRDA:86,8,1,21
BRDA:86,9,0,29
BRDA:86,9,1,8
BRF:15
BRH:15
end_of_record
TN:
SF:src/promise/index.ts
FN:12,(anonymous_7)
FN:13,(anonymous_8)
FN:25,(anonymous_9)
FN:26,(anonymous_10)
FN:27,(anonymous_11)
FN:43,(anonymous_12)
FN:48,(anonymous_13)
FN:49,(anonymous_14)
FN:49,(anonymous_15)
FN:55,(anonymous_16)
FN:75,(anonymous_17)
FN:83,(anonymous_18)
FN:84,(anonymous_19)
FN:84,(anonymous_20)
FN:113,(anonymous_21)
FN:118,(anonymous_22)
FN:120,(anonymous_23)
FN:135,(anonymous_24)
FN:140,(anonymous_25)
FN:160,(anonymous_26)
FN:164,(anonymous_27)
FN:165,(anonymous_28)
FN:179,(anonymous_29)
FN:182,(anonymous_30)
FN:193,(anonymous_31)
FN:198,(anonymous_32)
FN:217,(anonymous_33)
FN:220,(anonymous_34)
FN:222,(anonymous_35)
FN:222,(anonymous_36)
FNF:30
FNH:0
FNDA:0,(anonymous_7)
FNDA:0,(anonymous_8)
FNDA:0,(anonymous_9)
FNDA:0,(anonymous_10)
FNDA:0,(anonymous_11)
FNDA:0,(anonymous_12)
FNDA:0,(anonymous_13)
FNDA:0,(anonymous_14)
FNDA:0,(anonymous_15)
FNDA:0,(anonymous_16)
FNDA:0,(anonymous_17)
FNDA:0,(anonymous_18)
FNDA:0,(anonymous_19)
FNDA:0,(anonymous_20)
FNDA:0,(anonymous_21)
FNDA:0,(anonymous_22)
FNDA:0,(anonymous_23)
FNDA:0,(anonymous_24)
FNDA:0,(anonymous_25)
FNDA:0,(anonymous_26)
FNDA:0,(anonymous_27)
FNDA:0,(anonymous_28)
FNDA:0,(anonymous_29)
FNDA:0,(anonymous_30)
FNDA:0,(anonymous_31)
FNDA:0,(anonymous_32)
FNDA:0,(anonymous_33)
FNDA:0,(anonymous_34)
FNDA:0,(anonymous_35)
FNDA:0,(anonymous_36)
DA:12,0
DA:13,0
DA:25,0
DA:26,0
DA:27,0
DA:29,0
DA:43,0
DA:48,0
DA:49,0
DA:50,0
DA:51,0
DA:52,0
DA:54,0
DA:55,0
DA:58,0
DA:75,0
DA:79,0
DA:80,0
DA:81,0
DA:83,0
DA:84,0
DA:85,0
DA:86,0
DA:87,0
DA:88,0
DA:89,0
DA:90,0
DA:92,0
DA:96,0
DA:97,0
DA:113,0
DA:118,0
DA:119,0
DA:120,0
DA:135,0
DA:139,0
DA:140,0
DA:141,0
DA:142,0
DA:143,0
DA:144,0
DA:160,0
DA:163,0
DA:164,0
DA:165,0
DA:179,0
DA:182,0
DA:193,0
DA:198,0
DA:199,0
DA:201,0
DA:217,0
DA:220,0
DA:221,0
DA:222,0
DA:223,0
LF:56
LH:0
BRDA:54,0,0,0
BRDA:54,0,1,0
BRDA:89,1,0,0
BRDA:89,1,1,0
BRDA:90,2,0,0
BRDA:142,3,0,0
BRF:6
BRH:0
end_of_record
TN:
SF:src/storage/cookie.ts
FN:46,setCookie
FN:95,getCookie
FN:125,deleteCookie
FN:147,hasCookie
FN:161,getAllCookies
FNF:5
FNH:0
FNDA:0,setCookie
FNDA:0,getCookie
FNDA:0,deleteCookie
FNDA:0,hasCookie
FNDA:0,getAllCookies
DA:46,0
DA:48,0
DA:51,0
DA:52,0
DA:53,0
DA:54,0
DA:58,0
DA:59,0
DA:63,0
DA:64,0
DA:68,0
DA:69,0
DA:73,0
DA:74,0
DA:78,0
DA:95,0
DA:96,0
DA:97,0
DA:99,0
DA:101,0
DA:102,0
DA:103,0
DA:104,0
DA:108,0
DA:125,0
DA:127,0
DA:147,0
DA:148,0
DA:161,0
DA:162,0
DA:163,0
DA:165,0
DA:166,0
DA:169,0
DA:171,0
DA:172,0
DA:173,0
DA:175,0
DA:176,0
DA:177,0
DA:178,0
DA:182,0
LF:42
LH:0
BRDA:46,0,0,0
BRDA:51,1,0,0
BRDA:58,2,0,0
BRDA:63,3,0,0
BRDA:68,4,0,0
BRDA:73,5,0,0
BRDA:103,6,0,0
BRDA:125,7,0,0
BRDA:165,8,0,0
BRDA:175,9,0,0
BRF:10
BRH:0
end_of_record
TN:
SF:src/storage/index.ts
FNF:0
FNH:0
DA:7,0
DA:8,0
DA:9,0
LF:3
LH:0
BRF:0
BRH:0
end_of_record
TN:
SF:src/storage/localStorage.ts
FN:12,isLocalStorageSupported
FN:30,getLocalStorage
FN:44,setLocalStorage
FN:56,removeLocalStorage
FN:66,clearLocalStorage
FN:78,getAllLocalStorage
FN:90,getLocalStorageLength
FN:102,getAllLocalStorageKeys
FN:119,getAllLocalStorageValues
FNF:9
FNH:0
FNDA:0,isLocalStorageSupported
FNDA:0,getLocalStorage
FNDA:0,setLocalStorage
FNDA:0,removeLocalStorage
FNDA:0,clearLocalStorage
FNDA:0,getAllLocalStorage
FNDA:0,getLocalStorageLength
FNDA:0,getAllLocalStorageKeys
FNDA:0,getAllLocalStorageValues
DA:12,0
DA:13,0
DA:14,0
DA:15,0
DA:16,0
DA:17,0
DA:18,0
DA:20,0
DA:30,0
DA:31,0
DA:32,0
DA:34,0
DA:35,0
DA:44,0
DA:45,0
DA:46,0
DA:48,0
DA:56,0
DA:57,0
DA:58,0
DA:60,0
DA:66,0
DA:67,0
DA:68,0
DA:70,0
DA:78,0
DA:79,0
DA:80,0
DA:82,0
DA:90,0
DA:91,0
DA:92,0
DA:94,0
DA:102,0
DA:103,0
DA:104,0
DA:106,0
DA:119,0
DA:120,0
DA:121,0
DA:123,0
LF:41
LH:0
BRDA:31,0,0,0
BRDA:35,1,0,0
BRDA:35,1,1,0
BRDA:45,2,0,0
BRDA:57,3,0,0
BRDA:67,4,0,0
BRDA:79,5,0,0
BRDA:91,6,0,0
BRDA:103,7,0,0
BRDA:120,8,0,0
BRF:10
BRH:0
end_of_record
TN:
SF:src/storage/sessionStorage.ts
FN:19,isSessionStorageSupported
FN:46,getSessionStorage
FN:79,setSessionStorage
FN:104,removeSessionStorage
FN:128,clearSessionStorage
FNF:5
FNH:0
FNDA:0,isSessionStorageSupported
FNDA:0,getSessionStorage
FNDA:0,setSessionStorage
FNDA:0,removeSessionStorage
FNDA:0,clearSessionStorage
DA:19,0
DA:20,0
DA:21,0
DA:22,0
DA:23,0
DA:24,0
DA:25,0
DA:27,0
DA:46,0
DA:47,0
DA:48,0
DA:51,0
DA:52,0
DA:53,0
DA:54,0
DA:57,0
DA:59,0
DA:60,0
DA:79,0
DA:80,0
DA:81,0
DA:84,0
DA:85,0
DA:86,0
DA:88,0
DA:89,0
DA:104,0
DA:105,0
DA:106,0
DA:109,0
DA:110,0
DA:111,0
DA:113,0
DA:114,0
DA:128,0
DA:129,0
DA:130,0
DA:133,0
DA:134,0
DA:135,0
DA:137,0
DA:138,0
LF:42
LH:0
BRDA:47,0,0,0
BRDA:53,1,0,0
BRDA:80,2,0,0
BRDA:105,3,0,0
BRDA:129,4,0,0
BRF:5
BRH:0
end_of_record
TN:
SF:src/string/camelize.ts
FN:12,camelize
FN:19,(anonymous_1)
FN:37,decamelize
FNF:3
FNH:0
FNDA:0,camelize
FNDA:0,(anonymous_1)
FNDA:0,decamelize
DA:12,0
DA:13,0
DA:16,0
DA:19,0
DA:22,0
DA:37,0
DA:38,0
DA:40,0
LF:8
LH:0
BRDA:13,0,0,0
BRDA:13,1,0,0
BRDA:13,1,1,0
BRDA:16,2,0,0
BRDA:16,2,1,0
BRDA:22,3,0,0
BRDA:22,3,1,0
BRDA:38,4,0,0
BRDA:38,5,0,0
BRDA:38,5,1,0
BRF:10
BRH:0
end_of_record
TN:
SF:src/string/capitalize.ts
FN:11,capitalize
FN:27,capitalizeWords
FN:32,(anonymous_2)
FNF:3
FNH:0
FNDA:0,capitalize
FNDA:0,capitalizeWords
FNDA:0,(anonymous_2)
DA:11,0
DA:12,0
DA:13,0
DA:27,0
DA:28,0
DA:30,0
DA:32,0
LF:7
LH:0
BRDA:12,0,0,0
BRDA:12,1,0,0
BRDA:12,1,1,0
BRDA:27,2,0,0
BRDA:28,3,0,0
BRDA:28,4,0,0
BRDA:28,4,1,0
BRF:7
BRH:0
end_of_record
TN:
SF:src/string/dasherize.ts
FN:19,dasherize
FNF:1
FNH:0
FNDA:0,dasherize
DA:19,0
DA:20,0
DA:21,0
DA:25,0
DA:28,0
LF:5
LH:0
BRDA:20,0,0,0
BRF:1
BRH:0
end_of_record
TN:
SF:src/string/escape.ts
FN:31,escape
FN:34,(anonymous_1)
FN:51,unescape
FN:54,(anonymous_3)
FNF:4
FNH:0
FNDA:0,escape
FNDA:0,(anonymous_1)
FNDA:0,unescape
FNDA:0,(anonymous_3)
DA:4,0
DA:17,0
DA:18,0
DA:19,0
DA:31,0
DA:32,0
DA:34,0
DA:40,0
DA:51,0
DA:52,0
DA:54,0
LF:11
LH:0
BRDA:32,0,0,0
BRDA:32,1,0,0
BRDA:32,1,1,0
BRDA:52,2,0,0
BRDA:52,3,0,0
BRDA:52,3,1,0
BRDA:54,4,0,0
BRDA:54,4,1,0
BRF:8
BRH:0
end_of_record
TN:
SF:src/string/format.ts
FN:21,format
FN:45,formatNamed
FN:46,(anonymous_2)
FN:58,formatIndexed
FN:59,(anonymous_4)
FN:74,formatPrintf
FN:77,(anonymous_6)
FNF:7
FNH:0
FNDA:0,format
FNDA:0,formatNamed
FNDA:0,(anonymous_2)
FNDA:0,formatIndexed
FNDA:0,(anonymous_4)
FNDA:0,formatPrintf
FNDA:0,(anonymous_6)
DA:21,0
DA:22,0
DA:23,0
DA:26,0
DA:27,0
DA:31,0
DA:32,0
DA:36,0
DA:46,0
DA:47,0
DA:48,0
DA:59,0
DA:60,0
DA:61,0
DA:62,0
DA:64,0
DA:75,0
DA:77,0
DA:78,0
DA:79,0
DA:82,0
DA:84,0
DA:86,0
DA:88,0
DA:90,0
DA:92,0
DA:93,0
DA:95,0
DA:98,0
LF:29
LH:0
BRDA:22,0,0,0
BRDA:22,1,0,0
BRDA:22,1,1,0
BRDA:23,2,0,0
BRDA:26,3,0,0
BRDA:26,4,0,0
BRDA:26,4,1,0
BRDA:26,4,2,0
BRDA:31,5,0,0
BRDA:48,6,0,0
BRDA:48,6,1,0
BRDA:61,7,0,0
BRDA:61,8,0,0
BRDA:61,8,1,0
BRDA:78,9,0,0
BRDA:84,10,0,0
BRDA:84,10,1,0
BRDA:84,10,2,0
BRDA:84,10,3,0
BRDA:84,10,4,0
BRF:20
BRH:0
end_of_record
TN:
SF:src/string/template.ts
FN:14,simpleTemplate
FN:18,(anonymous_1)
FN:42,template
FN:67,compileTemplate
FN:86,(anonymous_4)
FN:88,(anonymous_5)
FNF:6
FNH:0
FNDA:0,simpleTemplate
FNDA:0,(anonymous_1)
FNDA:0,template
FNDA:0,compileTemplate
FNDA:0,(anonymous_4)
FNDA:0,(anonymous_5)
DA:14,0
DA:15,0
DA:16,0
DA:18,0
DA:19,0
DA:42,0
DA:46,0
DA:47,0
DA:51,0
DA:54,0
DA:55,0
DA:59,0
DA:69,0
DA:77,0
DA:86,0
DA:87,0
DA:88,0
DA:91,0
DA:92,0
LF:19
LH:0
BRDA:15,0,0,0
BRDA:15,1,0,0
BRDA:15,1,1,0
BRDA:16,2,0,0
BRDA:16,3,0,0
BRDA:16,3,1,0
BRDA:19,4,0,0
BRDA:19,4,1,0
BRDA:46,5,0,0
BRDA:46,6,0,0
BRDA:46,6,1,0
BRDA:54,7,0,0
BRF:12
BRH:0
end_of_record
TN:
SF:src/string/trim.ts
FN:10,trim
FN:23,trimLeft
FN:36,trimRight
FNF:3
FNH:0
FNDA:0,trim
FNDA:0,trimLeft
FNDA:0,trimRight
DA:10,0
DA:11,0
DA:23,0
DA:24,0
DA:36,0
DA:37,0
LF:6
LH:0
BRDA:11,0,0,0
BRDA:11,0,1,0
BRDA:24,1,0,0
BRDA:24,1,1,0
BRDA:37,2,0,0
BRDA:37,2,1,0
BRF:6
BRH:0
end_of_record
TN:
SF:src/string/truncate.ts
FN:16,truncate
FN:49,isChinese
FNF:2
FNH:0
FNDA:0,truncate
FNDA:0,isChinese
DA:16,0
DA:22,0
DA:23,0
DA:25,0
DA:26,0
DA:28,0
DA:29,0
DA:31,0
DA:33,0
DA:34,0
DA:35,0
DA:37,0
DA:41,0
DA:51,0
DA:52,0
LF:15
LH:0
BRDA:19,0,0,0
BRDA:20,1,0,0
BRDA:22,2,0,0
BRDA:22,3,0,0
BRDA:22,3,1,0
BRDA:23,4,0,0
BRDA:31,5,0,0
BRDA:31,5,1,0
BRDA:31,6,0,0
BRDA:31,6,1,0
BRDA:33,7,0,0
BRDA:33,7,1,0
BRDA:52,8,0,0
BRDA:52,8,1,0
BRF:14
BRH:0
end_of_record
TN:
SF:src/string/unescape.ts
FN:21,unescape
FN:47,(anonymous_1)
FNF:2
FNH:0
FNDA:0,unescape
FNDA:0,(anonymous_1)
DA:21,0
DA:22,0
DA:23,0
DA:27,0
DA:46,0
DA:47,0
LF:6
LH:0
BRDA:22,0,0,0
BRF:1
BRH:0
end_of_record
TN:
SF:src/string/uuid.ts
FN:18,uuid
FN:23,(anonymous_1)
FN:25,(anonymous_2)
FN:28,(anonymous_3)
FN:94,randomId
FN:111,(anonymous_5)
FN:118,(anonymous_6)
FN:124,(anonymous_7)
FNF:8
FNH:0
FNDA:0,uuid
FNDA:0,(anonymous_1)
FNDA:0,(anonymous_2)
FNDA:0,(anonymous_3)
FNDA:0,randomId
FNDA:0,(anonymous_5)
FNDA:0,(anonymous_6)
FNDA:0,(anonymous_7)
DA:18,0
DA:22,0
DA:23,0
DA:24,0
DA:25,0
DA:28,0
DA:29,0
DA:30,0
DA:32,0
DA:37,0
DA:38,0
DA:41,0
DA:43,0
DA:46,0
DA:47,0
DA:94,0
DA:101,0
DA:103,0
DA:108,0
DA:110,0
DA:111,0
DA:112,0
DA:113,0
DA:115,0
DA:117,0
DA:118,0
DA:119,0
DA:120,0
DA:124,0
DA:128,0
DA:129,0
DA:132,0
DA:136,0
DA:137,0
DA:138,0
LF:35
LH:0
BRDA:22,0,0,0
BRDA:22,0,1,0
BRDA:22,1,0,0
BRDA:22,1,1,0
BRDA:24,2,0,0
BRDA:24,2,1,0
BRDA:24,3,0,0
BRDA:24,3,1,0
BRDA:24,3,2,0
BRDA:95,4,0,0
BRDA:96,5,0,0
BRDA:99,6,0,0
BRDA:100,7,0,0
BRDA:108,8,0,0
BRDA:108,8,1,0
BRDA:108,9,0,0
BRDA:108,9,1,0
BRDA:115,10,0,0
BRDA:115,10,1,0
BRDA:115,11,0,0
BRDA:115,11,1,0
BRDA:115,11,2,0
BRF:22
BRH:0
end_of_record
TN:
SF:src/symbol/index.ts
FN:12,(anonymous_20)
FN:22,(anonymous_21)
FN:32,(anonymous_22)
FN:42,(anonymous_23)
FN:53,(anonymous_24)
FN:64,(anonymous_25)
FN:74,(anonymous_26)
FN:75,(anonymous_27)
FN:85,(anonymous_28)
FN:86,(anonymous_29)
FN:86,(anonymous_30)
FN:96,createSymbolGenerator
FN:107,createSymbolAsyncGenerator
FN:118,(anonymous_34)
FN:119,(anonymous_35)
FN:128,(anonymous_36)
FN:129,(anonymous_37)
FN:138,(anonymous_38)
FN:139,(anonymous_39)
FN:151,(anonymous_40)
FN:152,(anonymous_41)
FNF:21
FNH:21
FNDA:1,(anonymous_20)
FNDA:1,(anonymous_21)
FNDA:3,(anonymous_22)
FNDA:2,(anonymous_23)
FNDA:6,(anonymous_24)
FNDA:2,(anonymous_25)
FNDA:1,(anonymous_26)
FNDA:1,(anonymous_27)
FNDA:1,(anonymous_28)
FNDA:1,(anonymous_29)
FNDA:1,(anonymous_30)
FNDA:1,createSymbolGenerator
FNDA:1,createSymbolAsyncGenerator
FNDA:1,(anonymous_34)
FNDA:2,(anonymous_35)
FNDA:1,(anonymous_36)
FNDA:2,(anonymous_37)
FNDA:1,(anonymous_38)
FNDA:2,(anonymous_39)
FNDA:1,(anonymous_40)
FNDA:2,(anonymous_41)
DA:12,1
DA:13,1
DA:22,1
DA:23,1
DA:32,1
DA:33,3
DA:42,1
DA:43,2
DA:53,1
DA:54,6
DA:64,1
DA:65,2
DA:74,1
DA:75,1
DA:85,1
DA:86,1
DA:96,1
DA:97,1
DA:107,1
DA:108,1
DA:118,1
DA:119,2
DA:128,1
DA:129,2
DA:138,1
DA:139,2
DA:151,1
DA:152,2
LF:28
LH:28
BRF:0
BRH:0
end_of_record
TN:
SF:src/type/index.ts
FN:26,(anonymous_0)
FN:75,(anonymous_1)
FN:94,(anonymous_2)
FN:105,(anonymous_3)
FN:117,(anonymous_4)
FN:128,(anonymous_5)
FN:143,(anonymous_6)
FN:154,(anonymous_7)
FN:165,(anonymous_8)
FN:176,(anonymous_9)
FN:188,(anonymous_10)
FN:201,(anonymous_11)
FN:214,(anonymous_12)
FN:226,(anonymous_13)
FN:238,(anonymous_14)
FN:250,(anonymous_15)
FN:263,(anonymous_16)
FN:279,(anonymous_17)
FN:290,(anonymous_18)
FN:300,(anonymous_19)
FN:310,(anonymous_20)
FN:320,(anonymous_21)
FN:330,(anonymous_22)
FN:341,(anonymous_23)
FN:354,(anonymous_24)
FN:371,(anonymous_25)
FNF:26
FNH:21
FNDA:30,(anonymous_0)
FNDA:16,(anonymous_1)
FNDA:5,(anonymous_2)
FNDA:5,(anonymous_3)
FNDA:6,(anonymous_4)
FNDA:0,(anonymous_5)
FNDA:0,(anonymous_6)
FNDA:0,(anonymous_7)
FNDA:0,(anonymous_8)
FNDA:0,(anonymous_9)
FNDA:5,(anonymous_10)
FNDA:5,(anonymous_11)
FNDA:6,(anonymous_12)
FNDA:7,(anonymous_13)
FNDA:4,(anonymous_14)
FNDA:5,(anonymous_15)
FNDA:6,(anonymous_16)
FNDA:5,(anonymous_17)
FNDA:5,(anonymous_18)
FNDA:4,(anonymous_19)
FNDA:4,(anonymous_20)
FNDA:4,(anonymous_21)
FNDA:4,(anonymous_22)
FNDA:4,(anonymous_23)
FNDA:6,(anonymous_24)
FNDA:4,(anonymous_25)
DA:26,1
DA:27,30
DA:28,2
DA:31,28
DA:32,3
DA:35,25
DA:36,2
DA:39,23
DA:41,23
DA:43,14
DA:44,14
DA:46,14
DA:47,14
DA:50,14
DA:51,12
DA:56,11
DA:75,1
DA:76,16
DA:78,16
DA:79,2
DA:82,14
DA:94,5
DA:105,5
DA:117,6
DA:128,1
DA:129,0
DA:143,1
DA:154,1
DA:165,1
DA:176,1
DA:188,1
DA:189,5
DA:201,1
DA:202,5
DA:214,1
DA:215,6
DA:226,1
DA:227,7
DA:238,4
DA:250,1
DA:251,5
DA:263,1
DA:264,6
DA:266,5
DA:267,5
DA:279,5
DA:290,5
DA:300,4
DA:310,4
DA:320,4
DA:330,1
DA:331,4
DA:341,1
DA:342,4
DA:354,1
DA:355,6
DA:371,1
DA:372,4
LF:58
LH:57
BRDA:27,0,0,2
BRDA:31,1,0,3
BRDA:35,2,0,2
BRDA:41,3,0,14
BRDA:46,4,0,14
BRDA:46,5,0,14
BRDA:46,5,1,14
BRDA:50,6,0,12
BRDA:78,7,0,2
BRDA:129,8,0,0
BRDA:129,8,1,0
BRDA:129,8,2,0
BRDA:129,8,3,0
BRDA:189,9,0,5
BRDA:189,9,1,2
BRDA:251,10,0,5
BRDA:251,10,1,4
BRDA:264,11,0,1
BRDA:264,12,0,6
BRDA:264,12,1,6
BRDA:267,13,0,5
BRDA:267,13,1,4
BRDA:355,14,0,6
BRDA:355,14,1,5
BRDA:372,15,0,4
BRDA:372,15,1,3
BRF:26
BRH:22
end_of_record
